[ 2016-11-17T08:18:19+08:00 ] ::1 /index.php/Home/StoreShopIndex/ProductArticle/id/61.html
INFO: [ app_init ] --START--
INFO: Run Behavior\BuildLiteBehavior [ RunTime:0.000000s ]
INFO: [ app_init ] --END-- [ RunTime:0.000000s ]

[ 2016-11-17T08:18:33+08:00 ] ::1 /index.php
INFO: [ app_init ] --START--
INFO: Run Behavior\BuildLiteBehavior [ RunTime:0.000000s ]
INFO: [ app_init ] --END-- [ RunTime:0.000000s ]

[ 2016-11-17T08:18:35+08:00 ] ::1 /index.php/Home/StoreIndex/index.html
INFO: [ app_init ] --START--
INFO: Run Behavior\BuildLiteBehavior [ RunTime:0.000000s ]
INFO: [ app_init ] --END-- [ RunTime:0.000000s ]

[ 2016-11-17T08:18:38+08:00 ] ::1 /index.php/Home/StoreShopIndex/ShopArticle/id/4.html
INFO: [ app_init ] --START--
INFO: Run Behavior\BuildLiteBehavior [ RunTime:0.000000s ]
INFO: [ app_init ] --END-- [ RunTime:0.000000s ]

[ 2016-11-17T08:20:16+08:00 ] 192.168.1.251 /index.php/Home/StoreShopIndex/ShopArticle/id/4.html
INFO: [ app_init ] --START--
INFO: Run Behavior\BuildLiteBehavior [ RunTime:0.000000s ]
INFO: [ app_init ] --END-- [ RunTime:0.001000s ]

[ 2016-11-17T08:20:22+08:00 ] 192.168.1.251 /index.php/Home/StoreShopIndex/ShopArticle/id/4.html
INFO: [ app_init ] --START--
INFO: Run Behavior\BuildLiteBehavior [ RunTime:0.000000s ]
INFO: [ app_init ] --END-- [ RunTime:0.000000s ]

[ 2016-11-17T08:20:38+08:00 ] 192.168.1.251 /index.php/Home/StoreShopIndex/ShopArticle/id/4.html
INFO: [ app_init ] --START--
INFO: Run Behavior\BuildLiteBehavior [ RunTime:0.000000s ]
INFO: [ app_init ] --END-- [ RunTime:0.001000s ]

[ 2016-11-17T08:21:24+08:00 ] 192.168.1.251 /index.php/Home/StoreShopIndex/ShopArticle/id/4.html
INFO: [ app_init ] --START--
INFO: Run Behavior\BuildLiteBehavior [ RunTime:0.000000s ]
INFO: [ app_init ] --END-- [ RunTime:0.001000s ]

[ 2016-11-17T08:21:46+08:00 ] 192.168.1.251 /index.php/Home/StoreShopIndex/ShopArticle/id/4.html
INFO: [ app_init ] --START--
INFO: Run Behavior\BuildLiteBehavior [ RunTime:0.000000s ]
INFO: [ app_init ] --END-- [ RunTime:0.001000s ]

[ 2016-11-17T08:22:26+08:00 ] ::1 /index.php/Home/StoreShopIndex/ShopArticle/id/4.html
INFO: [ app_init ] --START--
INFO: Run Behavior\BuildLiteBehavior [ RunTime:0.000000s ]
INFO: [ app_init ] --END-- [ RunTime:0.000000s ]

[ 2016-11-17T08:22:40+08:00 ] 192.168.1.251 /index.php/Home/StoreShopIndex/ShopArticle/id/4.html
INFO: [ app_init ] --START--
INFO: Run Behavior\BuildLiteBehavior [ RunTime:0.000000s ]
INFO: [ app_init ] --END-- [ RunTime:0.001000s ]

[ 2016-11-17T08:22:44+08:00 ] 192.168.1.251 /index.php/Home/StoreShopIndex/ShopArticle/id/4.html
INFO: [ app_init ] --START--
INFO: Run Behavior\BuildLiteBehavior [ RunTime:0.000000s ]
INFO: [ app_init ] --END-- [ RunTime:0.001000s ]

[ 2016-11-17T08:22:53+08:00 ] 192.168.1.251 /index.php/Home/StoreShopIndex/ProductArticle/id/61.html
INFO: [ app_init ] --START--
INFO: Run Behavior\BuildLiteBehavior [ RunTime:0.000000s ]
INFO: [ app_init ] --END-- [ RunTime:0.000000s ]

[ 2016-11-17T08:24:46+08:00 ] ::1 /
INFO: [ app_init ] --START--
INFO: Run Behavior\BuildLiteBehavior [ RunTime:0.000000s ]
INFO: [ app_init ] --END-- [ RunTime:0.000000s ]

[ 2016-11-17T08:25:00+08:00 ] ::1 /index.php/Home/StoreIndex/index.html
INFO: [ app_init ] --START--
INFO: Run Behavior\BuildLiteBehavior [ RunTime:0.000000s ]
INFO: [ app_init ] --END-- [ RunTime:0.000000s ]

[ 2016-11-17T08:25:06+08:00 ] ::1 /index.php/Home/StoreShopIndex/ShopArticle/id/4.html
INFO: [ app_init ] --START--
INFO: Run Behavior\BuildLiteBehavior [ RunTime:0.000000s ]
INFO: [ app_init ] --END-- [ RunTime:0.001000s ]

[ 2016-11-17T08:25:15+08:00 ] 127.0.0.1 /index.php/Home/StoreShopIndex/ShopArticle/id/4.html
INFO: [ app_init ] --START--
INFO: Run Behavior\BuildLiteBehavior [ RunTime:0.000000s ]
INFO: [ app_init ] --END-- [ RunTime:0.000000s ]

[ 2016-11-17T08:25:22+08:00 ] 127.0.0.1 /index.php/Home/StoreShopIndex/ShopArticle/id/4.html
INFO: [ app_init ] --START--
INFO: Run Behavior\BuildLiteBehavior [ RunTime:0.001000s ]
INFO: [ app_init ] --END-- [ RunTime:0.001000s ]

[ 2016-11-17T08:25:25+08:00 ] 127.0.0.1 /index.php/Home/StoreShopIndex/ShopArticle/id/4.html
INFO: [ app_init ] --START--
INFO: Run Behavior\BuildLiteBehavior [ RunTime:0.000000s ]
INFO: [ app_init ] --END-- [ RunTime:0.000000s ]

[ 2016-11-17T08:25:29+08:00 ] ::1 /index.php/Home/StoreShopIndex/ShopArticle/id/4.html
INFO: [ app_init ] --START--
INFO: Run Behavior\BuildLiteBehavior [ RunTime:0.000000s ]
INFO: [ app_init ] --END-- [ RunTime:0.000000s ]

[ 2016-11-17T08:25:32+08:00 ] 127.0.0.1 /index.php/Home/StoreShopIndex/ShopArticle/id/4.html
INFO: [ app_init ] --START--
INFO: Run Behavior\BuildLiteBehavior [ RunTime:0.000000s ]
INFO: [ app_init ] --END-- [ RunTime:0.001000s ]

[ 2016-11-17T08:25:39+08:00 ] ::1 /index.php/Home/StoreShopIndex/ShopArticle/id/4.html
INFO: [ app_init ] --START--
INFO: Run Behavior\BuildLiteBehavior [ RunTime:0.000000s ]
INFO: [ app_init ] --END-- [ RunTime:0.001000s ]

[ 2016-11-17T08:26:12+08:00 ] ::1 /index.php/Home/StoreShopIndex/ProductArticle/id/61.html
INFO: [ app_init ] --START--
INFO: Run Behavior\BuildLiteBehavior [ RunTime:0.000000s ]
INFO: [ app_init ] --END-- [ RunTime:0.000000s ]

[ 2016-11-17T08:26:35+08:00 ] ::1 /index.php/Home/StoreIndex/index.html
INFO: [ app_init ] --START--
INFO: Run Behavior\BuildLiteBehavior [ RunTime:0.000000s ]
INFO: [ app_init ] --END-- [ RunTime:0.000000s ]

[ 2016-11-17T08:26:39+08:00 ] ::1 /index.php/Home/StoreShopIndex/ShopArticle/id/4.html
INFO: [ app_init ] --START--
INFO: Run Behavior\BuildLiteBehavior [ RunTime:0.000000s ]
INFO: [ app_init ] --END-- [ RunTime:0.000000s ]

[ 2016-11-17T08:26:52+08:00 ] ::1 /index.php/Home/StoreIndex/index.html
INFO: [ app_init ] --START--
INFO: Run Behavior\BuildLiteBehavior [ RunTime:0.000000s ]
INFO: [ app_init ] --END-- [ RunTime:0.000000s ]

[ 2016-11-17T08:26:58+08:00 ] ::1 /index.php/Home/StoreShopIndex/ShopArticle/id/4.html
INFO: [ app_init ] --START--
INFO: Run Behavior\BuildLiteBehavior [ RunTime:0.000000s ]
INFO: [ app_init ] --END-- [ RunTime:0.000000s ]

[ 2016-11-17T08:29:25+08:00 ] ::1 /
INFO: [ app_init ] --START--
INFO: Run Behavior\BuildLiteBehavior [ RunTime:0.000000s ]
INFO: [ app_init ] --END-- [ RunTime:0.001001s ]

[ 2016-11-17T08:30:25+08:00 ] ::1 /
INFO: [ app_init ] --START--
INFO: Run Behavior\BuildLiteBehavior [ RunTime:0.000000s ]
INFO: [ app_init ] --END-- [ RunTime:0.001000s ]

[ 2016-11-17T08:30:34+08:00 ] ::1 /index.php/Home/StoreIndex/index.html
INFO: [ app_init ] --START--
INFO: Run Behavior\BuildLiteBehavior [ RunTime:0.000000s ]
INFO: [ app_init ] --END-- [ RunTime:0.000000s ]

[ 2016-11-17T08:30:37+08:00 ] ::1 /index.php/Home/StoreShopIndex/ShopArticle/id/4.html
INFO: [ app_init ] --START--
INFO: Run Behavior\BuildLiteBehavior [ RunTime:0.000000s ]
INFO: [ app_init ] --END-- [ RunTime:0.000000s ]

[ 2016-11-17T08:30:52+08:00 ] ::1 /index.php/Home/StoreShopIndex/ShopArticle/id/4.html
INFO: [ app_init ] --START--
INFO: Run Behavior\BuildLiteBehavior [ RunTime:0.000000s ]
INFO: [ app_init ] --END-- [ RunTime:0.000000s ]

[ 2016-11-17T08:30:55+08:00 ] ::1 /index.php/Home/StoreShopIndex/ShopArticle/id/4.html
INFO: [ app_init ] --START--
INFO: Run Behavior\BuildLiteBehavior [ RunTime:0.000000s ]
INFO: [ app_init ] --END-- [ RunTime:0.000000s ]

[ 2016-11-17T08:31:21+08:00 ] ::1 /
INFO: [ app_init ] --START--
INFO: Run Behavior\BuildLiteBehavior [ RunTime:0.000000s ]
INFO: [ app_init ] --END-- [ RunTime:0.000000s ]

[ 2016-11-17T08:31:29+08:00 ] ::1 /index.php/Home/StoreIndex/index.html
INFO: [ app_init ] --START--
INFO: Run Behavior\BuildLiteBehavior [ RunTime:0.000000s ]
INFO: [ app_init ] --END-- [ RunTime:0.000000s ]

[ 2016-11-17T08:31:31+08:00 ] ::1 /index.php/Home/StoreShopIndex/ShopArticle/id/3.html
INFO: [ app_init ] --START--
INFO: Run Behavior\BuildLiteBehavior [ RunTime:0.000000s ]
INFO: [ app_init ] --END-- [ RunTime:0.001000s ]

[ 2016-11-17T08:31:35+08:00 ] ::1 /index.php/Home/StoreShopIndex/ShopArticle/id/4.html
INFO: [ app_init ] --START--
INFO: Run Behavior\BuildLiteBehavior [ RunTime:0.000000s ]
INFO: [ app_init ] --END-- [ RunTime:0.001000s ]

[ 2016-11-17T08:38:58+08:00 ] 192.168.1.168 /
INFO: [ app_init ] --START--
INFO: Run Behavior\BuildLiteBehavior [ RunTime:0.000000s ]
INFO: [ app_init ] --END-- [ RunTime:0.000500s ]

[ 2016-11-17T08:39:00+08:00 ] 192.168.1.168 /index.php/Home/StoreIndex/index.html
INFO: [ app_init ] --START--
INFO: Run Behavior\BuildLiteBehavior [ RunTime:0.000000s ]
INFO: [ app_init ] --END-- [ RunTime:0.000500s ]

[ 2016-11-17T08:39:02+08:00 ] 192.168.1.168 /index.php/Home/StoreShopIndex/ShopArticle/id/4.html
INFO: [ app_init ] --START--
INFO: Run Behavior\BuildLiteBehavior [ RunTime:0.000000s ]
INFO: [ app_init ] --END-- [ RunTime:0.000000s ]

[ 2016-11-17T08:45:52+08:00 ] ::1 /index.php/Home/StoreShopIndex/ShopArticle/id/4.html
INFO: [ app_init ] --START--
INFO: Run Behavior\BuildLiteBehavior [ RunTime:0.000000s ]
INFO: [ app_init ] --END-- [ RunTime:0.000000s ]

[ 2016-11-17T08:47:14+08:00 ] 192.168.1.251 /
INFO: [ app_init ] --START--
INFO: Run Behavior\BuildLiteBehavior [ RunTime:0.000000s ]
INFO: [ app_init ] --END-- [ RunTime:0.001000s ]

[ 2016-11-17T08:47:29+08:00 ] 192.168.1.251 /index.php/Home/StoreIndex/index.html
INFO: [ app_init ] --START--
INFO: Run Behavior\BuildLiteBehavior [ RunTime:0.000000s ]
INFO: [ app_init ] --END-- [ RunTime:0.001000s ]

[ 2016-11-17T08:47:32+08:00 ] 192.168.1.251 /index.php/Home/StoreShopIndex/ShopArticle/id/4.html
INFO: [ app_init ] --START--
INFO: Run Behavior\BuildLiteBehavior [ RunTime:0.000000s ]
INFO: [ app_init ] --END-- [ RunTime:0.001000s ]

[ 2016-11-17T08:47:39+08:00 ] 192.168.1.251 /index.php/Home/StoreShopIndex/ShopArticle/id/4.html
INFO: [ app_init ] --START--
INFO: Run Behavior\BuildLiteBehavior [ RunTime:0.000000s ]
INFO: [ app_init ] --END-- [ RunTime:0.001000s ]

[ 2016-11-17T09:09:51+08:00 ] ::1 /index.php/Home/StoreShopIndex/ShopArticle/id/4.html
INFO: [ app_init ] --START--
INFO: Run Behavior\BuildLiteBehavior [ RunTime:0.000000s ]
INFO: [ app_init ] --END-- [ RunTime:0.000000s ]

[ 2016-11-17T09:09:51+08:00 ] ::1 /index.php/Home/StoreShopIndex/ShopArticle/id/4.html
INFO: [ app_init ] --START--
INFO: Run Behavior\BuildLiteBehavior [ RunTime:0.000000s ]
INFO: [ app_init ] --END-- [ RunTime:0.000000s ]

[ 2016-11-17T09:10:54+08:00 ] 127.0.0.1 /
INFO: [ app_init ] --START--
INFO: Run Behavior\BuildLiteBehavior [ RunTime:0.000000s ]
INFO: [ app_init ] --END-- [ RunTime:0.000000s ]

[ 2016-11-17T09:11:00+08:00 ] 127.0.0.1 /index.php/Home/StoreIndex/index.html
INFO: [ app_init ] --START--
INFO: Run Behavior\BuildLiteBehavior [ RunTime:0.000000s ]
INFO: [ app_init ] --END-- [ RunTime:0.000000s ]

[ 2016-11-17T09:13:14+08:00 ] ::1 /index.php/Home/StoreShopIndex/ProductArticle/id/61.html
INFO: [ app_init ] --START--
INFO: Run Behavior\BuildLiteBehavior [ RunTime:0.000000s ]
INFO: [ app_init ] --END-- [ RunTime:0.000000s ]

[ 2016-11-17T09:14:26+08:00 ] ::1 /index.php/Home/StoreShopIndex/ProductArticle/id/61.html
INFO: [ app_init ] --START--
INFO: Run Behavior\BuildLiteBehavior [ RunTime:0.000000s ]
INFO: [ app_init ] --END-- [ RunTime:0.001000s ]

[ 2016-11-17T09:16:04+08:00 ] ::1 /index.php/Home/StoreShopIndex/ProductArticle/id/61.html
INFO: [ app_init ] --START--
INFO: Run Behavior\BuildLiteBehavior [ RunTime:0.000000s ]
INFO: [ app_init ] --END-- [ RunTime:0.001000s ]

[ 2016-11-17T09:17:11+08:00 ] ::1 /index.php/Home/StoreShopIndex/ProductArticle/id/61.html
INFO: [ app_init ] --START--
INFO: Run Behavior\BuildLiteBehavior [ RunTime:0.000000s ]
INFO: [ app_init ] --END-- [ RunTime:0.001000s ]

[ 2016-11-17T09:29:19+08:00 ] ::1 /index.php/Home/StoreShopIndex/ProductArticle/id/61.html
INFO: [ app_init ] --START--
INFO: Run Behavior\BuildLiteBehavior [ RunTime:0.000000s ]
INFO: [ app_init ] --END-- [ RunTime:0.000000s ]

[ 2016-11-17T14:26:04+08:00 ] ::1 /
INFO: [ app_init ] --START--
INFO: Run Behavior\BuildLiteBehavior [ RunTime:0.000000s ]
INFO: [ app_init ] --END-- [ RunTime:0.000000s ]

[ 2016-11-17T14:26:06+08:00 ] 127.0.0.1 /index.php/Home/StoreIndex/index.html
INFO: [ app_init ] --START--
INFO: Run Behavior\BuildLiteBehavior [ RunTime:0.000000s ]
INFO: [ app_init ] --END-- [ RunTime:0.001000s ]

[ 2016-11-17T14:26:15+08:00 ] ::1 /index.php/Home/StoreShopIndex/ShopArticle/id/4.html
INFO: [ app_init ] --START--
INFO: Run Behavior\BuildLiteBehavior [ RunTime:0.000000s ]
INFO: [ app_init ] --END-- [ RunTime:0.000000s ]

[ 2016-11-17T14:26:17+08:00 ] ::1 /index.php/Home/StoreShopIndex/ProductArticle/id/61.html
INFO: [ app_init ] --START--
INFO: Run Behavior\BuildLiteBehavior [ RunTime:0.000000s ]
INFO: [ app_init ] --END-- [ RunTime:0.000000s ]

[ 2016-11-17T14:26:37+08:00 ] ::1 /index.php/Home/StoreShopIndex/ProductArticle/id/61.html
INFO: [ app_init ] --START--
INFO: Run Behavior\BuildLiteBehavior [ RunTime:0.000000s ]
INFO: [ app_init ] --END-- [ RunTime:0.001001s ]

[ 2016-11-17T14:26:40+08:00 ] ::1 /index.php/Home/StoreShopIndex/ProductArticle/id/61.html
INFO: [ app_init ] --START--
INFO: Run Behavior\BuildLiteBehavior [ RunTime:0.001000s ]
INFO: [ app_init ] --END-- [ RunTime:0.001000s ]

[ 2016-11-17T14:26:47+08:00 ] ::1 /index.php/Home/StoreShopIndex/ProductArticle/id/61.html
INFO: [ app_init ] --START--
INFO: Run Behavior\BuildLiteBehavior [ RunTime:0.000000s ]
INFO: [ app_init ] --END-- [ RunTime:0.001000s ]

[ 2016-11-17T14:26:49+08:00 ] ::1 /index.php/Home/StoreShopIndex/ProductArticle/id/61.html
INFO: [ app_init ] --START--
INFO: Run Behavior\BuildLiteBehavior [ RunTime:0.000000s ]
INFO: [ app_init ] --END-- [ RunTime:0.001000s ]

[ 2016-11-17T14:27:03+08:00 ] ::1 /index.php/Home/StoreShopIndex/ShopArticle/id/4.html
INFO: [ app_init ] --START--
INFO: Run Behavior\BuildLiteBehavior [ RunTime:0.000000s ]
INFO: [ app_init ] --END-- [ RunTime:0.000000s ]

[ 2016-11-17T14:27:21+08:00 ] ::1 /index.php/Home/StoreShopIndex/ProductArticle/id/58.html
INFO: [ app_init ] --START--
INFO: Run Behavior\BuildLiteBehavior [ RunTime:0.000000s ]
INFO: [ app_init ] --END-- [ RunTime:0.001000s ]

[ 2016-11-17T14:27:46+08:00 ] ::1 /index.php/Home/StoreShopIndex/ProductArticle/id/58.html
INFO: [ app_init ] --START--
INFO: Run Behavior\BuildLiteBehavior [ RunTime:0.000000s ]
INFO: [ app_init ] --END-- [ RunTime:0.001000s ]

[ 2016-11-17T14:27:58+08:00 ] ::1 /index.php/Home/StoreShopIndex/ProductArticle/id/58.html
INFO: [ app_init ] --START--
INFO: Run Behavior\BuildLiteBehavior [ RunTime:0.000000s ]
INFO: [ app_init ] --END-- [ RunTime:0.001000s ]

[ 2016-11-17T14:28:01+08:00 ] ::1 /index.php/Home/StoreShopIndex/ProductArticle/id/58.html
INFO: [ app_init ] --START--
INFO: Run Behavior\BuildLiteBehavior [ RunTime:0.000000s ]
INFO: [ app_init ] --END-- [ RunTime:0.001001s ]

[ 2016-11-17T14:28:21+08:00 ] ::1 /index.php/Home/StoreShopIndex/ShopArticle/id/4.html
INFO: [ app_init ] --START--
INFO: Run Behavior\BuildLiteBehavior [ RunTime:0.000000s ]
INFO: [ app_init ] --END-- [ RunTime:0.001000s ]

[ 2016-11-17T14:28:23+08:00 ] ::1 /index.php/Home/StoreShopIndex/ShopArticle/id/4.html
INFO: [ app_init ] --START--
INFO: Run Behavior\BuildLiteBehavior [ RunTime:0.000000s ]
INFO: [ app_init ] --END-- [ RunTime:0.000000s ]

[ 2016-11-17T14:28:43+08:00 ] ::1 /index.php/Home/StoreShopIndex/ShopArticle/id/4.html
INFO: [ app_init ] --START--
INFO: Run Behavior\BuildLiteBehavior [ RunTime:0.000000s ]
INFO: [ app_init ] --END-- [ RunTime:0.001000s ]

[ 2016-11-17T14:28:45+08:00 ] ::1 /index.php/Home/StoreShopIndex/ShopArticle/id/4.html
INFO: [ app_init ] --START--
INFO: Run Behavior\BuildLiteBehavior [ RunTime:0.000000s ]
INFO: [ app_init ] --END-- [ RunTime:0.000000s ]

[ 2016-11-17T14:39:12+08:00 ] ::1 /index.php/Home/StoreShopIndex/ProductArticle/id/61.html
INFO: [ app_init ] --START--
INFO: Run Behavior\BuildLiteBehavior [ RunTime:0.000000s ]
INFO: [ app_init ] --END-- [ RunTime:0.001000s ]

[ 2016-11-17T14:39:37+08:00 ] ::1 /index.php/Home/StoreShopIndex/ProductArticle/id/61.html
INFO: [ app_init ] --START--
INFO: Run Behavior\BuildLiteBehavior [ RunTime:0.000000s ]
INFO: [ app_init ] --END-- [ RunTime:0.001000s ]

[ 2016-11-17T14:39:40+08:00 ] ::1 /index.php/Home/StoreShopIndex/ProductArticle/id/61.html
INFO: [ app_init ] --START--
INFO: Run Behavior\BuildLiteBehavior [ RunTime:0.000000s ]
INFO: [ app_init ] --END-- [ RunTime:0.000000s ]

[ 2016-11-17T15:11:33+08:00 ] ::1 /index.php/Home/StoreShopIndex/ProductArticle/id/61.html
INFO: [ app_init ] --START--
INFO: Run Behavior\BuildLiteBehavior [ RunTime:0.000000s ]
INFO: [ app_init ] --END-- [ RunTime:0.001000s ]

[ 2016-11-17T15:33:35+08:00 ] ::1 /index.php/Home/StoreShopIndex/ProductArticle/id/61.html
INFO: [ app_init ] --START--
INFO: Run Behavior\BuildLiteBehavior [ RunTime:0.000000s ]
INFO: [ app_init ] --END-- [ RunTime:0.000000s ]

[ 2016-11-17T15:34:11+08:00 ] 192.168.1.251 /
INFO: [ app_init ] --START--
INFO: Run Behavior\BuildLiteBehavior [ RunTime:0.000000s ]
INFO: [ app_init ] --END-- [ RunTime:0.001000s ]

[ 2016-11-17T15:34:18+08:00 ] 192.168.1.251 /index.php/Home/StoreIndex/index.html
INFO: [ app_init ] --START--
INFO: Run Behavior\BuildLiteBehavior [ RunTime:0.000000s ]
INFO: [ app_init ] --END-- [ RunTime:0.001000s ]

[ 2016-11-17T15:34:23+08:00 ] 192.168.1.251 /index.php/Home/StoreShopIndex/ShopArticle/id/4.html
INFO: [ app_init ] --START--
INFO: Run Behavior\BuildLiteBehavior [ RunTime:0.000000s ]
INFO: [ app_init ] --END-- [ RunTime:0.001000s ]

[ 2016-11-17T15:34:31+08:00 ] 192.168.1.251 /index.php/Home/StoreShopIndex/ProductArticle/id/61.html
INFO: [ app_init ] --START--
INFO: Run Behavior\BuildLiteBehavior [ RunTime:0.000000s ]
INFO: [ app_init ] --END-- [ RunTime:0.001000s ]

[ 2016-11-17T15:34:41+08:00 ] 192.168.1.251 /index.php/Home/StoreShopIndex/ProductArticle/id/58.html
INFO: [ app_init ] --START--
INFO: Run Behavior\BuildLiteBehavior [ RunTime:0.001000s ]
INFO: [ app_init ] --END-- [ RunTime:0.001000s ]

[ 2016-11-17T15:34:49+08:00 ] 192.168.1.251 /index.php/Home/StoreShopIndex/ProductArticle/id/58.html
INFO: [ app_init ] --START--
INFO: Run Behavior\BuildLiteBehavior [ RunTime:0.000000s ]
INFO: [ app_init ] --END-- [ RunTime:0.001000s ]

[ 2016-11-17T15:34:56+08:00 ] 192.168.1.251 /index.php/Home/StoreShopIndex/ProductArticle/id/61.html
INFO: [ app_init ] --START--
INFO: Run Behavior\BuildLiteBehavior [ RunTime:0.000000s ]
INFO: [ app_init ] --END-- [ RunTime:0.001000s ]

[ 2016-11-17T15:35:52+08:00 ] 192.168.1.251 /index.php/Home/StoreShopIndex/ProductArticle/id/61.html
INFO: [ app_init ] --START--
INFO: Run Behavior\BuildLiteBehavior [ RunTime:0.000000s ]
INFO: [ app_init ] --END-- [ RunTime:0.001000s ]

[ 2016-11-17T15:36:19+08:00 ] 192.168.1.251 /index.php/Home/StoreShopIndex/ProductArticle/id/61.html
INFO: [ app_init ] --START--
INFO: Run Behavior\BuildLiteBehavior [ RunTime:0.001000s ]
INFO: [ app_init ] --END-- [ RunTime:0.001000s ]

[ 2016-11-17T15:37:03+08:00 ] ::1 /index.php/Home/StoreShopIndex/ProductArticle/id/61.html
INFO: [ app_init ] --START--
INFO: Run Behavior\BuildLiteBehavior [ RunTime:0.000000s ]
INFO: [ app_init ] --END-- [ RunTime:0.001001s ]

[ 2016-11-17T15:39:45+08:00 ] ::1 /index.php/Home/StoreShopIndex/ProductArticle/id/61.html
INFO: [ app_init ] --START--
INFO: Run Behavior\BuildLiteBehavior [ RunTime:0.000000s ]
INFO: [ app_init ] --END-- [ RunTime:0.000000s ]

[ 2016-11-17T15:39:46+08:00 ] ::1 /index.php/Home/StoreShopIndex/ProductArticle/id/61.html
INFO: [ app_init ] --START--
INFO: Run Behavior\BuildLiteBehavior [ RunTime:0.000000s ]
INFO: [ app_init ] --END-- [ RunTime:0.000000s ]

[ 2016-11-17T15:40:12+08:00 ] ::1 /index.php/Home/StoreShopIndex/ProductArticle/id/58.html
INFO: [ app_init ] --START--
INFO: Run Behavior\BuildLiteBehavior [ RunTime:0.000000s ]
INFO: [ app_init ] --END-- [ RunTime:0.001000s ]

[ 2016-11-17T15:40:16+08:00 ] ::1 /index.php/Home/StoreShopIndex/ProductArticle/id/61.html
INFO: [ app_init ] --START--
INFO: Run Behavior\BuildLiteBehavior [ RunTime:0.000000s ]
INFO: [ app_init ] --END-- [ RunTime:0.001000s ]

[ 2016-11-17T15:40:19+08:00 ] ::1 /index.php/Home/StoreShopIndex/ProductArticle/id/58.html
INFO: [ app_init ] --START--
INFO: Run Behavior\BuildLiteBehavior [ RunTime:0.000000s ]
INFO: [ app_init ] --END-- [ RunTime:0.000000s ]

[ 2016-11-17T16:09:58+08:00 ] ::1 /index.php/Home/StoreShopIndex/ShopArticle/id/4.html
INFO: [ app_init ] --START--
INFO: Run Behavior\BuildLiteBehavior [ RunTime:0.000000s ]
INFO: [ app_init ] --END-- [ RunTime:0.001000s ]

[ 2016-11-17T16:10:30+08:00 ] ::1 /index.php/Home/StoreShopIndex/ProductArticle/id/58.html
INFO: [ app_init ] --START--
INFO: Run Behavior\BuildLiteBehavior [ RunTime:0.000000s ]
INFO: [ app_init ] --END-- [ RunTime:0.001000s ]

[ 2016-11-17T16:11:23+08:00 ] ::1 /index.php/Home/StoreShopIndex/ShopArticle/id/4.html
INFO: [ app_init ] --START--
INFO: Run Behavior\BuildLiteBehavior [ RunTime:0.000000s ]
INFO: [ app_init ] --END-- [ RunTime:0.000000s ]

[ 2016-11-17T16:11:25+08:00 ] ::1 /index.php/Home/StoreShopIndex/ProductArticle/id/58.html
INFO: [ app_init ] --START--
INFO: Run Behavior\BuildLiteBehavior [ RunTime:0.000000s ]
INFO: [ app_init ] --END-- [ RunTime:0.001000s ]

[ 2016-11-17T16:11:31+08:00 ] ::1 /index.php/Home/StoreShopIndex/ProductArticle/id/61.html
INFO: [ app_init ] --START--
INFO: Run Behavior\BuildLiteBehavior [ RunTime:0.000000s ]
INFO: [ app_init ] --END-- [ RunTime:0.001000s ]

[ 2016-11-17T16:13:57+08:00 ] ::1 /index.php/Home/StoreShopIndex/ProductArticle/id/58.html
INFO: [ app_init ] --START--
INFO: Run Behavior\BuildLiteBehavior [ RunTime:0.000000s ]
INFO: [ app_init ] --END-- [ RunTime:0.001000s ]

[ 2016-11-17T16:14:43+08:00 ] ::1 /index.php/Home/StoreShopIndex/ShopArticle/id/4.html
INFO: [ app_init ] --START--
INFO: Run Behavior\BuildLiteBehavior [ RunTime:0.000000s ]
INFO: [ app_init ] --END-- [ RunTime:0.001000s ]

[ 2016-11-17T16:14:46+08:00 ] ::1 /index.php/Home/StoreShopIndex/ProductArticle/id/61.html
INFO: [ app_init ] --START--
INFO: Run Behavior\BuildLiteBehavior [ RunTime:0.000000s ]
INFO: [ app_init ] --END-- [ RunTime:0.000000s ]

[ 2016-11-17T16:15:05+08:00 ] ::1 /index.php/Home/StoreShopIndex/ProductArticle/id/61.html
INFO: [ app_init ] --START--
INFO: Run Behavior\BuildLiteBehavior [ RunTime:0.000000s ]
INFO: [ app_init ] --END-- [ RunTime:0.001000s ]

[ 2016-11-17T16:15:12+08:00 ] ::1 /index.php/Home/StoreShopIndex/ProductArticle/id/58.html
INFO: [ app_init ] --START--
INFO: Run Behavior\BuildLiteBehavior [ RunTime:0.000000s ]
INFO: [ app_init ] --END-- [ RunTime:0.000000s ]

[ 2016-11-17T16:15:26+08:00 ] ::1 /index.php/Home/StoreShopIndex/ProductArticle/id/61.html
INFO: [ app_init ] --START--
INFO: Run Behavior\BuildLiteBehavior [ RunTime:0.000000s ]
INFO: [ app_init ] --END-- [ RunTime:0.000000s ]

[ 2016-11-17T16:17:17+08:00 ] ::1 /index.php/Home/StoreShopIndex/ProductArticle/id/61.html
INFO: [ app_init ] --START--
INFO: Run Behavior\BuildLiteBehavior [ RunTime:0.000000s ]
INFO: [ app_init ] --END-- [ RunTime:0.001000s ]

[ 2016-11-17T16:17:27+08:00 ] ::1 /index.php/Home/StoreShopIndex/ProductArticle/id/61.html
INFO: [ app_init ] --START--
INFO: Run Behavior\BuildLiteBehavior [ RunTime:0.000000s ]
INFO: [ app_init ] --END-- [ RunTime:0.000000s ]

[ 2016-11-17T16:17:28+08:00 ] ::1 /index.php/Home/StoreShopIndex/ProductArticle/id/61.html
INFO: [ app_init ] --START--
INFO: Run Behavior\BuildLiteBehavior [ RunTime:0.000000s ]
INFO: [ app_init ] --END-- [ RunTime:0.000000s ]

[ 2016-11-17T16:17:29+08:00 ] ::1 /index.php/Home/StoreShopIndex/ProductArticle/id/61.html
INFO: [ app_init ] --START--
INFO: Run Behavior\BuildLiteBehavior [ RunTime:0.000000s ]
INFO: [ app_init ] --END-- [ RunTime:0.000000s ]

[ 2016-11-17T16:17:29+08:00 ] ::1 /index.php/Home/StoreShopIndex/ProductArticle/id/61.html
INFO: [ app_init ] --START--
INFO: Run Behavior\BuildLiteBehavior [ RunTime:0.000000s ]
INFO: [ app_init ] --END-- [ RunTime:0.000000s ]

[ 2016-11-17T16:17:29+08:00 ] ::1 /index.php/Home/StoreShopIndex/ProductArticle/id/61.html
INFO: [ app_init ] --START--
INFO: Run Behavior\BuildLiteBehavior [ RunTime:0.000000s ]
INFO: [ app_init ] --END-- [ RunTime:0.000000s ]

[ 2016-11-17T16:17:29+08:00 ] ::1 /index.php/Home/StoreShopIndex/ProductArticle/id/61.html
INFO: [ app_init ] --START--
INFO: Run Behavior\BuildLiteBehavior [ RunTime:0.000000s ]
INFO: [ app_init ] --END-- [ RunTime:0.000000s ]

[ 2016-11-17T16:17:54+08:00 ] ::1 /index.php/Home/StoreShopIndex/ProductArticle/id/61.html
INFO: [ app_init ] --START--
INFO: Run Behavior\BuildLiteBehavior [ RunTime:0.000000s ]
INFO: [ app_init ] --END-- [ RunTime:0.000000s ]

[ 2016-11-17T16:18:50+08:00 ] ::1 /index.php/Home/StoreShopIndex/ProductArticle/id/58.html
INFO: [ app_init ] --START--
INFO: Run Behavior\BuildLiteBehavior [ RunTime:0.000000s ]
INFO: [ app_init ] --END-- [ RunTime:0.000000s ]

[ 2016-11-17T16:21:31+08:00 ] 192.168.1.41 /index.php/Home/StoreShopIndex/ShopArticle/id/4.html
INFO: [ app_init ] --START--
INFO: Run Behavior\BuildLiteBehavior [ RunTime:0.000000s ]
INFO: [ app_init ] --END-- [ RunTime:0.000000s ]

[ 2016-11-17T16:34:11+08:00 ] ::1 /index.php/Home/StoreShopIndex/ShopArticle/id/4.html
INFO: [ app_init ] --START--
INFO: Run Behavior\BuildLiteBehavior [ RunTime:0.000000s ]
INFO: [ app_init ] --END-- [ RunTime:0.001001s ]

[ 2016-11-17T16:34:12+08:00 ] ::1 /index.php/Home/StoreShopIndex/ShopArticle/id/4.html
INFO: [ app_init ] --START--
INFO: Run Behavior\BuildLiteBehavior [ RunTime:0.000000s ]
INFO: [ app_init ] --END-- [ RunTime:0.000000s ]

[ 2016-11-17T16:34:14+08:00 ] ::1 /index.php/Home/StoreShopIndex/ProductArticle/id/61.html
INFO: [ app_init ] --START--
INFO: Run Behavior\BuildLiteBehavior [ RunTime:0.000000s ]
INFO: [ app_init ] --END-- [ RunTime:0.001000s ]

[ 2016-11-17T16:34:15+08:00 ] ::1 /index.php/Home/StoreProductOrder/ProductOrder/id/61.html
INFO: [ app_init ] --START--
INFO: Run Behavior\BuildLiteBehavior [ RunTime:0.000000s ]
INFO: [ app_init ] --END-- [ RunTime:0.001000s ]

[ 2016-11-17T16:35:22+08:00 ] ::1 /index.php/Home/StoreShopIndex/ProductArticle/id/61.html
INFO: [ app_init ] --START--
INFO: Run Behavior\BuildLiteBehavior [ RunTime:0.000000s ]
INFO: [ app_init ] --END-- [ RunTime:0.001000s ]

[ 2016-11-17T16:35:23+08:00 ] ::1 /index.php/Home/StoreProductOrder/ProductOrder/id/61.html
INFO: [ app_init ] --START--
INFO: Run Behavior\BuildLiteBehavior [ RunTime:0.000000s ]
INFO: [ app_init ] --END-- [ RunTime:0.000000s ]

[ 2016-11-17T16:35:26+08:00 ] ::1 /index.php/Home/StoreProductOrder/ProductOrder/id/61.html
INFO: [ app_init ] --START--
INFO: Run Behavior\BuildLiteBehavior [ RunTime:0.000000s ]
INFO: [ app_init ] --END-- [ RunTime:0.000000s ]

[ 2016-11-17T16:36:27+08:00 ] ::1 /index.php/Home/StoreProductOrder/ProductOrder/id/61.html
INFO: [ app_init ] --START--
INFO: Run Behavior\BuildLiteBehavior [ RunTime:0.000000s ]
INFO: [ app_init ] --END-- [ RunTime:0.000000s ]

