[ 2016-11-29T10:00:01+08:00 ] 127.0.0.1 /
INFO: [ app_init ] --START--
INFO: Run Behavior\BuildLiteBehavior [ RunTime:0.000000s ]
INFO: [ app_init ] --END-- [ RunTime:0.000000s ]

[ 2016-11-29T10:00:17+08:00 ] 127.0.0.1 /index.php/home/Index/about
INFO: [ app_init ] --START--
INFO: Run Behavior\BuildLiteBehavior [ RunTime:0.000000s ]
INFO: [ app_init ] --END-- [ RunTime:0.001000s ]

[ 2016-11-29T10:00:18+08:00 ] 127.0.0.1 /index.php/home/index/login
INFO: [ app_init ] --START--
INFO: Run Behavior\BuildLiteBehavior [ RunTime:0.000000s ]
INFO: [ app_init ] --END-- [ RunTime:0.001000s ]

[ 2016-11-29T10:00:32+08:00 ] 127.0.0.1 /index.php/home/index/logincheck
INFO: [ app_init ] --START--
INFO: Run Behavior\BuildLiteBehavior [ RunTime:0.000000s ]
INFO: [ app_init ] --END-- [ RunTime:0.000000s ]

[ 2016-11-29T10:00:34+08:00 ] 127.0.0.1 /index.php/home/index/manage
INFO: [ app_init ] --START--
INFO: Run Behavior\BuildLiteBehavior [ RunTime:0.000000s ]
INFO: [ app_init ] --END-- [ RunTime:0.000000s ]

[ 2016-11-29T10:00:47+08:00 ] 127.0.0.1 /index.php/home/index/loginout2
INFO: [ app_init ] --START--
INFO: Run Behavior\BuildLiteBehavior [ RunTime:0.000000s ]
INFO: [ app_init ] --END-- [ RunTime:0.001000s ]

[ 2016-11-29T10:00:48+08:00 ] 127.0.0.1 /index.php/home/LoginAction/adminlogin
INFO: [ app_init ] --START--
INFO: Run Behavior\BuildLiteBehavior [ RunTime:0.000000s ]
INFO: [ app_init ] --END-- [ RunTime:0.000000s ]

[ 2016-11-29T10:26:55+08:00 ] 127.0.0.1 /
INFO: [ app_init ] --START--
INFO: Run Behavior\BuildLiteBehavior [ RunTime:0.000000s ]
INFO: [ app_init ] --END-- [ RunTime:0.000000s ]

[ 2016-11-29T10:26:59+08:00 ] 127.0.0.1 /index.php/home/Index/about
INFO: [ app_init ] --START--
INFO: Run Behavior\BuildLiteBehavior [ RunTime:0.000000s ]
INFO: [ app_init ] --END-- [ RunTime:0.000000s ]

[ 2016-11-29T10:27:00+08:00 ] 127.0.0.1 /index.php/home/index/login
INFO: [ app_init ] --START--
INFO: Run Behavior\BuildLiteBehavior [ RunTime:0.000000s ]
INFO: [ app_init ] --END-- [ RunTime:0.000000s ]

[ 2016-11-29T10:27:06+08:00 ] 127.0.0.1 /index.php/home/index/logincheck
INFO: [ app_init ] --START--
INFO: Run Behavior\BuildLiteBehavior [ RunTime:0.000000s ]
INFO: [ app_init ] --END-- [ RunTime:0.001000s ]

[ 2016-11-29T10:27:07+08:00 ] 127.0.0.1 /index.php/home/index/index
INFO: [ app_init ] --START--
INFO: Run Behavior\BuildLiteBehavior [ RunTime:0.000000s ]
INFO: [ app_init ] --END-- [ RunTime:0.000000s ]

[ 2016-11-29T10:27:10+08:00 ] 127.0.0.1 /index.php/Home/StoreIndex/index.html
INFO: [ app_init ] --START--
INFO: Run Behavior\BuildLiteBehavior [ RunTime:0.000000s ]
INFO: [ app_init ] --END-- [ RunTime:0.001000s ]

[ 2016-11-29T10:27:28+08:00 ] 127.0.0.1 /index.php/Home/StoreShopIndex/ShopArticle/id/3.html
INFO: [ app_init ] --START--
INFO: Run Behavior\BuildLiteBehavior [ RunTime:0.000000s ]
INFO: [ app_init ] --END-- [ RunTime:0.000000s ]

[ 2016-11-29T10:27:32+08:00 ] 127.0.0.1 /index.php/Home/StoreShopIndex/ShopArticle/id/4.html
INFO: [ app_init ] --START--
INFO: Run Behavior\BuildLiteBehavior [ RunTime:0.000000s ]
INFO: [ app_init ] --END-- [ RunTime:0.000000s ]

[ 2016-11-29T10:29:18+08:00 ] 127.0.0.1 /index.php/Home/StoreIndex/index.html
INFO: [ app_init ] --START--
INFO: Run Behavior\BuildLiteBehavior [ RunTime:0.000000s ]
INFO: [ app_init ] --END-- [ RunTime:0.000000s ]

[ 2016-11-29T10:30:34+08:00 ] 127.0.0.1 /index.php/Home/StoreTypeList/Index/typeid/1.html
INFO: [ app_init ] --START--
INFO: Run Behavior\BuildLiteBehavior [ RunTime:0.000000s ]
INFO: [ app_init ] --END-- [ RunTime:0.001000s ]

[ 2016-11-29T10:30:36+08:00 ] 127.0.0.1 /index.php/Home/StoreShopIndex/ShopArticle/id/4.html
INFO: [ app_init ] --START--
INFO: Run Behavior\BuildLiteBehavior [ RunTime:0.000000s ]
INFO: [ app_init ] --END-- [ RunTime:0.000000s ]

[ 2016-11-29T10:30:40+08:00 ] 127.0.0.1 /index.php/Home/StoreProductOrder/ProductOrder/id/58/tid/1.html
INFO: [ app_init ] --START--
INFO: Run Behavior\BuildLiteBehavior [ RunTime:0.000000s ]
INFO: [ app_init ] --END-- [ RunTime:0.000000s ]

[ 2016-11-29T10:31:39+08:00 ] 127.0.0.1 /index.php/Home/StoreProductOrder/OrderPost.html
INFO: [ app_init ] --START--
INFO: Run Behavior\BuildLiteBehavior [ RunTime:0.000000s ]
INFO: [ app_init ] --END-- [ RunTime:0.001000s ]

[ 2016-11-29T10:35:02+08:00 ] 127.0.0.1 /index.php/Home/StoreIndex/index.html
INFO: [ app_init ] --START--
INFO: Run Behavior\BuildLiteBehavior [ RunTime:0.000000s ]
INFO: [ app_init ] --END-- [ RunTime:0.001000s ]

[ 2016-11-29T10:35:08+08:00 ] 127.0.0.1 /index.php/Home/StoreTypeList/Index/typeid/1.html
INFO: [ app_init ] --START--
INFO: Run Behavior\BuildLiteBehavior [ RunTime:0.000000s ]
INFO: [ app_init ] --END-- [ RunTime:0.001000s ]

[ 2016-11-29T10:35:10+08:00 ] 127.0.0.1 /index.php/Home/StoreTypeList/PageSplit.html?typeid=1&page=2
INFO: [ app_init ] --START--
INFO: Run Behavior\BuildLiteBehavior [ RunTime:0.000000s ]
INFO: [ app_init ] --END-- [ RunTime:0.000000s ]
INFO: [ app_begin ] --START--
INFO: Run Behavior\ReadHtmlCacheBehavior [ RunTime:0.000000s ]
INFO: [ app_begin ] --END-- [ RunTime:0.000000s ]
SQL: SHOW COLUMNS FROM `tp_store_product_type` [ RunTime:0.0020s ]
SQL: SELECT COUNT(*) AS tp_count FROM `tp_store_product_type` WHERE `typeid` = 1 LIMIT 1   [ RunTime:0.0000s ]
SQL: SELECT * FROM `tp_store_product_type` WHERE `typeid` = 1 LIMIT 0,5   [ RunTime:0.0000s ]
INFO: [ app_end ] --START--
INFO: Run Behavior\ShowPageTraceBehavior [ RunTime:0.000000s ]
INFO: [ app_end ] --END-- [ RunTime:0.001000s ]

[ 2016-11-29T10:36:09+08:00 ] 127.0.0.1 /index.php/Home/StoreTypeList/Index/typeid/7.html
INFO: [ app_init ] --START--
INFO: Run Behavior\BuildLiteBehavior [ RunTime:0.000000s ]
INFO: [ app_init ] --END-- [ RunTime:0.001000s ]

[ 2016-11-29T10:38:37+08:00 ] 127.0.0.1 /index.php/Home/StoreShopIndex/ShopArticle/id/4.html
INFO: [ app_init ] --START--
INFO: Run Behavior\BuildLiteBehavior [ RunTime:0.000000s ]
INFO: [ app_init ] --END-- [ RunTime:0.001000s ]

[ 2016-11-29T10:43:03+08:00 ] 127.0.0.1 /index.php/Home/StoreIndex/index.html
INFO: [ app_init ] --START--
INFO: Run Behavior\BuildLiteBehavior [ RunTime:0.000000s ]
INFO: [ app_init ] --END-- [ RunTime:0.000000s ]

[ 2016-11-29T13:57:43+08:00 ] 127.0.0.1 /index.php/Home/StoreIndex/index.html
INFO: [ app_init ] --START--
INFO: Run Behavior\BuildLiteBehavior [ RunTime:0.000000s ]
INFO: [ app_init ] --END-- [ RunTime:0.001000s ]

[ 2016-11-29T13:58:26+08:00 ] 127.0.0.1 /index.php/Home/StoreIndex/index.html
INFO: [ app_init ] --START--
INFO: Run Behavior\BuildLiteBehavior [ RunTime:0.000000s ]
INFO: [ app_init ] --END-- [ RunTime:0.000000s ]

[ 2016-11-29T13:58:44+08:00 ] 127.0.0.1 /index.php/Home/StoreIndex/index.html
INFO: [ app_init ] --START--
INFO: Run Behavior\BuildLiteBehavior [ RunTime:0.000000s ]
INFO: [ app_init ] --END-- [ RunTime:0.000000s ]

[ 2016-11-29T13:58:45+08:00 ] 127.0.0.1 /index.php/Home/StoreIndex/index.html
INFO: [ app_init ] --START--
INFO: Run Behavior\BuildLiteBehavior [ RunTime:0.000000s ]
INFO: [ app_init ] --END-- [ RunTime:0.001001s ]

[ 2016-11-29T13:58:53+08:00 ] 127.0.0.1 /index.php/Home/StoreIndex/index.html
INFO: [ app_init ] --START--
INFO: Run Behavior\BuildLiteBehavior [ RunTime:0.000000s ]
INFO: [ app_init ] --END-- [ RunTime:0.000000s ]

[ 2016-11-29T13:59:30+08:00 ] 127.0.0.1 /index.php/Home/StoreIndex/index.html
INFO: [ app_init ] --START--
INFO: Run Behavior\BuildLiteBehavior [ RunTime:0.000000s ]
INFO: [ app_init ] --END-- [ RunTime:0.000000s ]

[ 2016-11-29T14:02:39+08:00 ] 127.0.0.1 /index.php/Home/StoreIndex/index.html
INFO: [ app_init ] --START--
INFO: Run Behavior\BuildLiteBehavior [ RunTime:0.000000s ]
INFO: [ app_init ] --END-- [ RunTime:0.001000s ]

[ 2016-11-29T14:05:40+08:00 ] 127.0.0.1 /index.php/Home/StoreShopIndex/ShopArticle/id/4.html
INFO: [ app_init ] --START--
INFO: Run Behavior\BuildLiteBehavior [ RunTime:0.000000s ]
INFO: [ app_init ] --END-- [ RunTime:0.000000s ]

[ 2016-11-29T14:05:42+08:00 ] 127.0.0.1 /index.php/Home/StoreIndex/index.html
INFO: [ app_init ] --START--
INFO: Run Behavior\BuildLiteBehavior [ RunTime:0.000000s ]
INFO: [ app_init ] --END-- [ RunTime:0.001000s ]

[ 2016-11-29T14:14:15+08:00 ] ::1 /index.php/Home/StoreIndex/index.html
INFO: [ app_init ] --START--
INFO: Run Behavior\BuildLiteBehavior [ RunTime:0.000000s ]
INFO: [ app_init ] --END-- [ RunTime:0.000000s ]

[ 2016-11-29T14:14:28+08:00 ] ::1 /index.php/Home/StoreIndex/index.html
INFO: [ app_init ] --START--
INFO: Run Behavior\BuildLiteBehavior [ RunTime:0.000000s ]
INFO: [ app_init ] --END-- [ RunTime:0.001000s ]

[ 2016-11-29T14:15:27+08:00 ] ::1 /index.php/Home/StoreIndex/index.html
INFO: [ app_init ] --START--
INFO: Run Behavior\BuildLiteBehavior [ RunTime:0.000000s ]
INFO: [ app_init ] --END-- [ RunTime:0.001000s ]

[ 2016-11-29T14:15:35+08:00 ] ::1 /index.php/Home/StoreIndex/index.html
INFO: [ app_init ] --START--
INFO: Run Behavior\BuildLiteBehavior [ RunTime:0.000000s ]
INFO: [ app_init ] --END-- [ RunTime:0.001000s ]

[ 2016-11-29T14:17:00+08:00 ] ::1 /index.php/Home/StoreIndex/index.html
INFO: [ app_init ] --START--
INFO: Run Behavior\BuildLiteBehavior [ RunTime:0.000000s ]
INFO: [ app_init ] --END-- [ RunTime:0.001000s ]

[ 2016-11-29T14:17:02+08:00 ] ::1 /index.php/Home/StoreIndex/index.html
INFO: [ app_init ] --START--
INFO: Run Behavior\BuildLiteBehavior [ RunTime:0.000000s ]
INFO: [ app_init ] --END-- [ RunTime:0.001000s ]

[ 2016-11-29T14:17:02+08:00 ] ::1 /index.php/Home/StoreIndex/index.html
INFO: [ app_init ] --START--
INFO: Run Behavior\BuildLiteBehavior [ RunTime:0.000000s ]
INFO: [ app_init ] --END-- [ RunTime:0.001000s ]

[ 2016-11-29T14:17:02+08:00 ] ::1 /index.php/Home/StoreIndex/index.html
INFO: [ app_init ] --START--
INFO: Run Behavior\BuildLiteBehavior [ RunTime:0.000000s ]
INFO: [ app_init ] --END-- [ RunTime:0.001000s ]

[ 2016-11-29T14:17:39+08:00 ] ::1 /index.php/Home/StoreIndex/index.html
INFO: [ app_init ] --START--
INFO: Run Behavior\BuildLiteBehavior [ RunTime:0.000000s ]
INFO: [ app_init ] --END-- [ RunTime:0.001000s ]

[ 2016-11-29T14:17:40+08:00 ] ::1 /index.php/Home/StoreIndex/index.html
INFO: [ app_init ] --START--
INFO: Run Behavior\BuildLiteBehavior [ RunTime:0.000000s ]
INFO: [ app_init ] --END-- [ RunTime:0.001000s ]

[ 2016-11-29T14:17:40+08:00 ] ::1 /index.php/Home/StoreIndex/index.html
INFO: [ app_init ] --START--
INFO: Run Behavior\BuildLiteBehavior [ RunTime:0.000000s ]
INFO: [ app_init ] --END-- [ RunTime:0.000000s ]

[ 2016-11-29T14:18:23+08:00 ] ::1 /index.php/Home/StoreIndex/index.html
INFO: [ app_init ] --START--
INFO: Run Behavior\BuildLiteBehavior [ RunTime:0.000000s ]
INFO: [ app_init ] --END-- [ RunTime:0.001000s ]

[ 2016-11-29T14:19:14+08:00 ] ::1 /index.php/Home/StoreIndex/index.html
INFO: [ app_init ] --START--
INFO: Run Behavior\BuildLiteBehavior [ RunTime:0.000000s ]
INFO: [ app_init ] --END-- [ RunTime:0.001000s ]

[ 2016-11-29T14:28:40+08:00 ] ::1 /index.php/Home/StoreIndex/index.html
INFO: [ app_init ] --START--
INFO: Run Behavior\BuildLiteBehavior [ RunTime:0.000000s ]
INFO: [ app_init ] --END-- [ RunTime:0.000000s ]

[ 2016-11-29T14:28:45+08:00 ] ::1 /index.php/Home/StoreIndex/index.html
INFO: [ app_init ] --START--
INFO: Run Behavior\BuildLiteBehavior [ RunTime:0.000000s ]
INFO: [ app_init ] --END-- [ RunTime:0.000000s ]

[ 2016-11-29T14:28:46+08:00 ] ::1 /index.php/Home/StoreIndex/index.html
INFO: [ app_init ] --START--
INFO: Run Behavior\BuildLiteBehavior [ RunTime:0.000000s ]
INFO: [ app_init ] --END-- [ RunTime:0.000000s ]

[ 2016-11-29T14:28:48+08:00 ] ::1 /index.php/Home/StoreIndex/index.html
INFO: [ app_init ] --START--
INFO: Run Behavior\BuildLiteBehavior [ RunTime:0.000000s ]
INFO: [ app_init ] --END-- [ RunTime:0.001000s ]

[ 2016-11-29T14:28:50+08:00 ] ::1 /index.php/Home/StoreIndex/index.html
INFO: [ app_init ] --START--
INFO: Run Behavior\BuildLiteBehavior [ RunTime:0.000000s ]
INFO: [ app_init ] --END-- [ RunTime:0.001000s ]

[ 2016-11-29T14:28:51+08:00 ] ::1 /index.php/Home/StoreIndex/index.html
INFO: [ app_init ] --START--
INFO: Run Behavior\BuildLiteBehavior [ RunTime:0.000000s ]
INFO: [ app_init ] --END-- [ RunTime:0.001000s ]

[ 2016-11-29T14:28:51+08:00 ] ::1 /index.php/Home/StoreIndex/index.html
INFO: [ app_init ] --START--
INFO: Run Behavior\BuildLiteBehavior [ RunTime:0.000000s ]
INFO: [ app_init ] --END-- [ RunTime:0.000000s ]

[ 2016-11-29T14:28:51+08:00 ] ::1 /index.php/Home/StoreIndex/index.html
INFO: [ app_init ] --START--
INFO: Run Behavior\BuildLiteBehavior [ RunTime:0.000000s ]
INFO: [ app_init ] --END-- [ RunTime:0.000000s ]

[ 2016-11-29T14:28:52+08:00 ] ::1 /index.php/Home/StoreIndex/index.html
INFO: [ app_init ] --START--
INFO: Run Behavior\BuildLiteBehavior [ RunTime:0.000000s ]
INFO: [ app_init ] --END-- [ RunTime:0.000000s ]

[ 2016-11-29T14:28:52+08:00 ] ::1 /index.php/Home/StoreIndex/index.html
INFO: [ app_init ] --START--
INFO: Run Behavior\BuildLiteBehavior [ RunTime:0.000000s ]
INFO: [ app_init ] --END-- [ RunTime:0.001000s ]

[ 2016-11-29T14:29:03+08:00 ] ::1 /index.php/Home/StoreIndex/index.html
INFO: [ app_init ] --START--
INFO: Run Behavior\BuildLiteBehavior [ RunTime:0.001000s ]
INFO: [ app_init ] --END-- [ RunTime:0.001000s ]

[ 2016-11-29T14:29:04+08:00 ] ::1 /index.php/Home/StoreIndex/IndexAjax.html?page=2
INFO: [ app_init ] --START--
INFO: Run Behavior\BuildLiteBehavior [ RunTime:0.000000s ]
INFO: [ app_init ] --END-- [ RunTime:0.000000s ]
INFO: [ app_begin ] --START--
INFO: Run Behavior\ReadHtmlCacheBehavior [ RunTime:0.000000s ]
INFO: [ app_begin ] --END-- [ RunTime:0.000000s ]
SQL: SHOW COLUMNS FROM `tp_store_type` [ RunTime:0.0030s ]
SQL: SELECT * FROM `tp_store_type` WHERE ( status = 1 )  [ RunTime:0.0000s ]
SQL: SHOW COLUMNS FROM `tp_store_product_type` [ RunTime:0.0020s ]
SQL: SELECT COUNT(*) AS tp_count FROM `tp_store_product_type` WHERE `falg` = 'c' AND `status` = 1 LIMIT 1   [ RunTime:0.0010s ]
SQL: SELECT * FROM `tp_store_product_type` WHERE `falg` = 'c' AND `status` = 1 LIMIT 2,5   [ RunTime:0.0000s ]
INFO: [ app_end ] --START--
INFO: Run Behavior\ShowPageTraceBehavior [ RunTime:0.001001s ]
INFO: [ app_end ] --END-- [ RunTime:0.001001s ]

[ 2016-11-29T14:35:16+08:00 ] ::1 /index.php/Home/StoreIndex/index.html
INFO: [ app_init ] --START--
INFO: Run Behavior\BuildLiteBehavior [ RunTime:0.000000s ]
INFO: [ app_init ] --END-- [ RunTime:0.001000s ]

[ 2016-11-29T14:36:35+08:00 ] ::1 /index.php/Home/StoreIndex/index.html
INFO: [ app_init ] --START--
INFO: Run Behavior\BuildLiteBehavior [ RunTime:0.000000s ]
INFO: [ app_init ] --END-- [ RunTime:0.001000s ]

[ 2016-11-29T14:36:40+08:00 ] ::1 /index.php/Home/StoreIndex/index.html
INFO: [ app_init ] --START--
INFO: Run Behavior\BuildLiteBehavior [ RunTime:0.000000s ]
INFO: [ app_init ] --END-- [ RunTime:0.000000s ]

[ 2016-11-29T14:36:48+08:00 ] ::1 /index.php/Home/StoreIndex/index.html
INFO: [ app_init ] --START--
INFO: Run Behavior\BuildLiteBehavior [ RunTime:0.000000s ]
INFO: [ app_init ] --END-- [ RunTime:0.001000s ]

[ 2016-11-29T14:36:48+08:00 ] ::1 /index.php/Home/StoreIndex/IndexAjax.html?page=2
INFO: [ app_init ] --START--
INFO: Run Behavior\BuildLiteBehavior [ RunTime:0.000000s ]
INFO: [ app_init ] --END-- [ RunTime:0.000000s ]
INFO: [ app_begin ] --START--
INFO: Run Behavior\ReadHtmlCacheBehavior [ RunTime:0.001000s ]
INFO: [ app_begin ] --END-- [ RunTime:0.001000s ]
SQL: SHOW COLUMNS FROM `tp_store_type` [ RunTime:0.0030s ]
SQL: SELECT * FROM `tp_store_type` WHERE ( status = 1 )  [ RunTime:0.0000s ]
SQL: SHOW COLUMNS FROM `tp_store_product_type` [ RunTime:0.0030s ]
SQL: SELECT COUNT(*) AS tp_count FROM `tp_store_product_type` WHERE `falg` = 'c' AND `status` = 1 LIMIT 1   [ RunTime:0.0000s ]
SQL: SELECT * FROM `tp_store_product_type` WHERE `falg` = 'c' AND `status` = 1 LIMIT 2,5   [ RunTime:0.0010s ]
INFO: [ app_end ] --START--
INFO: Run Behavior\ShowPageTraceBehavior [ RunTime:0.000000s ]
INFO: [ app_end ] --END-- [ RunTime:0.000000s ]

[ 2016-11-29T14:38:04+08:00 ] ::1 /index.php/Home/StoreIndex/index.html
INFO: [ app_init ] --START--
INFO: Run Behavior\BuildLiteBehavior [ RunTime:0.000000s ]
INFO: [ app_init ] --END-- [ RunTime:0.000000s ]

[ 2016-11-29T14:38:05+08:00 ] ::1 /index.php/Home/StoreIndex/index.html
INFO: [ app_init ] --START--
INFO: Run Behavior\BuildLiteBehavior [ RunTime:0.000000s ]
INFO: [ app_init ] --END-- [ RunTime:0.000000s ]

[ 2016-11-29T14:40:10+08:00 ] ::1 /index.php/Home/StoreIndex/index.html
INFO: [ app_init ] --START--
INFO: Run Behavior\BuildLiteBehavior [ RunTime:0.000000s ]
INFO: [ app_init ] --END-- [ RunTime:0.001000s ]

[ 2016-11-29T14:40:11+08:00 ] ::1 /index.php/Home/StoreIndex/IndexAjax.html?page=2
INFO: [ app_init ] --START--
INFO: Run Behavior\BuildLiteBehavior [ RunTime:0.000000s ]
INFO: [ app_init ] --END-- [ RunTime:0.001000s ]
INFO: [ app_begin ] --START--
INFO: Run Behavior\ReadHtmlCacheBehavior [ RunTime:0.001000s ]
INFO: [ app_begin ] --END-- [ RunTime:0.001000s ]
SQL: SHOW COLUMNS FROM `tp_store_type` [ RunTime:0.0030s ]
SQL: SELECT * FROM `tp_store_type` WHERE ( status = 1 )  [ RunTime:0.0010s ]
SQL: SHOW COLUMNS FROM `tp_store_product_type` [ RunTime:0.0030s ]
SQL: SELECT COUNT(*) AS tp_count FROM `tp_store_product_type` WHERE `falg` = 'c' AND `status` = 1 LIMIT 1   [ RunTime:0.0000s ]
SQL: SELECT * FROM `tp_store_product_type` WHERE `falg` = 'c' AND `status` = 1 LIMIT 2,5   [ RunTime:0.0010s ]
INFO: [ app_end ] --START--
INFO: Run Behavior\ShowPageTraceBehavior [ RunTime:0.001000s ]
INFO: [ app_end ] --END-- [ RunTime:0.001000s ]

[ 2016-11-29T14:40:11+08:00 ] ::1 /index.php/Home/StoreIndex/imgs[0]
INFO: [ app_init ] --START--
INFO: Run Behavior\BuildLiteBehavior [ RunTime:0.000000s ]
INFO: [ app_init ] --END-- [ RunTime:0.000000s ]
ERR: 非法操作:imgs[0]

[ 2016-11-29T14:40:14+08:00 ] ::1 /index.php/Home/StoreIndex/index.html
INFO: [ app_init ] --START--
INFO: Run Behavior\BuildLiteBehavior [ RunTime:0.000000s ]
INFO: [ app_init ] --END-- [ RunTime:0.001001s ]

[ 2016-11-29T14:40:14+08:00 ] ::1 /index.php/Home/StoreIndex/IndexAjax.html?page=2
INFO: [ app_init ] --START--
INFO: Run Behavior\BuildLiteBehavior [ RunTime:0.001000s ]
INFO: [ app_init ] --END-- [ RunTime:0.001000s ]
INFO: [ app_begin ] --START--
INFO: Run Behavior\ReadHtmlCacheBehavior [ RunTime:0.001001s ]
INFO: [ app_begin ] --END-- [ RunTime:0.001001s ]
SQL: SHOW COLUMNS FROM `tp_store_type` [ RunTime:0.0020s ]
SQL: SELECT * FROM `tp_store_type` WHERE ( status = 1 )  [ RunTime:0.0010s ]
SQL: SHOW COLUMNS FROM `tp_store_product_type` [ RunTime:0.0030s ]
SQL: SELECT COUNT(*) AS tp_count FROM `tp_store_product_type` WHERE `falg` = 'c' AND `status` = 1 LIMIT 1   [ RunTime:0.0000s ]
SQL: SELECT * FROM `tp_store_product_type` WHERE `falg` = 'c' AND `status` = 1 LIMIT 2,5   [ RunTime:0.0010s ]
INFO: [ app_end ] --START--
INFO: Run Behavior\ShowPageTraceBehavior [ RunTime:0.001000s ]
INFO: [ app_end ] --END-- [ RunTime:0.001000s ]

[ 2016-11-29T14:40:14+08:00 ] ::1 /index.php/Home/StoreIndex/imgs[0]
INFO: [ app_init ] --START--
INFO: Run Behavior\BuildLiteBehavior [ RunTime:0.000000s ]
INFO: [ app_init ] --END-- [ RunTime:0.000000s ]
ERR: 非法操作:imgs[0]

[ 2016-11-29T14:40:42+08:00 ] ::1 /index.php/Home/StoreIndex/index.html
INFO: [ app_init ] --START--
INFO: Run Behavior\BuildLiteBehavior [ RunTime:0.000000s ]
INFO: [ app_init ] --END-- [ RunTime:0.001000s ]

[ 2016-11-29T14:40:43+08:00 ] ::1 /index.php/Home/StoreIndex/IndexAjax.html?page=2
INFO: [ app_init ] --START--
INFO: Run Behavior\BuildLiteBehavior [ RunTime:0.000000s ]
INFO: [ app_init ] --END-- [ RunTime:0.000000s ]
INFO: [ app_begin ] --START--
INFO: Run Behavior\ReadHtmlCacheBehavior [ RunTime:0.000000s ]
INFO: [ app_begin ] --END-- [ RunTime:0.000000s ]
SQL: SHOW COLUMNS FROM `tp_store_type` [ RunTime:0.0030s ]
SQL: SELECT * FROM `tp_store_type` WHERE ( status = 1 )  [ RunTime:0.0010s ]
SQL: SHOW COLUMNS FROM `tp_store_product_type` [ RunTime:0.0030s ]
SQL: SELECT COUNT(*) AS tp_count FROM `tp_store_product_type` WHERE `falg` = 'c' AND `status` = 1 LIMIT 1   [ RunTime:0.0000s ]
SQL: SELECT * FROM `tp_store_product_type` WHERE `falg` = 'c' AND `status` = 1 LIMIT 2,5   [ RunTime:0.0000s ]
INFO: [ app_end ] --START--
INFO: Run Behavior\ShowPageTraceBehavior [ RunTime:0.000000s ]
INFO: [ app_end ] --END-- [ RunTime:0.000000s ]

[ 2016-11-29T14:40:43+08:00 ] ::1 /index.php/Home/StoreIndex/imgs[0]
INFO: [ app_init ] --START--
INFO: Run Behavior\BuildLiteBehavior [ RunTime:0.000000s ]
INFO: [ app_init ] --END-- [ RunTime:0.001000s ]
ERR: 非法操作:imgs[0]

[ 2016-11-29T14:41:14+08:00 ] ::1 /index.php/Home/StoreIndex/index.html
INFO: [ app_init ] --START--
INFO: Run Behavior\BuildLiteBehavior [ RunTime:0.000000s ]
INFO: [ app_init ] --END-- [ RunTime:0.001000s ]

[ 2016-11-29T14:41:15+08:00 ] ::1 /index.php/Home/StoreIndex/IndexAjax.html?page=2
INFO: [ app_init ] --START--
INFO: Run Behavior\BuildLiteBehavior [ RunTime:0.000000s ]
INFO: [ app_init ] --END-- [ RunTime:0.000000s ]
INFO: [ app_begin ] --START--
INFO: Run Behavior\ReadHtmlCacheBehavior [ RunTime:0.001000s ]
INFO: [ app_begin ] --END-- [ RunTime:0.001000s ]
SQL: SHOW COLUMNS FROM `tp_store_type` [ RunTime:0.0020s ]
SQL: SELECT * FROM `tp_store_type` WHERE ( status = 1 )  [ RunTime:0.0000s ]
SQL: SHOW COLUMNS FROM `tp_store_product_type` [ RunTime:0.0020s ]
SQL: SELECT COUNT(*) AS tp_count FROM `tp_store_product_type` WHERE `falg` = 'c' AND `status` = 1 LIMIT 1   [ RunTime:0.0000s ]
SQL: SELECT * FROM `tp_store_product_type` WHERE `falg` = 'c' AND `status` = 1 LIMIT 2,5   [ RunTime:0.0000s ]
INFO: [ app_end ] --START--
INFO: Run Behavior\ShowPageTraceBehavior [ RunTime:0.001000s ]
INFO: [ app_end ] --END-- [ RunTime:0.001000s ]

[ 2016-11-29T14:41:17+08:00 ] ::1 /index.php/Home/StoreIndex/index.html
INFO: [ app_init ] --START--
INFO: Run Behavior\BuildLiteBehavior [ RunTime:0.000000s ]
INFO: [ app_init ] --END-- [ RunTime:0.000000s ]

[ 2016-11-29T14:41:17+08:00 ] ::1 /index.php/Home/StoreIndex/IndexAjax.html?page=2
INFO: [ app_init ] --START--
INFO: Run Behavior\BuildLiteBehavior [ RunTime:0.000000s ]
INFO: [ app_init ] --END-- [ RunTime:0.000000s ]
INFO: [ app_begin ] --START--
INFO: Run Behavior\ReadHtmlCacheBehavior [ RunTime:0.000000s ]
INFO: [ app_begin ] --END-- [ RunTime:0.000000s ]
SQL: SHOW COLUMNS FROM `tp_store_type` [ RunTime:0.0020s ]
SQL: SELECT * FROM `tp_store_type` WHERE ( status = 1 )  [ RunTime:0.0000s ]
SQL: SHOW COLUMNS FROM `tp_store_product_type` [ RunTime:0.0020s ]
SQL: SELECT COUNT(*) AS tp_count FROM `tp_store_product_type` WHERE `falg` = 'c' AND `status` = 1 LIMIT 1   [ RunTime:0.0000s ]
SQL: SELECT * FROM `tp_store_product_type` WHERE `falg` = 'c' AND `status` = 1 LIMIT 2,5   [ RunTime:0.0010s ]
INFO: [ app_end ] --START--
INFO: Run Behavior\ShowPageTraceBehavior [ RunTime:0.001000s ]
INFO: [ app_end ] --END-- [ RunTime:0.001000s ]

[ 2016-11-29T14:41:22+08:00 ] ::1 /index.php/Home/StoreIndex/index.html
INFO: [ app_init ] --START--
INFO: Run Behavior\BuildLiteBehavior [ RunTime:0.000000s ]
INFO: [ app_init ] --END-- [ RunTime:0.001000s ]

[ 2016-11-29T14:41:29+08:00 ] ::1 /index.php/Home/StoreIndex/index.html
INFO: [ app_init ] --START--
INFO: Run Behavior\BuildLiteBehavior [ RunTime:0.000000s ]
INFO: [ app_init ] --END-- [ RunTime:0.001000s ]

[ 2016-11-29T14:41:30+08:00 ] ::1 /index.php/Home/StoreIndex/IndexAjax.html?page=2
INFO: [ app_init ] --START--
INFO: Run Behavior\BuildLiteBehavior [ RunTime:0.000000s ]
INFO: [ app_init ] --END-- [ RunTime:0.001000s ]
INFO: [ app_begin ] --START--
INFO: Run Behavior\ReadHtmlCacheBehavior [ RunTime:0.000000s ]
INFO: [ app_begin ] --END-- [ RunTime:0.000000s ]
SQL: SHOW COLUMNS FROM `tp_store_type` [ RunTime:0.0040s ]
SQL: SELECT * FROM `tp_store_type` WHERE ( status = 1 )  [ RunTime:0.0000s ]
SQL: SHOW COLUMNS FROM `tp_store_product_type` [ RunTime:0.0040s ]
SQL: SELECT COUNT(*) AS tp_count FROM `tp_store_product_type` WHERE `falg` = 'c' AND `status` = 1 LIMIT 1   [ RunTime:0.0000s ]
SQL: SELECT * FROM `tp_store_product_type` WHERE `falg` = 'c' AND `status` = 1 LIMIT 2,5   [ RunTime:0.0000s ]
INFO: [ app_end ] --START--
INFO: Run Behavior\ShowPageTraceBehavior [ RunTime:0.001000s ]
INFO: [ app_end ] --END-- [ RunTime:0.001000s ]

[ 2016-11-29T14:41:34+08:00 ] ::1 /index.php/Home/StoreIndex/index.html
INFO: [ app_init ] --START--
INFO: Run Behavior\BuildLiteBehavior [ RunTime:0.000000s ]
INFO: [ app_init ] --END-- [ RunTime:0.001000s ]

[ 2016-11-29T14:41:36+08:00 ] ::1 /index.php/Home/StoreIndex/IndexAjax.html?page=2
INFO: [ app_init ] --START--
INFO: Run Behavior\BuildLiteBehavior [ RunTime:0.000000s ]
INFO: [ app_init ] --END-- [ RunTime:0.000000s ]
INFO: [ app_begin ] --START--
INFO: Run Behavior\ReadHtmlCacheBehavior [ RunTime:0.001000s ]
INFO: [ app_begin ] --END-- [ RunTime:0.001000s ]
SQL: SHOW COLUMNS FROM `tp_store_type` [ RunTime:0.0050s ]
SQL: SELECT * FROM `tp_store_type` WHERE ( status = 1 )  [ RunTime:0.0010s ]
SQL: SHOW COLUMNS FROM `tp_store_product_type` [ RunTime:0.0050s ]
SQL: SELECT COUNT(*) AS tp_count FROM `tp_store_product_type` WHERE `falg` = 'c' AND `status` = 1 LIMIT 1   [ RunTime:0.0000s ]
SQL: SELECT * FROM `tp_store_product_type` WHERE `falg` = 'c' AND `status` = 1 LIMIT 2,5   [ RunTime:0.0000s ]
INFO: [ app_end ] --START--
INFO: Run Behavior\ShowPageTraceBehavior [ RunTime:0.000000s ]
INFO: [ app_end ] --END-- [ RunTime:0.001000s ]

[ 2016-11-29T14:43:21+08:00 ] ::1 /index.php/Home/StoreIndex/index.html
INFO: [ app_init ] --START--
INFO: Run Behavior\BuildLiteBehavior [ RunTime:0.000000s ]
INFO: [ app_init ] --END-- [ RunTime:0.000000s ]

[ 2016-11-29T14:43:21+08:00 ] ::1 /index.php/Home/StoreIndex/IndexAjax.html?page=2
INFO: [ app_init ] --START--
INFO: Run Behavior\BuildLiteBehavior [ RunTime:0.000000s ]
INFO: [ app_init ] --END-- [ RunTime:0.000000s ]
INFO: [ app_begin ] --START--
INFO: Run Behavior\ReadHtmlCacheBehavior [ RunTime:0.000000s ]
INFO: [ app_begin ] --END-- [ RunTime:0.000000s ]
SQL: SHOW COLUMNS FROM `tp_store_type` [ RunTime:0.0030s ]
SQL: SELECT * FROM `tp_store_type` WHERE ( status = 1 )  [ RunTime:0.0010s ]
SQL: SHOW COLUMNS FROM `tp_store_product_type` [ RunTime:0.0030s ]
SQL: SELECT COUNT(*) AS tp_count FROM `tp_store_product_type` WHERE `falg` = 'c' AND `status` = 1 LIMIT 1   [ RunTime:0.0010s ]
SQL: SELECT * FROM `tp_store_product_type` WHERE `falg` = 'c' AND `status` = 1 LIMIT 2,5   [ RunTime:0.0000s ]
INFO: [ app_end ] --START--
INFO: Run Behavior\ShowPageTraceBehavior [ RunTime:0.001000s ]
INFO: [ app_end ] --END-- [ RunTime:0.001000s ]

[ 2016-11-29T14:43:29+08:00 ] ::1 /index.php/Home/StoreIndex/index.html
INFO: [ app_init ] --START--
INFO: Run Behavior\BuildLiteBehavior [ RunTime:0.000000s ]
INFO: [ app_init ] --END-- [ RunTime:0.000000s ]

[ 2016-11-29T14:43:30+08:00 ] ::1 /index.php/Home/StoreIndex/IndexAjax.html?page=2
INFO: [ app_init ] --START--
INFO: Run Behavior\BuildLiteBehavior [ RunTime:0.000000s ]
INFO: [ app_init ] --END-- [ RunTime:0.000000s ]
INFO: [ app_begin ] --START--
INFO: Run Behavior\ReadHtmlCacheBehavior [ RunTime:0.000000s ]
INFO: [ app_begin ] --END-- [ RunTime:0.000000s ]
SQL: SHOW COLUMNS FROM `tp_store_type` [ RunTime:0.0030s ]
SQL: SELECT * FROM `tp_store_type` WHERE ( status = 1 )  [ RunTime:0.0000s ]
SQL: SHOW COLUMNS FROM `tp_store_product_type` [ RunTime:0.0020s ]
SQL: SELECT COUNT(*) AS tp_count FROM `tp_store_product_type` WHERE `falg` = 'c' AND `status` = 1 LIMIT 1   [ RunTime:0.0000s ]
SQL: SELECT * FROM `tp_store_product_type` WHERE `falg` = 'c' AND `status` = 1 LIMIT 2,5   [ RunTime:0.0010s ]
INFO: [ app_end ] --START--
INFO: Run Behavior\ShowPageTraceBehavior [ RunTime:0.000000s ]
INFO: [ app_end ] --END-- [ RunTime:0.000000s ]

[ 2016-11-29T14:43:31+08:00 ] ::1 /index.php/Home/StoreIndex/index.html
INFO: [ app_init ] --START--
INFO: Run Behavior\BuildLiteBehavior [ RunTime:0.000000s ]
INFO: [ app_init ] --END-- [ RunTime:0.000000s ]

[ 2016-11-29T14:43:32+08:00 ] ::1 /index.php/Home/StoreIndex/IndexAjax.html?page=2
INFO: [ app_init ] --START--
INFO: Run Behavior\BuildLiteBehavior [ RunTime:0.000000s ]
INFO: [ app_init ] --END-- [ RunTime:0.000000s ]
INFO: [ app_begin ] --START--
INFO: Run Behavior\ReadHtmlCacheBehavior [ RunTime:0.001000s ]
INFO: [ app_begin ] --END-- [ RunTime:0.001000s ]
SQL: SHOW COLUMNS FROM `tp_store_type` [ RunTime:0.0030s ]
SQL: SELECT * FROM `tp_store_type` WHERE ( status = 1 )  [ RunTime:0.0010s ]
SQL: SHOW COLUMNS FROM `tp_store_product_type` [ RunTime:0.0040s ]
SQL: SELECT COUNT(*) AS tp_count FROM `tp_store_product_type` WHERE `falg` = 'c' AND `status` = 1 LIMIT 1   [ RunTime:0.0000s ]
SQL: SELECT * FROM `tp_store_product_type` WHERE `falg` = 'c' AND `status` = 1 LIMIT 2,5   [ RunTime:0.0000s ]
INFO: [ app_end ] --START--
INFO: Run Behavior\ShowPageTraceBehavior [ RunTime:0.001000s ]
INFO: [ app_end ] --END-- [ RunTime:0.001000s ]

[ 2016-11-29T14:43:33+08:00 ] ::1 /index.php/Home/StoreIndex/index.html
INFO: [ app_init ] --START--
INFO: Run Behavior\BuildLiteBehavior [ RunTime:0.000000s ]
INFO: [ app_init ] --END-- [ RunTime:0.000000s ]

[ 2016-11-29T14:43:35+08:00 ] ::1 /index.php/Home/StoreIndex/IndexAjax.html?page=2
INFO: [ app_init ] --START--
INFO: Run Behavior\BuildLiteBehavior [ RunTime:0.000000s ]
INFO: [ app_init ] --END-- [ RunTime:0.000000s ]
INFO: [ app_begin ] --START--
INFO: Run Behavior\ReadHtmlCacheBehavior [ RunTime:0.001000s ]
INFO: [ app_begin ] --END-- [ RunTime:0.001000s ]
SQL: SHOW COLUMNS FROM `tp_store_type` [ RunTime:0.0030s ]
SQL: SELECT * FROM `tp_store_type` WHERE ( status = 1 )  [ RunTime:0.0000s ]
SQL: SHOW COLUMNS FROM `tp_store_product_type` [ RunTime:0.0020s ]
SQL: SELECT COUNT(*) AS tp_count FROM `tp_store_product_type` WHERE `falg` = 'c' AND `status` = 1 LIMIT 1   [ RunTime:0.0000s ]
SQL: SELECT * FROM `tp_store_product_type` WHERE `falg` = 'c' AND `status` = 1 LIMIT 2,5   [ RunTime:0.0000s ]
INFO: [ app_end ] --START--
INFO: Run Behavior\ShowPageTraceBehavior [ RunTime:0.000000s ]
INFO: [ app_end ] --END-- [ RunTime:0.000000s ]

[ 2016-11-29T14:43:40+08:00 ] ::1 /index.php/Home/StoreIndex/index.html
INFO: [ app_init ] --START--
INFO: Run Behavior\BuildLiteBehavior [ RunTime:0.000000s ]
INFO: [ app_init ] --END-- [ RunTime:0.000000s ]

[ 2016-11-29T14:43:42+08:00 ] ::1 /index.php/Home/StoreIndex/index.html
INFO: [ app_init ] --START--
INFO: Run Behavior\BuildLiteBehavior [ RunTime:0.000000s ]
INFO: [ app_init ] --END-- [ RunTime:0.001000s ]

[ 2016-11-29T14:43:43+08:00 ] ::1 /index.php/Home/StoreIndex/index.html
INFO: [ app_init ] --START--
INFO: Run Behavior\BuildLiteBehavior [ RunTime:0.000000s ]
INFO: [ app_init ] --END-- [ RunTime:0.000000s ]

[ 2016-11-29T14:43:46+08:00 ] ::1 /index.php/Home/StoreIndex/IndexAjax.html?page=2
INFO: [ app_init ] --START--
INFO: Run Behavior\BuildLiteBehavior [ RunTime:0.000000s ]
INFO: [ app_init ] --END-- [ RunTime:0.000000s ]
INFO: [ app_begin ] --START--
INFO: Run Behavior\ReadHtmlCacheBehavior [ RunTime:0.001000s ]
INFO: [ app_begin ] --END-- [ RunTime:0.001000s ]
SQL: SHOW COLUMNS FROM `tp_store_type` [ RunTime:0.0030s ]
SQL: SELECT * FROM `tp_store_type` WHERE ( status = 1 )  [ RunTime:0.0000s ]
SQL: SHOW COLUMNS FROM `tp_store_product_type` [ RunTime:0.0030s ]
SQL: SELECT COUNT(*) AS tp_count FROM `tp_store_product_type` WHERE `falg` = 'c' AND `status` = 1 LIMIT 1   [ RunTime:0.0010s ]
SQL: SELECT * FROM `tp_store_product_type` WHERE `falg` = 'c' AND `status` = 1 LIMIT 2,5   [ RunTime:0.0000s ]
INFO: [ app_end ] --START--
INFO: Run Behavior\ShowPageTraceBehavior [ RunTime:0.001000s ]
INFO: [ app_end ] --END-- [ RunTime:0.001000s ]

[ 2016-11-29T14:46:28+08:00 ] ::1 /index.php/Home/StoreIndex/index.html
INFO: [ app_init ] --START--
INFO: Run Behavior\BuildLiteBehavior [ RunTime:0.000000s ]
INFO: [ app_init ] --END-- [ RunTime:0.000000s ]

[ 2016-11-29T14:46:29+08:00 ] ::1 /index.php/Home/StoreIndex/IndexAjax.html?page=2
INFO: [ app_init ] --START--
INFO: Run Behavior\BuildLiteBehavior [ RunTime:0.000000s ]
INFO: [ app_init ] --END-- [ RunTime:0.000000s ]
INFO: [ app_begin ] --START--
INFO: Run Behavior\ReadHtmlCacheBehavior [ RunTime:0.001000s ]
INFO: [ app_begin ] --END-- [ RunTime:0.001000s ]
SQL: SHOW COLUMNS FROM `tp_store_type` [ RunTime:0.0020s ]
SQL: SELECT * FROM `tp_store_type` WHERE ( status = 1 )  [ RunTime:0.0010s ]
SQL: SHOW COLUMNS FROM `tp_store_product_type` [ RunTime:0.0020s ]
SQL: SELECT COUNT(*) AS tp_count FROM `tp_store_product_type` WHERE `falg` = 'c' AND `status` = 1 LIMIT 1   [ RunTime:0.0000s ]
SQL: SELECT * FROM `tp_store_product_type` WHERE `falg` = 'c' AND `status` = 1 LIMIT 2,5   [ RunTime:0.0010s ]
INFO: [ app_end ] --START--
INFO: Run Behavior\ShowPageTraceBehavior [ RunTime:0.000000s ]
INFO: [ app_end ] --END-- [ RunTime:0.000000s ]

[ 2016-11-29T14:46:32+08:00 ] ::1 /index.php/Home/StoreIndex/index.html
INFO: [ app_init ] --START--
INFO: Run Behavior\BuildLiteBehavior [ RunTime:0.000000s ]
INFO: [ app_init ] --END-- [ RunTime:0.001000s ]

[ 2016-11-29T14:46:33+08:00 ] ::1 /index.php/Home/StoreIndex/IndexAjax.html?page=2
INFO: [ app_init ] --START--
INFO: Run Behavior\BuildLiteBehavior [ RunTime:0.000000s ]
INFO: [ app_init ] --END-- [ RunTime:0.001001s ]
INFO: [ app_begin ] --START--
INFO: Run Behavior\ReadHtmlCacheBehavior [ RunTime:0.000000s ]
INFO: [ app_begin ] --END-- [ RunTime:0.000000s ]
SQL: SHOW COLUMNS FROM `tp_store_type` [ RunTime:0.0030s ]
SQL: SELECT * FROM `tp_store_type` WHERE ( status = 1 )  [ RunTime:0.0000s ]
SQL: SHOW COLUMNS FROM `tp_store_product_type` [ RunTime:0.0020s ]
SQL: SELECT COUNT(*) AS tp_count FROM `tp_store_product_type` WHERE `falg` = 'c' AND `status` = 1 LIMIT 1   [ RunTime:0.0000s ]
SQL: SELECT * FROM `tp_store_product_type` WHERE `falg` = 'c' AND `status` = 1 LIMIT 2,5   [ RunTime:0.0000s ]
INFO: [ app_end ] --START--
INFO: Run Behavior\ShowPageTraceBehavior [ RunTime:0.001000s ]
INFO: [ app_end ] --END-- [ RunTime:0.001000s ]

[ 2016-11-29T14:46:34+08:00 ] ::1 /index.php/Home/StoreIndex/IndexAjax.html?page=3
INFO: [ app_init ] --START--
INFO: Run Behavior\BuildLiteBehavior [ RunTime:0.000000s ]
INFO: [ app_init ] --END-- [ RunTime:0.000000s ]
INFO: [ app_begin ] --START--
INFO: Run Behavior\ReadHtmlCacheBehavior [ RunTime:0.000000s ]
INFO: [ app_begin ] --END-- [ RunTime:0.000000s ]
SQL: SHOW COLUMNS FROM `tp_store_type` [ RunTime:0.0030s ]
SQL: SELECT * FROM `tp_store_type` WHERE ( status = 1 )  [ RunTime:0.0000s ]
SQL: SHOW COLUMNS FROM `tp_store_product_type` [ RunTime:0.0020s ]
SQL: SELECT COUNT(*) AS tp_count FROM `tp_store_product_type` WHERE `falg` = 'c' AND `status` = 1 LIMIT 1   [ RunTime:0.0000s ]
SQL: SELECT * FROM `tp_store_product_type` WHERE `falg` = 'c' AND `status` = 1 LIMIT 3,5   [ RunTime:0.0000s ]
INFO: [ app_end ] --START--
INFO: Run Behavior\ShowPageTraceBehavior [ RunTime:0.000000s ]
INFO: [ app_end ] --END-- [ RunTime:0.000000s ]

[ 2016-11-29T14:47:13+08:00 ] ::1 /index.php/Home/StoreIndex/index.html
INFO: [ app_init ] --START--
INFO: Run Behavior\BuildLiteBehavior [ RunTime:0.000000s ]
INFO: [ app_init ] --END-- [ RunTime:0.001000s ]

[ 2016-11-29T14:47:14+08:00 ] ::1 /index.php/Home/StoreIndex/IndexAjax.html?page=2
INFO: [ app_init ] --START--
INFO: Run Behavior\BuildLiteBehavior [ RunTime:0.000000s ]
INFO: [ app_init ] --END-- [ RunTime:0.001000s ]
INFO: [ app_begin ] --START--
INFO: Run Behavior\ReadHtmlCacheBehavior [ RunTime:0.000000s ]
INFO: [ app_begin ] --END-- [ RunTime:0.000000s ]
SQL: SHOW COLUMNS FROM `tp_store_type` [ RunTime:0.0020s ]
SQL: SELECT * FROM `tp_store_type` WHERE ( status = 1 )  [ RunTime:0.0010s ]
SQL: SHOW COLUMNS FROM `tp_store_product_type` [ RunTime:0.0020s ]
SQL: SELECT COUNT(*) AS tp_count FROM `tp_store_product_type` WHERE `falg` = 'c' AND `status` = 1 LIMIT 1   [ RunTime:0.0000s ]
SQL: SELECT * FROM `tp_store_product_type` WHERE `falg` = 'c' AND `status` = 1 LIMIT 10,5   [ RunTime:0.0000s ]
INFO: [ app_end ] --START--
INFO: Run Behavior\ShowPageTraceBehavior [ RunTime:0.000000s ]
INFO: [ app_end ] --END-- [ RunTime:0.000000s ]

[ 2016-11-29T14:47:16+08:00 ] ::1 /index.php/Home/StoreIndex/index.html
INFO: [ app_init ] --START--
INFO: Run Behavior\BuildLiteBehavior [ RunTime:0.000000s ]
INFO: [ app_init ] --END-- [ RunTime:0.000000s ]

[ 2016-11-29T14:47:17+08:00 ] ::1 /index.php/Home/StoreIndex/index.html
INFO: [ app_init ] --START--
INFO: Run Behavior\BuildLiteBehavior [ RunTime:0.000000s ]
INFO: [ app_init ] --END-- [ RunTime:0.001000s ]

[ 2016-11-29T14:47:17+08:00 ] ::1 /index.php/Home/StoreIndex/index.html
INFO: [ app_init ] --START--
INFO: Run Behavior\BuildLiteBehavior [ RunTime:0.000000s ]
INFO: [ app_init ] --END-- [ RunTime:0.000000s ]

[ 2016-11-29T14:47:18+08:00 ] ::1 /index.php/Home/StoreIndex/IndexAjax.html?page=2
INFO: [ app_init ] --START--
INFO: Run Behavior\BuildLiteBehavior [ RunTime:0.000000s ]
INFO: [ app_init ] --END-- [ RunTime:0.000000s ]
INFO: [ app_begin ] --START--
INFO: Run Behavior\ReadHtmlCacheBehavior [ RunTime:0.001001s ]
INFO: [ app_begin ] --END-- [ RunTime:0.001001s ]
SQL: SHOW COLUMNS FROM `tp_store_type` [ RunTime:0.0040s ]
SQL: SELECT * FROM `tp_store_type` WHERE ( status = 1 )  [ RunTime:0.0000s ]
SQL: SHOW COLUMNS FROM `tp_store_product_type` [ RunTime:0.0040s ]
SQL: SELECT COUNT(*) AS tp_count FROM `tp_store_product_type` WHERE `falg` = 'c' AND `status` = 1 LIMIT 1   [ RunTime:0.0010s ]
SQL: SELECT * FROM `tp_store_product_type` WHERE `falg` = 'c' AND `status` = 1 LIMIT 10,5   [ RunTime:0.0000s ]
INFO: [ app_end ] --START--
INFO: Run Behavior\ShowPageTraceBehavior [ RunTime:0.001000s ]
INFO: [ app_end ] --END-- [ RunTime:0.001000s ]

[ 2016-11-29T14:47:19+08:00 ] ::1 /index.php/Home/StoreIndex/IndexAjax.html?page=3
INFO: [ app_init ] --START--
INFO: Run Behavior\BuildLiteBehavior [ RunTime:0.000000s ]
INFO: [ app_init ] --END-- [ RunTime:0.001000s ]
INFO: [ app_begin ] --START--
INFO: Run Behavior\ReadHtmlCacheBehavior [ RunTime:0.001000s ]
INFO: [ app_begin ] --END-- [ RunTime:0.001000s ]
SQL: SHOW COLUMNS FROM `tp_store_type` [ RunTime:0.0080s ]
SQL: SELECT * FROM `tp_store_type` WHERE ( status = 1 )  [ RunTime:0.0010s ]
SQL: SHOW COLUMNS FROM `tp_store_product_type` [ RunTime:0.0080s ]
SQL: SELECT COUNT(*) AS tp_count FROM `tp_store_product_type` WHERE `falg` = 'c' AND `status` = 1 LIMIT 1   [ RunTime:0.0010s ]
SQL: SELECT * FROM `tp_store_product_type` WHERE `falg` = 'c' AND `status` = 1 LIMIT 15,5   [ RunTime:0.0010s ]
INFO: [ app_end ] --START--
INFO: Run Behavior\ShowPageTraceBehavior [ RunTime:0.002000s ]
INFO: [ app_end ] --END-- [ RunTime:0.002000s ]

[ 2016-11-29T14:47:21+08:00 ] ::1 /index.php/Home/StoreIndex/index.html
INFO: [ app_init ] --START--
INFO: Run Behavior\BuildLiteBehavior [ RunTime:0.000000s ]
INFO: [ app_init ] --END-- [ RunTime:0.000000s ]

[ 2016-11-29T14:47:21+08:00 ] ::1 /index.php/Home/StoreIndex/index.html
INFO: [ app_init ] --START--
INFO: Run Behavior\BuildLiteBehavior [ RunTime:0.000000s ]
INFO: [ app_init ] --END-- [ RunTime:0.000000s ]

[ 2016-11-29T14:47:21+08:00 ] ::1 /index.php/Home/StoreIndex/index.html
INFO: [ app_init ] --START--
INFO: Run Behavior\BuildLiteBehavior [ RunTime:0.000000s ]
INFO: [ app_init ] --END-- [ RunTime:0.001000s ]

[ 2016-11-29T14:47:22+08:00 ] ::1 /index.php/Home/StoreIndex/IndexAjax.html?page=2
INFO: [ app_init ] --START--
INFO: Run Behavior\BuildLiteBehavior [ RunTime:0.000000s ]
INFO: [ app_init ] --END-- [ RunTime:0.001000s ]
INFO: [ app_begin ] --START--
INFO: Run Behavior\ReadHtmlCacheBehavior [ RunTime:0.000000s ]
INFO: [ app_begin ] --END-- [ RunTime:0.000000s ]
SQL: SHOW COLUMNS FROM `tp_store_type` [ RunTime:0.0040s ]
SQL: SELECT * FROM `tp_store_type` WHERE ( status = 1 )  [ RunTime:0.0000s ]
SQL: SHOW COLUMNS FROM `tp_store_product_type` [ RunTime:0.0030s ]
SQL: SELECT COUNT(*) AS tp_count FROM `tp_store_product_type` WHERE `falg` = 'c' AND `status` = 1 LIMIT 1   [ RunTime:0.0010s ]
SQL: SELECT * FROM `tp_store_product_type` WHERE `falg` = 'c' AND `status` = 1 LIMIT 10,5   [ RunTime:0.0000s ]
INFO: [ app_end ] --START--
INFO: Run Behavior\ShowPageTraceBehavior [ RunTime:0.001000s ]
INFO: [ app_end ] --END-- [ RunTime:0.001000s ]

[ 2016-11-29T14:47:23+08:00 ] ::1 /index.php/Home/StoreIndex/IndexAjax.html?page=3
INFO: [ app_init ] --START--
INFO: Run Behavior\BuildLiteBehavior [ RunTime:0.000000s ]
INFO: [ app_init ] --END-- [ RunTime:0.001001s ]
INFO: [ app_begin ] --START--
INFO: Run Behavior\ReadHtmlCacheBehavior [ RunTime:0.001000s ]
INFO: [ app_begin ] --END-- [ RunTime:0.001000s ]
SQL: SHOW COLUMNS FROM `tp_store_type` [ RunTime:0.0030s ]
SQL: SELECT * FROM `tp_store_type` WHERE ( status = 1 )  [ RunTime:0.0010s ]
SQL: SHOW COLUMNS FROM `tp_store_product_type` [ RunTime:0.0030s ]
SQL: SELECT COUNT(*) AS tp_count FROM `tp_store_product_type` WHERE `falg` = 'c' AND `status` = 1 LIMIT 1   [ RunTime:0.0000s ]
SQL: SELECT * FROM `tp_store_product_type` WHERE `falg` = 'c' AND `status` = 1 LIMIT 15,5   [ RunTime:0.0000s ]
INFO: [ app_end ] --START--
INFO: Run Behavior\ShowPageTraceBehavior [ RunTime:0.000000s ]
INFO: [ app_end ] --END-- [ RunTime:0.000000s ]

[ 2016-11-29T14:47:51+08:00 ] ::1 /index.php/Home/StoreIndex/index.html
INFO: [ app_init ] --START--
INFO: Run Behavior\BuildLiteBehavior [ RunTime:0.000000s ]
INFO: [ app_init ] --END-- [ RunTime:0.000000s ]

[ 2016-11-29T14:47:52+08:00 ] ::1 /index.php/Home/StoreIndex/IndexAjax.html?page=2
INFO: [ app_init ] --START--
INFO: Run Behavior\BuildLiteBehavior [ RunTime:0.000000s ]
INFO: [ app_init ] --END-- [ RunTime:0.001000s ]
INFO: [ app_begin ] --START--
INFO: Run Behavior\ReadHtmlCacheBehavior [ RunTime:0.000000s ]
INFO: [ app_begin ] --END-- [ RunTime:0.000000s ]
SQL: SHOW COLUMNS FROM `tp_store_type` [ RunTime:0.0020s ]
SQL: SELECT * FROM `tp_store_type` WHERE ( status = 1 )  [ RunTime:0.0000s ]
SQL: SHOW COLUMNS FROM `tp_store_product_type` [ RunTime:0.0020s ]
SQL: SELECT COUNT(*) AS tp_count FROM `tp_store_product_type` WHERE `falg` = 'c' AND `status` = 1 LIMIT 1   [ RunTime:0.0000s ]
SQL: SELECT * FROM `tp_store_product_type` WHERE `falg` = 'c' AND `status` = 1 LIMIT 5,5   [ RunTime:0.0010s ]
INFO: [ app_end ] --START--
INFO: Run Behavior\ShowPageTraceBehavior [ RunTime:0.000000s ]
INFO: [ app_end ] --END-- [ RunTime:0.000000s ]

[ 2016-11-29T14:47:55+08:00 ] ::1 /index.php/Home/StoreIndex/index.html
INFO: [ app_init ] --START--
INFO: Run Behavior\BuildLiteBehavior [ RunTime:0.000000s ]
INFO: [ app_init ] --END-- [ RunTime:0.001001s ]

[ 2016-11-29T14:48:06+08:00 ] ::1 /index.php/Home/StoreIndex/index.html
INFO: [ app_init ] --START--
INFO: Run Behavior\BuildLiteBehavior [ RunTime:0.000000s ]
INFO: [ app_init ] --END-- [ RunTime:0.000000s ]

[ 2016-11-29T14:48:07+08:00 ] ::1 /index.php/Home/StoreIndex/IndexAjax.html?page=2
INFO: [ app_init ] --START--
INFO: Run Behavior\BuildLiteBehavior [ RunTime:0.000000s ]
INFO: [ app_init ] --END-- [ RunTime:0.000000s ]
INFO: [ app_begin ] --START--
INFO: Run Behavior\ReadHtmlCacheBehavior [ RunTime:0.000000s ]
INFO: [ app_begin ] --END-- [ RunTime:0.000000s ]
SQL: SHOW COLUMNS FROM `tp_store_type` [ RunTime:0.0020s ]
SQL: SELECT * FROM `tp_store_type` WHERE ( status = 1 )  [ RunTime:0.0000s ]
SQL: SHOW COLUMNS FROM `tp_store_product_type` [ RunTime:0.0030s ]
SQL: SELECT COUNT(*) AS tp_count FROM `tp_store_product_type` WHERE `falg` = 'c' AND `status` = 1 LIMIT 1   [ RunTime:0.0000s ]
SQL: SELECT * FROM `tp_store_product_type` WHERE `falg` = 'c' AND `status` = 1 LIMIT 5,5   [ RunTime:0.0010s ]
INFO: [ app_end ] --START--
INFO: Run Behavior\ShowPageTraceBehavior [ RunTime:0.001000s ]
INFO: [ app_end ] --END-- [ RunTime:0.001000s ]

[ 2016-11-29T14:48:09+08:00 ] ::1 /index.php/Home/StoreIndex/IndexAjax.html?page=3
INFO: [ app_init ] --START--
INFO: Run Behavior\BuildLiteBehavior [ RunTime:0.000000s ]
INFO: [ app_init ] --END-- [ RunTime:0.001000s ]
INFO: [ app_begin ] --START--
INFO: Run Behavior\ReadHtmlCacheBehavior [ RunTime:0.001000s ]
INFO: [ app_begin ] --END-- [ RunTime:0.001000s ]
SQL: SHOW COLUMNS FROM `tp_store_type` [ RunTime:0.0060s ]
SQL: SELECT * FROM `tp_store_type` WHERE ( status = 1 )  [ RunTime:0.0000s ]
SQL: SHOW COLUMNS FROM `tp_store_product_type` [ RunTime:0.0060s ]
SQL: SELECT COUNT(*) AS tp_count FROM `tp_store_product_type` WHERE `falg` = 'c' AND `status` = 1 LIMIT 1   [ RunTime:0.0000s ]
SQL: SELECT * FROM `tp_store_product_type` WHERE `falg` = 'c' AND `status` = 1 LIMIT 10,5   [ RunTime:0.0000s ]
INFO: [ app_end ] --START--
INFO: Run Behavior\ShowPageTraceBehavior [ RunTime:0.001000s ]
INFO: [ app_end ] --END-- [ RunTime:0.002000s ]

[ 2016-11-29T14:48:11+08:00 ] ::1 /index.php/Home/StoreIndex/index.html
INFO: [ app_init ] --START--
INFO: Run Behavior\BuildLiteBehavior [ RunTime:0.000000s ]
INFO: [ app_init ] --END-- [ RunTime:0.001000s ]

[ 2016-11-29T14:48:11+08:00 ] ::1 /index.php/Home/StoreIndex/IndexAjax.html?page=2
INFO: [ app_init ] --START--
INFO: Run Behavior\BuildLiteBehavior [ RunTime:0.000000s ]
INFO: [ app_init ] --END-- [ RunTime:0.000000s ]
INFO: [ app_begin ] --START--
INFO: Run Behavior\ReadHtmlCacheBehavior [ RunTime:0.001000s ]
INFO: [ app_begin ] --END-- [ RunTime:0.001000s ]
SQL: SHOW COLUMNS FROM `tp_store_type` [ RunTime:0.0020s ]
SQL: SELECT * FROM `tp_store_type` WHERE ( status = 1 )  [ RunTime:0.0010s ]
SQL: SHOW COLUMNS FROM `tp_store_product_type` [ RunTime:0.0020s ]
SQL: SELECT COUNT(*) AS tp_count FROM `tp_store_product_type` WHERE `falg` = 'c' AND `status` = 1 LIMIT 1   [ RunTime:0.0000s ]
SQL: SELECT * FROM `tp_store_product_type` WHERE `falg` = 'c' AND `status` = 1 LIMIT 5,5   [ RunTime:0.0000s ]
INFO: [ app_end ] --START--
INFO: Run Behavior\ShowPageTraceBehavior [ RunTime:0.000000s ]
INFO: [ app_end ] --END-- [ RunTime:0.000000s ]

[ 2016-11-29T14:48:12+08:00 ] ::1 /index.php/Home/StoreIndex/index.html
INFO: [ app_init ] --START--
INFO: Run Behavior\BuildLiteBehavior [ RunTime:0.000000s ]
INFO: [ app_init ] --END-- [ RunTime:0.000000s ]

[ 2016-11-29T14:48:13+08:00 ] ::1 /index.php/Home/StoreIndex/IndexAjax.html?page=2
INFO: [ app_init ] --START--
INFO: Run Behavior\BuildLiteBehavior [ RunTime:0.000000s ]
INFO: [ app_init ] --END-- [ RunTime:0.001000s ]
INFO: [ app_begin ] --START--
INFO: Run Behavior\ReadHtmlCacheBehavior [ RunTime:0.001000s ]
INFO: [ app_begin ] --END-- [ RunTime:0.001000s ]
SQL: SHOW COLUMNS FROM `tp_store_type` [ RunTime:0.0040s ]
SQL: SELECT * FROM `tp_store_type` WHERE ( status = 1 )  [ RunTime:0.0010s ]
SQL: SHOW COLUMNS FROM `tp_store_product_type` [ RunTime:0.0040s ]
SQL: SELECT COUNT(*) AS tp_count FROM `tp_store_product_type` WHERE `falg` = 'c' AND `status` = 1 LIMIT 1   [ RunTime:0.0000s ]
SQL: SELECT * FROM `tp_store_product_type` WHERE `falg` = 'c' AND `status` = 1 LIMIT 5,5   [ RunTime:0.0010s ]
INFO: [ app_end ] --START--
INFO: Run Behavior\ShowPageTraceBehavior [ RunTime:0.001000s ]
INFO: [ app_end ] --END-- [ RunTime:0.001000s ]

[ 2016-11-29T14:48:14+08:00 ] ::1 /index.php/Home/StoreIndex/IndexAjax.html?page=3
INFO: [ app_init ] --START--
INFO: Run Behavior\BuildLiteBehavior [ RunTime:0.000000s ]
INFO: [ app_init ] --END-- [ RunTime:0.000000s ]
INFO: [ app_begin ] --START--
INFO: Run Behavior\ReadHtmlCacheBehavior [ RunTime:0.001000s ]
INFO: [ app_begin ] --END-- [ RunTime:0.001000s ]
SQL: SHOW COLUMNS FROM `tp_store_type` [ RunTime:0.0050s ]
SQL: SELECT * FROM `tp_store_type` WHERE ( status = 1 )  [ RunTime:0.0010s ]
SQL: SHOW COLUMNS FROM `tp_store_product_type` [ RunTime:0.0050s ]
SQL: SELECT COUNT(*) AS tp_count FROM `tp_store_product_type` WHERE `falg` = 'c' AND `status` = 1 LIMIT 1   [ RunTime:0.0000s ]
SQL: SELECT * FROM `tp_store_product_type` WHERE `falg` = 'c' AND `status` = 1 LIMIT 10,5   [ RunTime:0.0010s ]
INFO: [ app_end ] --START--
INFO: Run Behavior\ShowPageTraceBehavior [ RunTime:0.001000s ]
INFO: [ app_end ] --END-- [ RunTime:0.001000s ]

[ 2016-11-29T14:48:19+08:00 ] ::1 /index.php/Home/StoreIndex/index.html
INFO: [ app_init ] --START--
INFO: Run Behavior\BuildLiteBehavior [ RunTime:0.000000s ]
INFO: [ app_init ] --END-- [ RunTime:0.001000s ]

[ 2016-11-29T14:48:19+08:00 ] ::1 /index.php/Home/StoreIndex/IndexAjax.html?page=2
INFO: [ app_init ] --START--
INFO: Run Behavior\BuildLiteBehavior [ RunTime:0.000000s ]
INFO: [ app_init ] --END-- [ RunTime:0.000000s ]
INFO: [ app_begin ] --START--
INFO: Run Behavior\ReadHtmlCacheBehavior [ RunTime:0.000000s ]
INFO: [ app_begin ] --END-- [ RunTime:0.000000s ]
SQL: SHOW COLUMNS FROM `tp_store_type` [ RunTime:0.0020s ]
SQL: SELECT * FROM `tp_store_type` WHERE ( status = 1 )  [ RunTime:0.0000s ]
SQL: SHOW COLUMNS FROM `tp_store_product_type` [ RunTime:0.0020s ]
SQL: SELECT COUNT(*) AS tp_count FROM `tp_store_product_type` WHERE `falg` = 'c' AND `status` = 1 LIMIT 1   [ RunTime:0.0000s ]
SQL: SELECT * FROM `tp_store_product_type` WHERE `falg` = 'c' AND `status` = 1 LIMIT 5,5   [ RunTime:0.0000s ]
INFO: [ app_end ] --START--
INFO: Run Behavior\ShowPageTraceBehavior [ RunTime:0.000000s ]
INFO: [ app_end ] --END-- [ RunTime:0.000000s ]

[ 2016-11-29T14:48:21+08:00 ] ::1 /index.php/Home/StoreIndex/index.html
INFO: [ app_init ] --START--
INFO: Run Behavior\BuildLiteBehavior [ RunTime:0.000000s ]
INFO: [ app_init ] --END-- [ RunTime:0.001000s ]

[ 2016-11-29T14:48:23+08:00 ] ::1 /index.php/Home/StoreIndex/index.html
INFO: [ app_init ] --START--
INFO: Run Behavior\BuildLiteBehavior [ RunTime:0.000000s ]
INFO: [ app_init ] --END-- [ RunTime:0.000000s ]

[ 2016-11-29T14:48:23+08:00 ] ::1 /index.php/Home/StoreIndex/index.html
INFO: [ app_init ] --START--
INFO: Run Behavior\BuildLiteBehavior [ RunTime:0.000000s ]
INFO: [ app_init ] --END-- [ RunTime:0.000000s ]

[ 2016-11-29T14:48:24+08:00 ] ::1 /index.php/Home/StoreIndex/index.html
INFO: [ app_init ] --START--
INFO: Run Behavior\BuildLiteBehavior [ RunTime:0.000000s ]
INFO: [ app_init ] --END-- [ RunTime:0.000000s ]

[ 2016-11-29T14:48:24+08:00 ] ::1 /index.php/Home/StoreIndex/index.html
INFO: [ app_init ] --START--
INFO: Run Behavior\BuildLiteBehavior [ RunTime:0.000000s ]
INFO: [ app_init ] --END-- [ RunTime:0.000000s ]

[ 2016-11-29T14:48:29+08:00 ] ::1 /index.php/Home/StoreIndex/IndexAjax.html?page=2
INFO: [ app_init ] --START--
INFO: Run Behavior\BuildLiteBehavior [ RunTime:0.000000s ]
INFO: [ app_init ] --END-- [ RunTime:0.001000s ]
INFO: [ app_begin ] --START--
INFO: Run Behavior\ReadHtmlCacheBehavior [ RunTime:0.001001s ]
INFO: [ app_begin ] --END-- [ RunTime:0.001001s ]
SQL: SHOW COLUMNS FROM `tp_store_type` [ RunTime:0.0030s ]
SQL: SELECT * FROM `tp_store_type` WHERE ( status = 1 )  [ RunTime:0.0000s ]
SQL: SHOW COLUMNS FROM `tp_store_product_type` [ RunTime:0.0030s ]
SQL: SELECT COUNT(*) AS tp_count FROM `tp_store_product_type` WHERE `falg` = 'c' AND `status` = 1 LIMIT 1   [ RunTime:0.0000s ]
SQL: SELECT * FROM `tp_store_product_type` WHERE `falg` = 'c' AND `status` = 1 LIMIT 5,5   [ RunTime:0.0000s ]
INFO: [ app_end ] --START--
INFO: Run Behavior\ShowPageTraceBehavior [ RunTime:0.000000s ]
INFO: [ app_end ] --END-- [ RunTime:0.000000s ]

[ 2016-11-29T14:48:33+08:00 ] ::1 /index.php/Home/StoreIndex/IndexAjax.html?page=3
INFO: [ app_init ] --START--
INFO: Run Behavior\BuildLiteBehavior [ RunTime:0.000000s ]
INFO: [ app_init ] --END-- [ RunTime:0.000000s ]
INFO: [ app_begin ] --START--
INFO: Run Behavior\ReadHtmlCacheBehavior [ RunTime:0.001000s ]
INFO: [ app_begin ] --END-- [ RunTime:0.001000s ]
SQL: SHOW COLUMNS FROM `tp_store_type` [ RunTime:0.0040s ]
SQL: SELECT * FROM `tp_store_type` WHERE ( status = 1 )  [ RunTime:0.0000s ]
SQL: SHOW COLUMNS FROM `tp_store_product_type` [ RunTime:0.0020s ]
SQL: SELECT COUNT(*) AS tp_count FROM `tp_store_product_type` WHERE `falg` = 'c' AND `status` = 1 LIMIT 1   [ RunTime:0.0000s ]
SQL: SELECT * FROM `tp_store_product_type` WHERE `falg` = 'c' AND `status` = 1 LIMIT 10,5   [ RunTime:0.0000s ]
INFO: [ app_end ] --START--
INFO: Run Behavior\ShowPageTraceBehavior [ RunTime:0.001000s ]
INFO: [ app_end ] --END-- [ RunTime:0.001000s ]

[ 2016-11-29T16:02:55+08:00 ] ::1 /index.php/Home/StoreTypeList/Index/typeid/4.html
INFO: [ app_init ] --START--
INFO: Run Behavior\BuildLiteBehavior [ RunTime:0.000000s ]
INFO: [ app_init ] --END-- [ RunTime:0.000000s ]

[ 2016-11-29T16:02:57+08:00 ] ::1 /index.php/Home/StoreTypeList/PageSplit.html?typeid=undefined&page=2
INFO: [ app_init ] --START--
INFO: Run Behavior\BuildLiteBehavior [ RunTime:0.001000s ]
INFO: [ app_init ] --END-- [ RunTime:0.001000s ]
INFO: [ app_begin ] --START--
INFO: Run Behavior\ReadHtmlCacheBehavior [ RunTime:0.001000s ]
INFO: [ app_begin ] --END-- [ RunTime:0.001000s ]
SQL: SHOW COLUMNS FROM `tp_store_product_type` [ RunTime:0.0030s ]
SQL: SELECT COUNT(*) AS tp_count FROM `tp_store_product_type` WHERE `typeid` = 0 LIMIT 1   [ RunTime:0.0000s ]
SQL: SELECT * FROM `tp_store_product_type` WHERE `typeid` = 0 LIMIT 0,5   [ RunTime:0.0000s ]
INFO: [ app_end ] --START--
INFO: Run Behavior\ShowPageTraceBehavior [ RunTime:0.001000s ]
INFO: [ app_end ] --END-- [ RunTime:0.001000s ]

[ 2016-11-29T16:03:07+08:00 ] ::1 /index.php/Home/StoreIndex/index.html
INFO: [ app_init ] --START--
INFO: Run Behavior\BuildLiteBehavior [ RunTime:0.000000s ]
INFO: [ app_init ] --END-- [ RunTime:0.000000s ]

[ 2016-11-29T16:03:08+08:00 ] ::1 /index.php/Home/StoreIndex/IndexAjax.html?page=2
INFO: [ app_init ] --START--
INFO: Run Behavior\BuildLiteBehavior [ RunTime:0.000000s ]
INFO: [ app_init ] --END-- [ RunTime:0.000000s ]
INFO: [ app_begin ] --START--
INFO: Run Behavior\ReadHtmlCacheBehavior [ RunTime:0.000000s ]
INFO: [ app_begin ] --END-- [ RunTime:0.000000s ]
SQL: SHOW COLUMNS FROM `tp_store_type` [ RunTime:0.0020s ]
SQL: SELECT * FROM `tp_store_type` WHERE ( status = 1 )  [ RunTime:0.0000s ]
SQL: SHOW COLUMNS FROM `tp_store_product_type` [ RunTime:0.0020s ]
SQL: SELECT COUNT(*) AS tp_count FROM `tp_store_product_type` WHERE `falg` = 'c' AND `status` = 1 LIMIT 1   [ RunTime:0.0000s ]
SQL: SELECT * FROM `tp_store_product_type` WHERE `falg` = 'c' AND `status` = 1 LIMIT 5,5   [ RunTime:0.0000s ]
INFO: [ app_end ] --START--
INFO: Run Behavior\ShowPageTraceBehavior [ RunTime:0.001000s ]
INFO: [ app_end ] --END-- [ RunTime:0.001000s ]

[ 2016-11-29T16:03:09+08:00 ] ::1 /index.php/Home/StoreIndex/IndexAjax.html?page=3
INFO: [ app_init ] --START--
INFO: Run Behavior\BuildLiteBehavior [ RunTime:0.000000s ]
INFO: [ app_init ] --END-- [ RunTime:0.001000s ]
INFO: [ app_begin ] --START--
INFO: Run Behavior\ReadHtmlCacheBehavior [ RunTime:0.001000s ]
INFO: [ app_begin ] --END-- [ RunTime:0.001000s ]
SQL: SHOW COLUMNS FROM `tp_store_type` [ RunTime:0.0030s ]
SQL: SELECT * FROM `tp_store_type` WHERE ( status = 1 )  [ RunTime:0.0010s ]
SQL: SHOW COLUMNS FROM `tp_store_product_type` [ RunTime:0.0030s ]
SQL: SELECT COUNT(*) AS tp_count FROM `tp_store_product_type` WHERE `falg` = 'c' AND `status` = 1 LIMIT 1   [ RunTime:0.0010s ]
SQL: SELECT * FROM `tp_store_product_type` WHERE `falg` = 'c' AND `status` = 1 LIMIT 10,5   [ RunTime:0.0000s ]
INFO: [ app_end ] --START--
INFO: Run Behavior\ShowPageTraceBehavior [ RunTime:0.001000s ]
INFO: [ app_end ] --END-- [ RunTime:0.001000s ]

[ 2016-11-29T16:03:13+08:00 ] ::1 /index.php/Home/StoreIndex/index.html
INFO: [ app_init ] --START--
INFO: Run Behavior\BuildLiteBehavior [ RunTime:0.000000s ]
INFO: [ app_init ] --END-- [ RunTime:0.000000s ]

[ 2016-11-29T16:03:19+08:00 ] ::1 /index.php/Home/StoreIndex/index.html
INFO: [ app_init ] --START--
INFO: Run Behavior\BuildLiteBehavior [ RunTime:0.000000s ]
INFO: [ app_init ] --END-- [ RunTime:0.001000s ]

[ 2016-11-29T16:03:20+08:00 ] ::1 /index.php/Home/StoreIndex/IndexAjax.html?page=2
INFO: [ app_init ] --START--
INFO: Run Behavior\BuildLiteBehavior [ RunTime:0.000000s ]
INFO: [ app_init ] --END-- [ RunTime:0.001000s ]
INFO: [ app_begin ] --START--
INFO: Run Behavior\ReadHtmlCacheBehavior [ RunTime:0.000000s ]
INFO: [ app_begin ] --END-- [ RunTime:0.000000s ]
SQL: SHOW COLUMNS FROM `tp_store_type` [ RunTime:0.0020s ]
SQL: SELECT * FROM `tp_store_type` WHERE ( status = 1 )  [ RunTime:0.0000s ]
SQL: SHOW COLUMNS FROM `tp_store_product_type` [ RunTime:0.0030s ]
SQL: SELECT COUNT(*) AS tp_count FROM `tp_store_product_type` WHERE `falg` = 'c' AND `status` = 1 LIMIT 1   [ RunTime:0.0000s ]
SQL: SELECT * FROM `tp_store_product_type` WHERE `falg` = 'c' AND `status` = 1 LIMIT 5,5   [ RunTime:0.0000s ]
INFO: [ app_end ] --START--
INFO: Run Behavior\ShowPageTraceBehavior [ RunTime:0.000000s ]
INFO: [ app_end ] --END-- [ RunTime:0.000000s ]

[ 2016-11-29T16:03:23+08:00 ] ::1 /index.php/Home/StoreIndex/IndexAjax.html?page=3
INFO: [ app_init ] --START--
INFO: Run Behavior\BuildLiteBehavior [ RunTime:0.000000s ]
INFO: [ app_init ] --END-- [ RunTime:0.001001s ]
INFO: [ app_begin ] --START--
INFO: Run Behavior\ReadHtmlCacheBehavior [ RunTime:0.001000s ]
INFO: [ app_begin ] --END-- [ RunTime:0.001000s ]
SQL: SHOW COLUMNS FROM `tp_store_type` [ RunTime:0.0050s ]
SQL: SELECT * FROM `tp_store_type` WHERE ( status = 1 )  [ RunTime:0.0010s ]
SQL: SHOW COLUMNS FROM `tp_store_product_type` [ RunTime:0.0050s ]
SQL: SELECT COUNT(*) AS tp_count FROM `tp_store_product_type` WHERE `falg` = 'c' AND `status` = 1 LIMIT 1   [ RunTime:0.0000s ]
SQL: SELECT * FROM `tp_store_product_type` WHERE `falg` = 'c' AND `status` = 1 LIMIT 10,5   [ RunTime:0.0000s ]
INFO: [ app_end ] --START--
INFO: Run Behavior\ShowPageTraceBehavior [ RunTime:0.001000s ]
INFO: [ app_end ] --END-- [ RunTime:0.001000s ]

[ 2016-11-29T16:03:29+08:00 ] ::1 /index.php/Home/StoreShopIndex/ShopArticle/id/7.html
INFO: [ app_init ] --START--
INFO: Run Behavior\BuildLiteBehavior [ RunTime:0.000000s ]
INFO: [ app_init ] --END-- [ RunTime:0.000000s ]

