[ 2016-11-30T08:19:35+08:00 ] ::1 /index.php/Home/StoreShopIndex/ShopArticle/id/4.html
INFO: [ app_init ] --START--
INFO: Run Behavior\BuildLiteBehavior [ RunTime:0.000000s ]
INFO: [ app_init ] --END-- [ RunTime:0.000000s ]

[ 2016-11-30T08:19:38+08:00 ] ::1 /index.php/Home/StoreProductOrder/ProductOrder/id/61/tid/1.html
INFO: [ app_init ] --START--
INFO: Run Behavior\BuildLiteBehavior [ RunTime:0.000000s ]
INFO: [ app_init ] --END-- [ RunTime:0.001000s ]

[ 2016-11-30T08:31:20+08:00 ] ::1 /index.php/Home/StoreShopIndex/ProductArticle/id/58.html
INFO: [ app_init ] --START--
INFO: Run Behavior\BuildLiteBehavior [ RunTime:0.000000s ]
INFO: [ app_init ] --END-- [ RunTime:0.000000s ]

[ 2016-11-30T09:12:41+08:00 ] ::1 /index.php/Home/StoreShopIndex/ProductArticle/id/58.html
INFO: [ app_init ] --START--
INFO: Run Behavior\BuildLiteBehavior [ RunTime:0.000000s ]
INFO: [ app_init ] --END-- [ RunTime:0.000000s ]

[ 2016-11-30T09:12:45+08:00 ] ::1 /index.php/Home/StoreIndex/index.html
INFO: [ app_init ] --START--
INFO: Run Behavior\BuildLiteBehavior [ RunTime:0.000000s ]
INFO: [ app_init ] --END-- [ RunTime:0.001000s ]

[ 2016-11-30T09:13:23+08:00 ] ::1 /index.php/Home/StoreShopIndex/ShopArticle/id/3.html
INFO: [ app_init ] --START--
INFO: Run Behavior\BuildLiteBehavior [ RunTime:0.000000s ]
INFO: [ app_init ] --END-- [ RunTime:0.001000s ]

[ 2016-11-30T09:13:25+08:00 ] ::1 /index.php/Home/StoreIndex/index.html
INFO: [ app_init ] --START--
INFO: Run Behavior\BuildLiteBehavior [ RunTime:0.000000s ]
INFO: [ app_init ] --END-- [ RunTime:0.001000s ]

[ 2016-11-30T09:13:28+08:00 ] ::1 /index.php/Home/StoreShopIndex/ShopArticle/id/4.html
INFO: [ app_init ] --START--
INFO: Run Behavior\BuildLiteBehavior [ RunTime:0.000000s ]
INFO: [ app_init ] --END-- [ RunTime:0.001000s ]

[ 2016-11-30T09:13:40+08:00 ] ::1 /index.php/Home/StoreIndex/index.html
INFO: [ app_init ] --START--
INFO: Run Behavior\BuildLiteBehavior [ RunTime:0.000000s ]
INFO: [ app_init ] --END-- [ RunTime:0.001000s ]

[ 2016-11-30T09:13:47+08:00 ] ::1 /index.php/home/Index/UserSet/username/
INFO: [ app_init ] --START--
INFO: Run Behavior\BuildLiteBehavior [ RunTime:0.000000s ]
INFO: [ app_init ] --END-- [ RunTime:0.001000s ]

[ 2016-11-30T09:13:48+08:00 ] ::1 /index.php/Home/Index/Login
INFO: [ app_init ] --START--
INFO: Run Behavior\BuildLiteBehavior [ RunTime:0.000000s ]
INFO: [ app_init ] --END-- [ RunTime:0.001000s ]

[ 2016-11-30T09:13:57+08:00 ] ::1 /index.php/home/index/logincheck
INFO: [ app_init ] --START--
INFO: Run Behavior\BuildLiteBehavior [ RunTime:0.000000s ]
INFO: [ app_init ] --END-- [ RunTime:0.001000s ]

[ 2016-11-30T09:13:58+08:00 ] ::1 /index.php/home/index/index
INFO: [ app_init ] --START--
INFO: Run Behavior\BuildLiteBehavior [ RunTime:0.000000s ]
INFO: [ app_init ] --END-- [ RunTime:0.000000s ]

[ 2016-11-30T09:14:00+08:00 ] ::1 /index.php/home/Index/about
INFO: [ app_init ] --START--
INFO: Run Behavior\BuildLiteBehavior [ RunTime:0.000000s ]
INFO: [ app_init ] --END-- [ RunTime:0.000000s ]

[ 2016-11-30T09:14:01+08:00 ] ::1 /index.php/home/index/index/
INFO: [ app_init ] --START--
INFO: Run Behavior\BuildLiteBehavior [ RunTime:0.000000s ]
INFO: [ app_init ] --END-- [ RunTime:0.000000s ]

[ 2016-11-30T09:14:18+08:00 ] ::1 /index.php/home/Index/index
INFO: [ app_init ] --START--
INFO: Run Behavior\BuildLiteBehavior [ RunTime:0.000000s ]
INFO: [ app_init ] --END-- [ RunTime:0.000000s ]

[ 2016-11-30T09:14:22+08:00 ] ::1 /index.php/home/Index/UserSet
INFO: [ app_init ] --START--
INFO: Run Behavior\BuildLiteBehavior [ RunTime:0.000000s ]
INFO: [ app_init ] --END-- [ RunTime:0.000000s ]

[ 2016-11-30T09:14:38+08:00 ] ::1 /index.php/home/vip/vipCenter
INFO: [ app_init ] --START--
INFO: Run Behavior\BuildLiteBehavior [ RunTime:0.000000s ]
INFO: [ app_init ] --END-- [ RunTime:0.001000s ]

[ 2016-11-30T09:14:44+08:00 ] ::1 /index.php/home/vip/vipCenter
INFO: [ app_init ] --START--
INFO: Run Behavior\BuildLiteBehavior [ RunTime:0.000000s ]
INFO: [ app_init ] --END-- [ RunTime:0.000000s ]

[ 2016-11-30T09:15:10+08:00 ] ::1 /index.php/home/Index/UserSet
INFO: [ app_init ] --START--
INFO: Run Behavior\BuildLiteBehavior [ RunTime:0.001000s ]
INFO: [ app_init ] --END-- [ RunTime:0.001000s ]

[ 2016-11-30T09:15:17+08:00 ] ::1 /index.php/home/Vip/VipGouMainCheck
INFO: [ app_init ] --START--
INFO: Run Behavior\BuildLiteBehavior [ RunTime:0.000000s ]
INFO: [ app_init ] --END-- [ RunTime:0.000000s ]
INFO: [ app_begin ] --START--
INFO: Run Behavior\ReadHtmlCacheBehavior [ RunTime:0.001001s ]
INFO: [ app_begin ] --END-- [ RunTime:0.001001s ]
SQL: SHOW COLUMNS FROM `tp_type` [ RunTime:0.0020s ]
SQL: SHOW COLUMNS FROM `tp_user` [ RunTime:0.0020s ]
SQL: SELECT * FROM `tp_user` WHERE `username` = '8801' LIMIT 1   [ RunTime:0.0000s ]

[ 2016-11-30T09:15:22+08:00 ] ::1 /index.php/home/vip/vipCenter
INFO: [ app_init ] --START--
INFO: Run Behavior\BuildLiteBehavior [ RunTime:0.000000s ]
INFO: [ app_init ] --END-- [ RunTime:0.001000s ]

[ 2016-11-30T09:16:57+08:00 ] ::1 /index.php/home/vip/vipCenter
INFO: [ app_init ] --START--
INFO: Run Behavior\BuildLiteBehavior [ RunTime:0.000000s ]
INFO: [ app_init ] --END-- [ RunTime:0.000000s ]

[ 2016-11-30T09:24:14+08:00 ] ::1 /index.php/home/vip/vipCenter
INFO: [ app_init ] --START--
INFO: Run Behavior\BuildLiteBehavior [ RunTime:0.000000s ]
INFO: [ app_init ] --END-- [ RunTime:0.000000s ]

[ 2016-11-30T09:24:17+08:00 ] ::1 /index.php/home/index/index
INFO: [ app_init ] --START--
INFO: Run Behavior\BuildLiteBehavior [ RunTime:0.000000s ]
INFO: [ app_init ] --END-- [ RunTime:0.001000s ]

[ 2016-11-30T09:24:25+08:00 ] ::1 /index.php/home/vip/vipCenter
INFO: [ app_init ] --START--
INFO: Run Behavior\BuildLiteBehavior [ RunTime:0.000000s ]
INFO: [ app_init ] --END-- [ RunTime:0.001000s ]

[ 2016-11-30T09:24:31+08:00 ] ::1 /index.php/home/index/index
INFO: [ app_init ] --START--
INFO: Run Behavior\BuildLiteBehavior [ RunTime:0.000000s ]
INFO: [ app_init ] --END-- [ RunTime:0.000000s ]

[ 2016-11-30T09:24:37+08:00 ] ::1 /index.php/home/Index/UserSet
INFO: [ app_init ] --START--
INFO: Run Behavior\BuildLiteBehavior [ RunTime:0.001000s ]
INFO: [ app_init ] --END-- [ RunTime:0.001000s ]

[ 2016-11-30T10:58:43+08:00 ] ::1 /index.php/home/index/index
INFO: [ app_init ] --START--
INFO: Run Behavior\BuildLiteBehavior [ RunTime:0.000000s ]
INFO: [ app_init ] --END-- [ RunTime:0.001000s ]

[ 2016-11-30T10:58:44+08:00 ] ::1 /index.php/Home/StoreIndex/index.html
INFO: [ app_init ] --START--
INFO: Run Behavior\BuildLiteBehavior [ RunTime:0.000000s ]
INFO: [ app_init ] --END-- [ RunTime:0.001000s ]

[ 2016-11-30T10:58:50+08:00 ] ::1 /index.php/Home/StoreIndex/IndexAjax.html?page=2
INFO: [ app_init ] --START--
INFO: Run Behavior\BuildLiteBehavior [ RunTime:0.000000s ]
INFO: [ app_init ] --END-- [ RunTime:0.000000s ]
INFO: [ app_begin ] --START--
INFO: Run Behavior\ReadHtmlCacheBehavior [ RunTime:0.001000s ]
INFO: [ app_begin ] --END-- [ RunTime:0.001000s ]
SQL: SHOW COLUMNS FROM `tp_store_type` [ RunTime:0.0040s ]
SQL: SELECT * FROM `tp_store_type` WHERE ( status = 1 )  [ RunTime:0.0000s ]
SQL: SHOW COLUMNS FROM `tp_store_product_type` [ RunTime:0.0020s ]
SQL: SELECT COUNT(*) AS tp_count FROM `tp_store_product_type` WHERE `falg` = 'c' AND `status` = 1 LIMIT 1   [ RunTime:0.0010s ]
SQL: SELECT * FROM `tp_store_product_type` WHERE `falg` = 'c' AND `status` = 1 LIMIT 5,5   [ RunTime:0.0000s ]
INFO: [ app_end ] --START--
INFO: Run Behavior\ShowPageTraceBehavior [ RunTime:0.001000s ]
INFO: [ app_end ] --END-- [ RunTime:0.001000s ]

[ 2016-11-30T10:58:50+08:00 ] ::1 /index.php/Home/StoreIndex/IndexAjax.html?page=3
INFO: [ app_init ] --START--
INFO: Run Behavior\BuildLiteBehavior [ RunTime:0.000000s ]
INFO: [ app_init ] --END-- [ RunTime:0.001000s ]
INFO: [ app_begin ] --START--
INFO: Run Behavior\ReadHtmlCacheBehavior [ RunTime:0.001000s ]
INFO: [ app_begin ] --END-- [ RunTime:0.001000s ]
SQL: SHOW COLUMNS FROM `tp_store_type` [ RunTime:0.0060s ]
SQL: SELECT * FROM `tp_store_type` WHERE ( status = 1 )  [ RunTime:0.0010s ]
SQL: SHOW COLUMNS FROM `tp_store_product_type` [ RunTime:0.0060s ]
SQL: SELECT COUNT(*) AS tp_count FROM `tp_store_product_type` WHERE `falg` = 'c' AND `status` = 1 LIMIT 1   [ RunTime:0.0010s ]
SQL: SELECT * FROM `tp_store_product_type` WHERE `falg` = 'c' AND `status` = 1 LIMIT 10,5   [ RunTime:0.0010s ]
INFO: [ app_end ] --START--
INFO: Run Behavior\ShowPageTraceBehavior [ RunTime:0.001000s ]
INFO: [ app_end ] --END-- [ RunTime:0.001000s ]

[ 2016-11-30T15:50:45+08:00 ] ::1 /index.php/Home/StoreIndex/index.html
INFO: [ app_init ] --START--
INFO: Run Behavior\BuildLiteBehavior [ RunTime:0.000000s ]
INFO: [ app_init ] --END-- [ RunTime:0.000000s ]

[ 2016-11-30T15:50:55+08:00 ] ::1 /index.php?Home/StoreIndex/index.html
INFO: [ app_init ] --START--
INFO: Run Behavior\BuildLiteBehavior [ RunTime:0.000000s ]
INFO: [ app_init ] --END-- [ RunTime:0.000000s ]

[ 2016-11-30T15:51:28+08:00 ] ::1 /index.php?Home/StoreIndex/index.html
INFO: [ app_init ] --START--
INFO: Run Behavior\BuildLiteBehavior [ RunTime:0.000000s ]
INFO: [ app_init ] --END-- [ RunTime:0.000000s ]

[ 2016-11-30T15:51:33+08:00 ] ::1 /index.php?StoreIndex/index.html
INFO: [ app_init ] --START--
INFO: Run Behavior\BuildLiteBehavior [ RunTime:0.000000s ]
INFO: [ app_init ] --END-- [ RunTime:0.000000s ]

[ 2016-11-30T15:51:49+08:00 ] ::1 /index.php?StoreIndex/index
INFO: [ app_init ] --START--
INFO: Run Behavior\BuildLiteBehavior [ RunTime:0.000000s ]
INFO: [ app_init ] --END-- [ RunTime:0.001000s ]

[ 2016-11-30T15:52:48+08:00 ] ::1 /index.php?StoreIndex/index
INFO: [ app_init ] --START--
INFO: Run Behavior\BuildLiteBehavior [ RunTime:0.000000s ]
INFO: [ app_init ] --END-- [ RunTime:0.000000s ]

[ 2016-11-30T15:53:26+08:00 ] ::1 /index.php?StoreIndex/index
INFO: [ app_init ] --START--
INFO: Run Behavior\BuildLiteBehavior [ RunTime:0.000000s ]
INFO: [ app_init ] --END-- [ RunTime:0.000000s ]

[ 2016-11-30T15:53:26+08:00 ] ::1 /index.php?StoreIndex/index
INFO: [ app_init ] --START--
INFO: Run Behavior\BuildLiteBehavior [ RunTime:0.000000s ]
INFO: [ app_init ] --END-- [ RunTime:0.001000s ]

[ 2016-11-30T15:53:26+08:00 ] ::1 /index.php?StoreIndex/index
INFO: [ app_init ] --START--
INFO: Run Behavior\BuildLiteBehavior [ RunTime:0.000000s ]
INFO: [ app_init ] --END-- [ RunTime:0.000000s ]

[ 2016-11-30T15:53:37+08:00 ] ::1 /index.php/Home/StoreIndex/index.html
INFO: [ app_init ] --START--
INFO: Run Behavior\BuildLiteBehavior [ RunTime:0.000000s ]
INFO: [ app_init ] --END-- [ RunTime:0.001000s ]

[ 2016-11-30T15:53:47+08:00 ] ::1 /index.php/Home/StoreIndex/index.html
INFO: [ app_init ] --START--
INFO: Run Behavior\BuildLiteBehavior [ RunTime:0.000000s ]
INFO: [ app_init ] --END-- [ RunTime:0.000000s ]

[ 2016-11-30T15:53:48+08:00 ] ::1 /index.php/Home/StoreIndex/index.html
INFO: [ app_init ] --START--
INFO: Run Behavior\BuildLiteBehavior [ RunTime:0.000000s ]
INFO: [ app_init ] --END-- [ RunTime:0.000000s ]

[ 2016-11-30T15:53:48+08:00 ] ::1 /index.php/Home/StoreIndex/index.html
INFO: [ app_init ] --START--
INFO: Run Behavior\BuildLiteBehavior [ RunTime:0.000000s ]
INFO: [ app_init ] --END-- [ RunTime:0.001000s ]

[ 2016-11-30T15:53:49+08:00 ] ::1 /index.php?StoreIndex/index
INFO: [ app_init ] --START--
INFO: Run Behavior\BuildLiteBehavior [ RunTime:0.000000s ]
INFO: [ app_init ] --END-- [ RunTime:0.000000s ]

[ 2016-11-30T15:53:49+08:00 ] ::1 /index.php?StoreIndex/index
INFO: [ app_init ] --START--
INFO: Run Behavior\BuildLiteBehavior [ RunTime:0.000000s ]
INFO: [ app_init ] --END-- [ RunTime:0.000000s ]

[ 2016-11-30T15:53:49+08:00 ] ::1 /index.php?StoreIndex/index
INFO: [ app_init ] --START--
INFO: Run Behavior\BuildLiteBehavior [ RunTime:0.000000s ]
INFO: [ app_init ] --END-- [ RunTime:0.000000s ]

[ 2016-11-30T15:53:50+08:00 ] ::1 /index.php?m=Home&c=StoreIndex&a=index
INFO: [ app_init ] --START--
INFO: Run Behavior\BuildLiteBehavior [ RunTime:0.000000s ]
INFO: [ app_init ] --END-- [ RunTime:0.000000s ]

[ 2016-11-30T15:55:14+08:00 ] ::1 /index.php/home/Index/index
INFO: [ app_init ] --START--
INFO: Run Behavior\BuildLiteBehavior [ RunTime:0.000000s ]
INFO: [ app_init ] --END-- [ RunTime:0.000000s ]

[ 2016-11-30T15:55:17+08:00 ] ::1 /index.php/home/Index/index
INFO: [ app_init ] --START--
INFO: Run Behavior\BuildLiteBehavior [ RunTime:0.000000s ]
INFO: [ app_init ] --END-- [ RunTime:0.001000s ]

[ 2016-11-30T15:55:23+08:00 ] ::1 /index.php?m=Home&c=StoreProductOrder&a=UserOrderList
INFO: [ app_init ] --START--
INFO: Run Behavior\BuildLiteBehavior [ RunTime:0.000000s ]
INFO: [ app_init ] --END-- [ RunTime:0.001000s ]

[ 2016-11-30T15:55:51+08:00 ] ::1 /index.php?m=Home&c=StoreIndex&a=index
INFO: [ app_init ] --START--
INFO: Run Behavior\BuildLiteBehavior [ RunTime:0.000000s ]
INFO: [ app_init ] --END-- [ RunTime:0.001000s ]

[ 2016-11-30T15:55:52+08:00 ] ::1 /index.php/home/Index/about
INFO: [ app_init ] --START--
INFO: Run Behavior\BuildLiteBehavior [ RunTime:0.000000s ]
INFO: [ app_init ] --END-- [ RunTime:0.001000s ]

[ 2016-11-30T15:55:54+08:00 ] ::1 /index.php/home/index/index/
INFO: [ app_init ] --START--
INFO: Run Behavior\BuildLiteBehavior [ RunTime:0.001000s ]
INFO: [ app_init ] --END-- [ RunTime:0.001000s ]

[ 2016-11-30T15:56:04+08:00 ] ::1 /index.php?m=Home&c=StoreIndex&a=index
INFO: [ app_init ] --START--
INFO: Run Behavior\BuildLiteBehavior [ RunTime:0.000000s ]
INFO: [ app_init ] --END-- [ RunTime:0.000000s ]

[ 2016-11-30T15:56:32+08:00 ] ::1 /index.php?m=Home&c=StoreTypeList&a=Index&typeid=1
INFO: [ app_init ] --START--
INFO: Run Behavior\BuildLiteBehavior [ RunTime:0.000000s ]
INFO: [ app_init ] --END-- [ RunTime:0.001000s ]

[ 2016-11-30T15:56:41+08:00 ] ::1 /index.php?m=Home&c=StoreShopIndex&a=ShopArticle&id=3
INFO: [ app_init ] --START--
INFO: Run Behavior\BuildLiteBehavior [ RunTime:0.000000s ]
INFO: [ app_init ] --END-- [ RunTime:0.000000s ]

[ 2016-11-30T15:57:03+08:00 ] ::1 /index.php?m=Home&c=StoreIndex&a=index
INFO: [ app_init ] --START--
INFO: Run Behavior\BuildLiteBehavior [ RunTime:0.000000s ]
INFO: [ app_init ] --END-- [ RunTime:0.000000s ]

[ 2016-11-30T15:57:08+08:00 ] ::1 /index.php?m=Home&c=StoreProductOrder&a=UserOrderList
INFO: [ app_init ] --START--
INFO: Run Behavior\BuildLiteBehavior [ RunTime:0.000000s ]
INFO: [ app_init ] --END-- [ RunTime:0.001000s ]

[ 2016-11-30T15:57:11+08:00 ] ::1 /index.php?m=Home&c=StoreProductOrder&a=UserOrderList
INFO: [ app_init ] --START--
INFO: Run Behavior\BuildLiteBehavior [ RunTime:0.000000s ]
INFO: [ app_init ] --END-- [ RunTime:0.001000s ]

[ 2016-11-30T15:57:11+08:00 ] ::1 /index.php?m=Home&c=StoreProductOrder&a=UserOrderList
INFO: [ app_init ] --START--
INFO: Run Behavior\BuildLiteBehavior [ RunTime:0.000000s ]
INFO: [ app_init ] --END-- [ RunTime:0.001000s ]

[ 2016-11-30T15:57:13+08:00 ] ::1 /index.php?m=Home&c=StoreIndex&a=index
INFO: [ app_init ] --START--
INFO: Run Behavior\BuildLiteBehavior [ RunTime:0.000000s ]
INFO: [ app_init ] --END-- [ RunTime:0.000000s ]

[ 2016-11-30T15:57:24+08:00 ] ::1 /index.php/home/Index/UserSet/username/8801
INFO: [ app_init ] --START--
INFO: Run Behavior\BuildLiteBehavior [ RunTime:0.000000s ]
INFO: [ app_init ] --END-- [ RunTime:0.001000s ]

[ 2016-11-30T15:57:25+08:00 ] ::1 /index.php/home/Index/UserSet/username/8801
INFO: [ app_init ] --START--
INFO: Run Behavior\BuildLiteBehavior [ RunTime:0.000000s ]
INFO: [ app_init ] --END-- [ RunTime:0.000000s ]

[ 2016-11-30T15:57:25+08:00 ] ::1 /index.php/home/Index/UserSet/username/8801
INFO: [ app_init ] --START--
INFO: Run Behavior\BuildLiteBehavior [ RunTime:0.000000s ]
INFO: [ app_init ] --END-- [ RunTime:0.000000s ]

[ 2016-11-30T15:57:28+08:00 ] ::1 /index.php/home/index/index
INFO: [ app_init ] --START--
INFO: Run Behavior\BuildLiteBehavior [ RunTime:0.000000s ]
INFO: [ app_init ] --END-- [ RunTime:0.001000s ]

[ 2016-11-30T16:00:32+08:00 ] ::1 /index.php/home/Index/UserSet/username/8801
INFO: [ app_init ] --START--
INFO: Run Behavior\BuildLiteBehavior [ RunTime:0.000000s ]
INFO: [ app_init ] --END-- [ RunTime:0.000000s ]

[ 2016-11-30T16:00:34+08:00 ] ::1 /index.php?m=Home&c=StoreIndex&a=index
INFO: [ app_init ] --START--
INFO: Run Behavior\BuildLiteBehavior [ RunTime:0.000000s ]
INFO: [ app_init ] --END-- [ RunTime:0.001000s ]

[ 2016-11-30T16:00:35+08:00 ] ::1 /index.php?m=Home&c=StoreIndex&a=index
INFO: [ app_init ] --START--
INFO: Run Behavior\BuildLiteBehavior [ RunTime:0.000000s ]
INFO: [ app_init ] --END-- [ RunTime:0.001000s ]

[ 2016-11-30T16:00:36+08:00 ] ::1 /index.php?m=Home&c=Index&a=index
INFO: [ app_init ] --START--
INFO: Run Behavior\BuildLiteBehavior [ RunTime:0.000000s ]
INFO: [ app_init ] --END-- [ RunTime:0.001000s ]

[ 2016-11-30T16:01:33+08:00 ] ::1 /index.php?m=Home&c=Index&a=index
INFO: [ app_init ] --START--
INFO: Run Behavior\BuildLiteBehavior [ RunTime:0.000000s ]
INFO: [ app_init ] --END-- [ RunTime:0.000000s ]

[ 2016-11-30T16:01:35+08:00 ] ::1 /index.php?m=Home&c=StoreProductOrder&a=UserOrderList
INFO: [ app_init ] --START--
INFO: Run Behavior\BuildLiteBehavior [ RunTime:0.000000s ]
INFO: [ app_init ] --END-- [ RunTime:0.001000s ]

[ 2016-11-30T16:01:48+08:00 ] ::1 /index.php?m=Home&c=StoreIndex&a=index
INFO: [ app_init ] --START--
INFO: Run Behavior\BuildLiteBehavior [ RunTime:0.000000s ]
INFO: [ app_init ] --END-- [ RunTime:0.000000s ]

[ 2016-11-30T16:01:49+08:00 ] ::1 /index.php?m=Home&c=Index&a=UserSet&username=8801
INFO: [ app_init ] --START--
INFO: Run Behavior\BuildLiteBehavior [ RunTime:0.000000s ]
INFO: [ app_init ] --END-- [ RunTime:0.001000s ]

[ 2016-11-30T16:02:10+08:00 ] ::1 /index.php?m=Home&c=StoreProductOrder&a=UserOrderList
INFO: [ app_init ] --START--
INFO: Run Behavior\BuildLiteBehavior [ RunTime:0.000000s ]
INFO: [ app_init ] --END-- [ RunTime:0.001000s ]

[ 2016-11-30T16:02:15+08:00 ] ::1 /index.php?m=Home&c=StoreProductOrder&a=UserOrderList
INFO: [ app_init ] --START--
INFO: Run Behavior\BuildLiteBehavior [ RunTime:0.000000s ]
INFO: [ app_init ] --END-- [ RunTime:0.000000s ]

[ 2016-11-30T16:02:39+08:00 ] ::1 /index.php?m=Home&c=StoreProductOrder&a=UserOrderList
INFO: [ app_init ] --START--
INFO: Run Behavior\BuildLiteBehavior [ RunTime:0.000000s ]
INFO: [ app_init ] --END-- [ RunTime:0.000000s ]

[ 2016-11-30T16:02:41+08:00 ] ::1 /index.php?m=Home&c=StoreIndex&a=index
INFO: [ app_init ] --START--
INFO: Run Behavior\BuildLiteBehavior [ RunTime:0.000000s ]
INFO: [ app_init ] --END-- [ RunTime:0.000000s ]

[ 2016-11-30T17:12:44+08:00 ] ::1 /index.php?m=Home&c=StoreIndex&a=index
INFO: [ app_init ] --START--
INFO: Run Behavior\BuildLiteBehavior [ RunTime:0.000000s ]
INFO: [ app_init ] --END-- [ RunTime:0.001000s ]

