[ 2017-04-05T09:06:38+08:00 ] ::1 /member/member/
INFO: [ app_init ] --START--
INFO: Run Behavior\BuildLiteBehavior [ RunTime:0.000000s ]
INFO: [ app_init ] --END-- [ RunTime:0.033002s ]

[ 2017-04-05T09:08:41+08:00 ] ::1 /member/member/
INFO: [ app_init ] --START--
INFO: Run Behavior\BuildLiteBehavior [ RunTime:0.000000s ]
INFO: [ app_init ] --END-- [ RunTime:0.001000s ]

[ 2017-04-05T09:08:45+08:00 ] ::1 /member/member/index.php?m=Home&c=StoreIndex&a=index
INFO: [ app_init ] --START--
INFO: Run Behavior\BuildLiteBehavior [ RunTime:0.000000s ]
INFO: [ app_init ] --END-- [ RunTime:0.001000s ]
ERR: SQLSTATE[HY000] [2002] ”…”⁄ƒø±Íº∆À„ª˙ª˝º´æ‹æ¯£¨Œﬁ∑®¡¨Ω”°£


[ 2017-04-05T09:16:08+08:00 ] ::1 /member/member/
INFO: [ app_init ] --START--
INFO: Run Behavior\BuildLiteBehavior [ RunTime:0.000000s ]
INFO: [ app_init ] --END-- [ RunTime:0.025002s ]

[ 2017-04-05T09:23:06+08:00 ] ::1 /zendWorkspace/member/
INFO: [ app_init ] --START--
INFO: Run Behavior\BuildLiteBehavior [ RunTime:0.000000s ]
INFO: [ app_init ] --END-- [ RunTime:0.011000s ]

[ 2017-04-05T14:12:51+08:00 ] ::1 /zendWorkspace/member/
INFO: [ app_init ] --START--
INFO: Run Behavior\BuildLiteBehavior [ RunTime:0.000000s ]
INFO: [ app_init ] --END-- [ RunTime:0.140008s ]

[ 2017-04-05T14:13:28+08:00 ] ::1 /zendWorkspace/member/index.php/home/vip/adminlogin
INFO: [ app_init ] --START--
INFO: Run Behavior\BuildLiteBehavior [ RunTime:0.000000s ]
INFO: [ app_init ] --END-- [ RunTime:0.001000s ]

[ 2017-04-05T14:14:46+08:00 ] ::1 /zendWorkspace/member/home
INFO: [ app_init ] --START--
INFO: Run Behavior\BuildLiteBehavior [ RunTime:0.000000s ]
INFO: [ app_init ] --END-- [ RunTime:0.002000s ]

[ 2017-04-05T14:14:58+08:00 ] ::1 /zendWorkspace/member/home
INFO: [ app_init ] --START--
INFO: Run Behavior\BuildLiteBehavior [ RunTime:0.000000s ]
INFO: [ app_init ] --END-- [ RunTime:0.001000s ]

[ 2017-04-05T14:15:27+08:00 ] ::1 /zendWorkspace/member/
INFO: [ app_init ] --START--
INFO: Run Behavior\BuildLiteBehavior [ RunTime:0.000000s ]
INFO: [ app_init ] --END-- [ RunTime:0.002000s ]

[ 2017-04-05T14:15:33+08:00 ] ::1 /zendWorkspace/member/home
INFO: [ app_init ] --START--
INFO: Run Behavior\BuildLiteBehavior [ RunTime:0.000000s ]
INFO: [ app_init ] --END-- [ RunTime:0.001000s ]

[ 2017-04-05T14:19:09+08:00 ] ::1 /zendWorkspace/member/Home
INFO: [ app_init ] --START--
INFO: Run Behavior\BuildLiteBehavior [ RunTime:0.000000s ]
INFO: [ app_init ] --END-- [ RunTime:0.002000s ]

[ 2017-04-05T14:19:25+08:00 ] ::1 /zendWorkspace/member/Home/Index
INFO: [ app_init ] --START--
INFO: Run Behavior\BuildLiteBehavior [ RunTime:0.000000s ]
INFO: [ app_init ] --END-- [ RunTime:0.001000s ]

[ 2017-04-05T14:19:37+08:00 ] ::1 /zendWorkspace/member/Home/LoginAction
INFO: [ app_init ] --START--
INFO: Run Behavior\BuildLiteBehavior [ RunTime:0.000000s ]
INFO: [ app_init ] --END-- [ RunTime:0.001000s ]
ERR: ÈùûÊ≥ïÊìç‰Ωú:index

[ 2017-04-05T14:20:06+08:00 ] ::1 /zendWorkspace/member/Home/?LoginAction
INFO: [ app_init ] --START--
INFO: Run Behavior\BuildLiteBehavior [ RunTime:0.000000s ]
INFO: [ app_init ] --END-- [ RunTime:0.001001s ]

[ 2017-04-05T14:20:12+08:00 ] ::1 /zendWorkspace/member/Home/?
INFO: [ app_init ] --START--
INFO: Run Behavior\BuildLiteBehavior [ RunTime:0.000000s ]
INFO: [ app_init ] --END-- [ RunTime:0.001000s ]

[ 2017-04-05T14:20:16+08:00 ] ::1 /zendWorkspace/member/Home/?
INFO: [ app_init ] --START--
INFO: Run Behavior\BuildLiteBehavior [ RunTime:0.000000s ]
INFO: [ app_init ] --END-- [ RunTime:0.001000s ]

[ 2017-04-05T14:20:18+08:00 ] ::1 /zendWorkspace/member/Home/
INFO: [ app_init ] --START--
INFO: Run Behavior\BuildLiteBehavior [ RunTime:0.000000s ]
INFO: [ app_init ] --END-- [ RunTime:0.001000s ]

[ 2017-04-05T14:21:15+08:00 ] ::1 /zendWorkspace/member/Home/Controller/Index.php
INFO: [ app_init ] --START--
INFO: Run Behavior\BuildLiteBehavior [ RunTime:0.000000s ]
INFO: [ app_init ] --END-- [ RunTime:0.001000s ]
ERR: Êó†Ê≥ïÂä†ËΩΩÊéßÂà∂Âô®:Controller

[ 2017-04-05T14:21:19+08:00 ] ::1 /zendWorkspace/member/Home/Controller/
INFO: [ app_init ] --START--
INFO: Run Behavior\BuildLiteBehavior [ RunTime:0.000000s ]
INFO: [ app_init ] --END-- [ RunTime:0.002001s ]
ERR: Êó†Ê≥ïÂä†ËΩΩÊéßÂà∂Âô®:Controller

[ 2017-04-05T14:21:22+08:00 ] ::1 /zendWorkspace/member/Home/
INFO: [ app_init ] --START--
INFO: Run Behavior\BuildLiteBehavior [ RunTime:0.000000s ]
INFO: [ app_init ] --END-- [ RunTime:0.001000s ]

[ 2017-04-05T14:22:25+08:00 ] ::1 /zendWorkspace/member/index.php/home/vip/adminlogin
INFO: [ app_init ] --START--
INFO: Run Behavior\BuildLiteBehavior [ RunTime:0.000000s ]
INFO: [ app_init ] --END-- [ RunTime:0.001000s ]

[ 2017-04-05T14:23:36+08:00 ] ::1 /zendWorkspace/member/
INFO: [ app_init ] --START--
INFO: Run Behavior\BuildLiteBehavior [ RunTime:0.000000s ]
INFO: [ app_init ] --END-- [ RunTime:0.001000s ]

[ 2017-04-05T14:24:08+08:00 ] ::1 /zendWorkspace/member/index.php
INFO: [ app_init ] --START--
INFO: Run Behavior\BuildLiteBehavior [ RunTime:0.000000s ]
INFO: [ app_init ] --END-- [ RunTime:0.002000s ]

[ 2017-04-05T14:24:26+08:00 ] ::1 /zendWorkspace/member/index.php?m=Home&c=StoreIndex&a=index
INFO: [ app_init ] --START--
INFO: Run Behavior\BuildLiteBehavior [ RunTime:0.000000s ]
INFO: [ app_init ] --END-- [ RunTime:0.002000s ]
ERR: SQLSTATE[HY000] [2002] ”…”⁄ƒø±Íº∆À„ª˙ª˝º´æ‹æ¯£¨Œﬁ∑®¡¨Ω”°£


[ 2017-04-05T14:24:59+08:00 ] ::1 /zendWorkspace/member/index.php
INFO: [ app_init ] --START--
INFO: Run Behavior\BuildLiteBehavior [ RunTime:0.000000s ]
INFO: [ app_init ] --END-- [ RunTime:0.001000s ]

[ 2017-04-05T14:25:00+08:00 ] ::1 /zendWorkspace/member/index.php
INFO: [ app_init ] --START--
INFO: Run Behavior\BuildLiteBehavior [ RunTime:0.000000s ]
INFO: [ app_init ] --END-- [ RunTime:0.001000s ]

[ 2017-04-05T14:25:06+08:00 ] ::1 /zendWorkspace/member/index.php
INFO: [ app_init ] --START--
INFO: Run Behavior\BuildLiteBehavior [ RunTime:0.000000s ]
INFO: [ app_init ] --END-- [ RunTime:0.001001s ]

[ 2017-04-05T14:25:12+08:00 ] ::1 /zendWorkspace/member/index.php?m=Home&c=StoreIndex&a=index
INFO: [ app_init ] --START--
INFO: Run Behavior\BuildLiteBehavior [ RunTime:0.000000s ]
INFO: [ app_init ] --END-- [ RunTime:0.001000s ]
ERR: SQLSTATE[HY000] [2002] ”…”⁄ƒø±Íº∆À„ª˙ª˝º´æ‹æ¯£¨Œﬁ∑®¡¨Ω”°£


[ 2017-04-05T14:25:14+08:00 ] ::1 /zendWorkspace/member/index.php?m=Home&c=StoreIndex&a=index
INFO: [ app_init ] --START--
INFO: Run Behavior\BuildLiteBehavior [ RunTime:0.001000s ]
INFO: [ app_init ] --END-- [ RunTime:0.002000s ]
ERR: SQLSTATE[HY000] [2002] ”…”⁄ƒø±Íº∆À„ª˙ª˝º´æ‹æ¯£¨Œﬁ∑®¡¨Ω”°£


[ 2017-04-05T15:01:05+08:00 ] ::1 /zendWorkspace/member/
INFO: [ app_init ] --START--
INFO: Run Behavior\BuildLiteBehavior [ RunTime:0.000000s ]
INFO: [ app_init ] --END-- [ RunTime:0.014001s ]

[ 2017-04-05T15:18:20+08:00 ] ::1 /zendWorkspace/member/
INFO: [ app_init ] --START--
INFO: Run Behavior\BuildLiteBehavior [ RunTime:0.000000s ]
INFO: [ app_init ] --END-- [ RunTime:0.001000s ]

[ 2017-04-05T15:19:00+08:00 ] ::1 /zendWorkspace/member/index.php/home/Index/UserSet
INFO: [ app_init ] --START--
INFO: Run Behavior\BuildLiteBehavior [ RunTime:0.000000s ]
INFO: [ app_init ] --END-- [ RunTime:0.001000s ]

[ 2017-04-05T15:19:19+08:00 ] ::1 /zendWorkspace/member/index.php/Home/Index/Login
INFO: [ app_init ] --START--
INFO: Run Behavior\BuildLiteBehavior [ RunTime:0.000000s ]
INFO: [ app_init ] --END-- [ RunTime:0.001000s ]

[ 2017-04-05T15:23:39+08:00 ] ::1 /zendWorkspace/member/index.php/home/index/logincheck
INFO: [ app_init ] --START--
INFO: Run Behavior\BuildLiteBehavior [ RunTime:0.000000s ]
INFO: [ app_init ] --END-- [ RunTime:0.001000s ]

[ 2017-04-05T15:26:40+08:00 ] ::1 /
INFO: [ app_init ] --START--
INFO: Run Behavior\BuildLiteBehavior [ RunTime:0.000000s ]
INFO: [ app_init ] --END-- [ RunTime:0.001000s ]

[ 2017-04-05T15:26:41+08:00 ] ::1 /
INFO: [ app_init ] --START--
INFO: Run Behavior\BuildLiteBehavior [ RunTime:0.000000s ]
INFO: [ app_init ] --END-- [ RunTime:0.001000s ]

[ 2017-04-05T15:26:42+08:00 ] ::1 /index.php/home/Index/UserSet
INFO: [ app_init ] --START--
INFO: Run Behavior\BuildLiteBehavior [ RunTime:0.000000s ]
INFO: [ app_init ] --END-- [ RunTime:0.001000s ]

[ 2017-04-05T15:26:44+08:00 ] ::1 /index.php/Home/Index/Login
INFO: [ app_init ] --START--
INFO: Run Behavior\BuildLiteBehavior [ RunTime:0.000000s ]
INFO: [ app_init ] --END-- [ RunTime:0.001000s ]

[ 2017-04-05T15:26:46+08:00 ] ::1 /index.php/home/index/logincheck
INFO: [ app_init ] --START--
INFO: Run Behavior\BuildLiteBehavior [ RunTime:0.000000s ]
INFO: [ app_init ] --END-- [ RunTime:0.002000s ]

[ 2017-04-05T15:27:16+08:00 ] 127.0.0.1 /
INFO: [ app_init ] --START--
INFO: Run Behavior\BuildLiteBehavior [ RunTime:0.000000s ]
INFO: [ app_init ] --END-- [ RunTime:0.001000s ]

[ 2017-04-05T15:28:32+08:00 ] ::1 /
INFO: [ app_init ] --START--
INFO: Run Behavior\BuildLiteBehavior [ RunTime:0.000000s ]
INFO: [ app_init ] --END-- [ RunTime:0.001000s ]

[ 2017-04-05T15:28:39+08:00 ] ::1 /
INFO: [ app_init ] --START--
INFO: Run Behavior\BuildLiteBehavior [ RunTime:0.000000s ]
INFO: [ app_init ] --END-- [ RunTime:0.001000s ]

[ 2017-04-05T15:30:17+08:00 ] ::1 /index.php/home/index/logincheck
INFO: [ app_init ] --START--
INFO: Run Behavior\BuildLiteBehavior [ RunTime:0.000000s ]
INFO: [ app_init ] --END-- [ RunTime:0.001000s ]

[ 2017-04-05T15:31:20+08:00 ] ::1 /
INFO: [ app_init ] --START--
INFO: Run Behavior\BuildLiteBehavior [ RunTime:0.000000s ]
INFO: [ app_init ] --END-- [ RunTime:0.002000s ]

[ 2017-04-05T15:36:14+08:00 ] ::1 /index.php/home/Index/UserSet
INFO: [ app_init ] --START--
INFO: Run Behavior\BuildLiteBehavior [ RunTime:0.000000s ]
INFO: [ app_init ] --END-- [ RunTime:0.001000s ]

[ 2017-04-05T15:36:15+08:00 ] ::1 /index.php/Home/Index/Login
INFO: [ app_init ] --START--
INFO: Run Behavior\BuildLiteBehavior [ RunTime:0.000000s ]
INFO: [ app_init ] --END-- [ RunTime:0.001000s ]

[ 2017-04-05T15:36:34+08:00 ] ::1 /index.php/home/index/logincheck
INFO: [ app_init ] --START--
INFO: Run Behavior\BuildLiteBehavior [ RunTime:0.000000s ]
INFO: [ app_init ] --END-- [ RunTime:0.001000s ]

[ 2017-04-05T15:43:03+08:00 ] ::1 /index.php/home/index/logincheck
INFO: [ app_init ] --START--
INFO: Run Behavior\BuildLiteBehavior [ RunTime:0.000000s ]
INFO: [ app_init ] --END-- [ RunTime:0.001000s ]

[ 2017-04-05T15:49:35+08:00 ] ::1 /
INFO: [ app_init ] --START--
INFO: Run Behavior\BuildLiteBehavior [ RunTime:0.000000s ]
INFO: [ app_init ] --END-- [ RunTime:0.001000s ]

[ 2017-04-05T15:49:38+08:00 ] ::1 /index.php/home/Index/UserSet
INFO: [ app_init ] --START--
INFO: Run Behavior\BuildLiteBehavior [ RunTime:0.000000s ]
INFO: [ app_init ] --END-- [ RunTime:0.001000s ]

[ 2017-04-05T15:49:39+08:00 ] ::1 /index.php/Home/Index/Login
INFO: [ app_init ] --START--
INFO: Run Behavior\BuildLiteBehavior [ RunTime:0.000000s ]
INFO: [ app_init ] --END-- [ RunTime:0.001000s ]

[ 2017-04-05T15:49:49+08:00 ] ::1 /index.php/home/index/logincheck
INFO: [ app_init ] --START--
INFO: Run Behavior\BuildLiteBehavior [ RunTime:0.000000s ]
INFO: [ app_init ] --END-- [ RunTime:0.001000s ]

[ 2017-04-05T15:50:11+08:00 ] ::1 /index.php/home/index/logincheck
INFO: [ app_init ] --START--
INFO: Run Behavior\BuildLiteBehavior [ RunTime:0.000000s ]
INFO: [ app_init ] --END-- [ RunTime:0.001000s ]

[ 2017-04-05T15:50:57+08:00 ] ::1 /index.php/Home/Vip/adminlogin
INFO: [ app_init ] --START--
INFO: Run Behavior\BuildLiteBehavior [ RunTime:0.000000s ]
INFO: [ app_init ] --END-- [ RunTime:0.001000s ]

[ 2017-04-05T15:50:58+08:00 ] ::1 /index.php/Home/Index/Login
INFO: [ app_init ] --START--
INFO: Run Behavior\BuildLiteBehavior [ RunTime:0.000000s ]
INFO: [ app_init ] --END-- [ RunTime:0.001000s ]

[ 2017-04-05T15:51:07+08:00 ] ::1 /index.php/home/User/reg
INFO: [ app_init ] --START--
INFO: Run Behavior\BuildLiteBehavior [ RunTime:0.000000s ]
INFO: [ app_init ] --END-- [ RunTime:0.001000s ]

[ 2017-04-05T15:52:01+08:00 ] ::1 /index.php/home/User/verify?call=15777298775
INFO: [ app_init ] --START--
INFO: Run Behavior\BuildLiteBehavior [ RunTime:0.000000s ]
INFO: [ app_init ] --END-- [ RunTime:0.001000s ]
INFO: [ app_begin ] --START--
INFO: Run Behavior\ReadHtmlCacheBehavior [ RunTime:0.001000s ]
INFO: [ app_begin ] --END-- [ RunTime:0.001000s ]
SQL: SHOW COLUMNS FROM `tp_user` [ RunTime:0.0020s ]
SQL: SELECT * FROM `tp_user` WHERE `username` = '15777298775' LIMIT 1   [ RunTime:0.0010s ]
SQL: SHOW COLUMNS FROM `tp_verify` [ RunTime:0.0010s ]
SQL: SELECT * FROM `tp_verify` WHERE `call` = '15777298775' AND `datetime` BETWEEN 1491378661 AND 1491378721 LIMIT 1   [ RunTime:0.0000s ]
ERR: 1146:Table 'member.tp_about' doesn't exist
 [ SQLËØ≠Âè• ] : SHOW COLUMNS FROM `tp_about`
ERR: 1146:Table 'member.tp_about' doesn't exist
 [ SQLËØ≠Âè• ] : SHOW COLUMNS FROM `tp_about`

[ 2017-04-05T15:52:03+08:00 ] ::1 /index.php/home/User/verify?call=15777298775
INFO: [ app_init ] --START--
INFO: Run Behavior\BuildLiteBehavior [ RunTime:0.000000s ]
INFO: [ app_init ] --END-- [ RunTime:0.000000s ]
INFO: [ app_begin ] --START--
INFO: Run Behavior\ReadHtmlCacheBehavior [ RunTime:0.001000s ]
INFO: [ app_begin ] --END-- [ RunTime:0.001000s ]
SQL: SHOW COLUMNS FROM `tp_user` [ RunTime:0.0010s ]
SQL: SELECT * FROM `tp_user` WHERE `username` = '15777298775' LIMIT 1   [ RunTime:0.0010s ]
SQL: SHOW COLUMNS FROM `tp_verify` [ RunTime:0.0010s ]
SQL: SELECT * FROM `tp_verify` WHERE `call` = '15777298775' AND `datetime` BETWEEN 1491378663 AND 1491378723 LIMIT 1   [ RunTime:0.0000s ]
ERR: 1146:Table 'member.tp_about' doesn't exist
 [ SQLËØ≠Âè• ] : SHOW COLUMNS FROM `tp_about`
ERR: 1146:Table 'member.tp_about' doesn't exist
 [ SQLËØ≠Âè• ] : SHOW COLUMNS FROM `tp_about`

[ 2017-04-05T15:52:07+08:00 ] ::1 /index.php/home/User/verify?call=15777298775
INFO: [ app_init ] --START--
INFO: Run Behavior\BuildLiteBehavior [ RunTime:0.000000s ]
INFO: [ app_init ] --END-- [ RunTime:0.002000s ]
INFO: [ app_begin ] --START--
INFO: Run Behavior\ReadHtmlCacheBehavior [ RunTime:0.001000s ]
INFO: [ app_begin ] --END-- [ RunTime:0.001000s ]
SQL: SHOW COLUMNS FROM `tp_user` [ RunTime:0.0020s ]
SQL: SELECT * FROM `tp_user` WHERE `username` = '15777298775' LIMIT 1   [ RunTime:0.0000s ]
SQL: SHOW COLUMNS FROM `tp_verify` [ RunTime:0.0020s ]
SQL: SELECT * FROM `tp_verify` WHERE `call` = '15777298775' AND `datetime` BETWEEN 1491378667 AND 1491378727 LIMIT 1   [ RunTime:0.0000s ]
ERR: 1146:Table 'member.tp_about' doesn't exist
 [ SQLËØ≠Âè• ] : SHOW COLUMNS FROM `tp_about`
ERR: 1146:Table 'member.tp_about' doesn't exist
 [ SQLËØ≠Âè• ] : SHOW COLUMNS FROM `tp_about`

[ 2017-04-05T15:52:07+08:00 ] ::1 /index.php/home/User/verify?call=15777298775
INFO: [ app_init ] --START--
INFO: Run Behavior\BuildLiteBehavior [ RunTime:0.000000s ]
INFO: [ app_init ] --END-- [ RunTime:0.001000s ]
INFO: [ app_begin ] --START--
INFO: Run Behavior\ReadHtmlCacheBehavior [ RunTime:0.001000s ]
INFO: [ app_begin ] --END-- [ RunTime:0.001000s ]
SQL: SHOW COLUMNS FROM `tp_user` [ RunTime:0.0020s ]
SQL: SELECT * FROM `tp_user` WHERE `username` = '15777298775' LIMIT 1   [ RunTime:0.0010s ]
SQL: SHOW COLUMNS FROM `tp_verify` [ RunTime:0.0020s ]
SQL: SELECT * FROM `tp_verify` WHERE `call` = '15777298775' AND `datetime` BETWEEN 1491378667 AND 1491378727 LIMIT 1   [ RunTime:0.0000s ]
ERR: 1146:Table 'member.tp_about' doesn't exist
 [ SQLËØ≠Âè• ] : SHOW COLUMNS FROM `tp_about`
ERR: 1146:Table 'member.tp_about' doesn't exist
 [ SQLËØ≠Âè• ] : SHOW COLUMNS FROM `tp_about`

[ 2017-04-05T15:52:19+08:00 ] ::1 /index.php/home/user/register
INFO: [ app_init ] --START--
INFO: Run Behavior\BuildLiteBehavior [ RunTime:0.000000s ]
INFO: [ app_init ] --END-- [ RunTime:0.001000s ]

[ 2017-04-05T15:52:26+08:00 ] ::1 /index.php/home/User/verify?call=15777298775
INFO: [ app_init ] --START--
INFO: Run Behavior\BuildLiteBehavior [ RunTime:0.000000s ]
INFO: [ app_init ] --END-- [ RunTime:0.001000s ]
INFO: [ app_begin ] --START--
INFO: Run Behavior\ReadHtmlCacheBehavior [ RunTime:0.002000s ]
INFO: [ app_begin ] --END-- [ RunTime:0.002000s ]
SQL: SHOW COLUMNS FROM `tp_user` [ RunTime:0.0010s ]
SQL: SELECT * FROM `tp_user` WHERE `username` = '15777298775' LIMIT 1   [ RunTime:0.0010s ]
SQL: SHOW COLUMNS FROM `tp_verify` [ RunTime:0.0010s ]
SQL: SELECT * FROM `tp_verify` WHERE `call` = '15777298775' AND `datetime` BETWEEN 1491378686 AND 1491378746 LIMIT 1   [ RunTime:0.0000s ]
ERR: 1146:Table 'member.tp_about' doesn't exist
 [ SQLËØ≠Âè• ] : SHOW COLUMNS FROM `tp_about`
ERR: 1146:Table 'member.tp_about' doesn't exist
 [ SQLËØ≠Âè• ] : SHOW COLUMNS FROM `tp_about`

[ 2017-04-05T15:52:27+08:00 ] ::1 /index.php/home/User/verify?call=15777298775
INFO: [ app_init ] --START--
INFO: Run Behavior\BuildLiteBehavior [ RunTime:0.000000s ]
INFO: [ app_init ] --END-- [ RunTime:0.001000s ]
INFO: [ app_begin ] --START--
INFO: Run Behavior\ReadHtmlCacheBehavior [ RunTime:0.001000s ]
INFO: [ app_begin ] --END-- [ RunTime:0.001000s ]
SQL: SHOW COLUMNS FROM `tp_user` [ RunTime:0.0010s ]
SQL: SELECT * FROM `tp_user` WHERE `username` = '15777298775' LIMIT 1   [ RunTime:0.0010s ]
SQL: SHOW COLUMNS FROM `tp_verify` [ RunTime:0.0010s ]
SQL: SELECT * FROM `tp_verify` WHERE `call` = '15777298775' AND `datetime` BETWEEN 1491378687 AND 1491378747 LIMIT 1   [ RunTime:0.0000s ]
ERR: 1146:Table 'member.tp_about' doesn't exist
 [ SQLËØ≠Âè• ] : SHOW COLUMNS FROM `tp_about`
ERR: 1146:Table 'member.tp_about' doesn't exist
 [ SQLËØ≠Âè• ] : SHOW COLUMNS FROM `tp_about`

[ 2017-04-05T15:52:27+08:00 ] ::1 /index.php/home/User/verify?call=15777298775
INFO: [ app_init ] --START--
INFO: Run Behavior\BuildLiteBehavior [ RunTime:0.000000s ]
INFO: [ app_init ] --END-- [ RunTime:0.001000s ]
INFO: [ app_begin ] --START--
INFO: Run Behavior\ReadHtmlCacheBehavior [ RunTime:0.001000s ]
INFO: [ app_begin ] --END-- [ RunTime:0.001000s ]
SQL: SHOW COLUMNS FROM `tp_user` [ RunTime:0.0010s ]
SQL: SELECT * FROM `tp_user` WHERE `username` = '15777298775' LIMIT 1   [ RunTime:0.0010s ]
SQL: SHOW COLUMNS FROM `tp_verify` [ RunTime:0.0010s ]
SQL: SELECT * FROM `tp_verify` WHERE `call` = '15777298775' AND `datetime` BETWEEN 1491378687 AND 1491378747 LIMIT 1   [ RunTime:0.0000s ]
ERR: 1146:Table 'member.tp_about' doesn't exist
 [ SQLËØ≠Âè• ] : SHOW COLUMNS FROM `tp_about`
ERR: 1146:Table 'member.tp_about' doesn't exist
 [ SQLËØ≠Âè• ] : SHOW COLUMNS FROM `tp_about`

[ 2017-04-05T15:52:30+08:00 ] ::1 /index.php/home/index/index
INFO: [ app_init ] --START--
INFO: Run Behavior\BuildLiteBehavior [ RunTime:0.000000s ]
INFO: [ app_init ] --END-- [ RunTime:0.001000s ]

[ 2017-04-05T15:55:44+08:00 ] ::1 /index.php/home/Index/UserSet
INFO: [ app_init ] --START--
INFO: Run Behavior\BuildLiteBehavior [ RunTime:0.001000s ]
INFO: [ app_init ] --END-- [ RunTime:0.002000s ]

[ 2017-04-05T15:55:45+08:00 ] ::1 /index.php/Home/Index/Login
INFO: [ app_init ] --START--
INFO: Run Behavior\BuildLiteBehavior [ RunTime:0.000000s ]
INFO: [ app_init ] --END-- [ RunTime:0.000000s ]

[ 2017-04-05T15:56:06+08:00 ] ::1 /index.php/home/index/logincheck
INFO: [ app_init ] --START--
INFO: Run Behavior\BuildLiteBehavior [ RunTime:0.000000s ]
INFO: [ app_init ] --END-- [ RunTime:0.000000s ]
ERR: 1054:Unknown column 'action' in 'where clause'
 [ SQLËØ≠Âè• ] : SELECT * FROM `tp_type` WHERE ( action = 'logincheck' ) LIMIT 1  

[ 2017-04-05T15:56:17+08:00 ] ::1 /index.php/home/index/logincheck
INFO: [ app_init ] --START--
INFO: Run Behavior\BuildLiteBehavior [ RunTime:0.000000s ]
INFO: [ app_init ] --END-- [ RunTime:0.001000s ]
ERR: 1054:Unknown column 'action' in 'where clause'
 [ SQLËØ≠Âè• ] : SELECT * FROM `tp_type` WHERE ( action = 'logincheck' ) LIMIT 1  

[ 2017-04-05T15:56:34+08:00 ] ::1 /index.php/home/index/logincheck
INFO: [ app_init ] --START--
INFO: Run Behavior\BuildLiteBehavior [ RunTime:0.000000s ]
INFO: [ app_init ] --END-- [ RunTime:0.001000s ]

[ 2017-04-05T15:56:43+08:00 ] ::1 /index.php/home/index/logincheck
INFO: [ app_init ] --START--
INFO: Run Behavior\BuildLiteBehavior [ RunTime:0.000000s ]
INFO: [ app_init ] --END-- [ RunTime:0.001000s ]
ERR: 1054:Unknown column 'action' in 'where clause'
 [ SQLËØ≠Âè• ] : SELECT * FROM `tp_type` WHERE ( action = 'logincheck' ) LIMIT 1  

[ 2017-04-05T15:57:19+08:00 ] ::1 /index.php/home/index/logincheck
INFO: [ app_init ] --START--
INFO: Run Behavior\BuildLiteBehavior [ RunTime:0.000000s ]
INFO: [ app_init ] --END-- [ RunTime:0.001000s ]
ERR: 1054:Unknown column 'action' in 'where clause'
 [ SQLËØ≠Âè• ] : SELECT * FROM `tp_type` WHERE ( action = 'logincheck' ) LIMIT 1  

[ 2017-04-05T15:58:25+08:00 ] ::1 /index.php/home
INFO: [ app_init ] --START--
INFO: Run Behavior\BuildLiteBehavior [ RunTime:0.000000s ]
INFO: [ app_init ] --END-- [ RunTime:0.001000s ]
ERR: 1146:Table 'member.tp_message' doesn't exist
 [ SQLËØ≠Âè• ] : SHOW COLUMNS FROM `tp_message`

[ 2017-04-05T15:58:28+08:00 ] ::1 /index.php/home
INFO: [ app_init ] --START--
INFO: Run Behavior\BuildLiteBehavior [ RunTime:0.000000s ]
INFO: [ app_init ] --END-- [ RunTime:0.001000s ]
ERR: 1146:Table 'member.tp_message' doesn't exist
 [ SQLËØ≠Âè• ] : SHOW COLUMNS FROM `tp_message`

[ 2017-04-05T15:58:39+08:00 ] ::1 /index.php/Home/Vip/adminlogin
INFO: [ app_init ] --START--
INFO: Run Behavior\BuildLiteBehavior [ RunTime:0.000000s ]
INFO: [ app_init ] --END-- [ RunTime:0.001000s ]
ERR: 1054:Unknown column 'action' in 'where clause'
 [ SQLËØ≠Âè• ] : SELECT * FROM `tp_type` WHERE ( action = 'adminlogin' ) LIMIT 1  

[ 2017-04-05T15:58:44+08:00 ] ::1 /index.php/Home/Vip/adminlogin
INFO: [ app_init ] --START--
INFO: Run Behavior\BuildLiteBehavior [ RunTime:0.000000s ]
INFO: [ app_init ] --END-- [ RunTime:0.001000s ]
ERR: 1054:Unknown column 'action' in 'where clause'
 [ SQLËØ≠Âè• ] : SELECT * FROM `tp_type` WHERE ( action = 'adminlogin' ) LIMIT 1  

[ 2017-04-05T15:58:48+08:00 ] ::1 /index.php/Home/Vip/adminlogin
INFO: [ app_init ] --START--
INFO: Run Behavior\BuildLiteBehavior [ RunTime:0.000000s ]
INFO: [ app_init ] --END-- [ RunTime:0.001000s ]
ERR: 1054:Unknown column 'action' in 'where clause'
 [ SQLËØ≠Âè• ] : SELECT * FROM `tp_type` WHERE ( action = 'adminlogin' ) LIMIT 1  

[ 2017-04-05T15:58:54+08:00 ] ::1 /index.php/home
INFO: [ app_init ] --START--
INFO: Run Behavior\BuildLiteBehavior [ RunTime:0.000000s ]
INFO: [ app_init ] --END-- [ RunTime:0.001000s ]
ERR: 1146:Table 'member.tp_message' doesn't exist
 [ SQLËØ≠Âè• ] : SHOW COLUMNS FROM `tp_message`

[ 2017-04-05T15:58:55+08:00 ] ::1 /index.php/Home/Vip/adminlogin
INFO: [ app_init ] --START--
INFO: Run Behavior\BuildLiteBehavior [ RunTime:0.000000s ]
INFO: [ app_init ] --END-- [ RunTime:0.001000s ]
ERR: 1054:Unknown column 'action' in 'where clause'
 [ SQLËØ≠Âè• ] : SELECT * FROM `tp_type` WHERE ( action = 'adminlogin' ) LIMIT 1  

[ 2017-04-05T15:58:55+08:00 ] ::1 /index.php/home
INFO: [ app_init ] --START--
INFO: Run Behavior\BuildLiteBehavior [ RunTime:0.000000s ]
INFO: [ app_init ] --END-- [ RunTime:0.001000s ]
ERR: 1146:Table 'member.tp_message' doesn't exist
 [ SQLËØ≠Âè• ] : SHOW COLUMNS FROM `tp_message`

[ 2017-04-05T15:58:58+08:00 ] ::1 /
INFO: [ app_init ] --START--
INFO: Run Behavior\BuildLiteBehavior [ RunTime:0.000000s ]
INFO: [ app_init ] --END-- [ RunTime:0.001000s ]
ERR: 1146:Table 'member.tp_message' doesn't exist
 [ SQLËØ≠Âè• ] : SHOW COLUMNS FROM `tp_message`

[ 2017-04-05T15:59:00+08:00 ] ::1 /
INFO: [ app_init ] --START--
INFO: Run Behavior\BuildLiteBehavior [ RunTime:0.000000s ]
INFO: [ app_init ] --END-- [ RunTime:0.000000s ]
ERR: 1146:Table 'member.tp_message' doesn't exist
 [ SQLËØ≠Âè• ] : SHOW COLUMNS FROM `tp_message`

[ 2017-04-05T15:59:02+08:00 ] ::1 /
INFO: [ app_init ] --START--
INFO: Run Behavior\BuildLiteBehavior [ RunTime:0.000000s ]
INFO: [ app_init ] --END-- [ RunTime:0.001000s ]
ERR: 1146:Table 'member.tp_message' doesn't exist
 [ SQLËØ≠Âè• ] : SHOW COLUMNS FROM `tp_message`

[ 2017-04-05T15:59:14+08:00 ] ::1 /
INFO: [ app_init ] --START--
INFO: Run Behavior\BuildLiteBehavior [ RunTime:0.000000s ]
INFO: [ app_init ] --END-- [ RunTime:0.001001s ]
ERR: 1146:Table 'member.tp_message' doesn't exist
 [ SQLËØ≠Âè• ] : SHOW COLUMNS FROM `tp_message`

[ 2017-04-05T15:59:18+08:00 ] ::1 /
INFO: [ app_init ] --START--
INFO: Run Behavior\BuildLiteBehavior [ RunTime:0.000000s ]
INFO: [ app_init ] --END-- [ RunTime:0.001000s ]
ERR: 1146:Table 'member.tp_message' doesn't exist
 [ SQLËØ≠Âè• ] : SHOW COLUMNS FROM `tp_message`

[ 2017-04-05T15:59:21+08:00 ] ::1 /
INFO: [ app_init ] --START--
INFO: Run Behavior\BuildLiteBehavior [ RunTime:0.000000s ]
INFO: [ app_init ] --END-- [ RunTime:0.001000s ]
ERR: 1146:Table 'member.tp_message' doesn't exist
 [ SQLËØ≠Âè• ] : SHOW COLUMNS FROM `tp_message`

[ 2017-04-05T15:59:27+08:00 ] ::1 /index.php
INFO: [ app_init ] --START--
INFO: Run Behavior\BuildLiteBehavior [ RunTime:0.000000s ]
INFO: [ app_init ] --END-- [ RunTime:0.001000s ]
ERR: 1146:Table 'member.tp_message' doesn't exist
 [ SQLËØ≠Âè• ] : SHOW COLUMNS FROM `tp_message`

[ 2017-04-05T15:59:45+08:00 ] ::1 /index.php
INFO: [ app_init ] --START--
INFO: Run Behavior\BuildLiteBehavior [ RunTime:0.000000s ]
INFO: [ app_init ] --END-- [ RunTime:0.001000s ]
ERR: 1146:Table 'member.tp_message' doesn't exist
 [ SQLËØ≠Âè• ] : SHOW COLUMNS FROM `tp_message`

[ 2017-04-05T15:59:46+08:00 ] ::1 /index.php
INFO: [ app_init ] --START--
INFO: Run Behavior\BuildLiteBehavior [ RunTime:0.000000s ]
INFO: [ app_init ] --END-- [ RunTime:0.001000s ]
ERR: 1146:Table 'member.tp_message' doesn't exist
 [ SQLËØ≠Âè• ] : SHOW COLUMNS FROM `tp_message`

[ 2017-04-05T15:59:47+08:00 ] ::1 /index.php
INFO: [ app_init ] --START--
INFO: Run Behavior\BuildLiteBehavior [ RunTime:0.000000s ]
INFO: [ app_init ] --END-- [ RunTime:0.002000s ]
ERR: 1146:Table 'member.tp_message' doesn't exist
 [ SQLËØ≠Âè• ] : SHOW COLUMNS FROM `tp_message`

[ 2017-04-05T15:59:47+08:00 ] ::1 /index.php
INFO: [ app_init ] --START--
INFO: Run Behavior\BuildLiteBehavior [ RunTime:0.000000s ]
INFO: [ app_init ] --END-- [ RunTime:0.001000s ]
ERR: 1146:Table 'member.tp_message' doesn't exist
 [ SQLËØ≠Âè• ] : SHOW COLUMNS FROM `tp_message`

[ 2017-04-05T15:59:47+08:00 ] ::1 /index.php
INFO: [ app_init ] --START--
INFO: Run Behavior\BuildLiteBehavior [ RunTime:0.000000s ]
INFO: [ app_init ] --END-- [ RunTime:0.001000s ]
ERR: 1146:Table 'member.tp_message' doesn't exist
 [ SQLËØ≠Âè• ] : SHOW COLUMNS FROM `tp_message`

[ 2017-04-05T15:59:57+08:00 ] ::1 /index.php
INFO: [ app_init ] --START--
INFO: Run Behavior\BuildLiteBehavior [ RunTime:0.000000s ]
INFO: [ app_init ] --END-- [ RunTime:0.001000s ]
ERR: 1146:Table 'member.tp_message' doesn't exist
 [ SQLËØ≠Âè• ] : SHOW COLUMNS FROM `tp_message`

[ 2017-04-05T15:59:57+08:00 ] ::1 /index.php
INFO: [ app_init ] --START--
INFO: Run Behavior\BuildLiteBehavior [ RunTime:0.000000s ]
INFO: [ app_init ] --END-- [ RunTime:0.001000s ]
ERR: 1146:Table 'member.tp_message' doesn't exist
 [ SQLËØ≠Âè• ] : SHOW COLUMNS FROM `tp_message`

[ 2017-04-05T16:00:04+08:00 ] ::1 /index.php
INFO: [ app_init ] --START--
INFO: Run Behavior\BuildLiteBehavior [ RunTime:0.000000s ]
INFO: [ app_init ] --END-- [ RunTime:0.001001s ]
ERR: 1146:Table 'member.tp_message' doesn't exist
 [ SQLËØ≠Âè• ] : SHOW COLUMNS FROM `tp_message`

[ 2017-04-05T16:00:16+08:00 ] ::1 /index.php
INFO: [ app_init ] --START--
INFO: Run Behavior\BuildLiteBehavior [ RunTime:0.000000s ]
INFO: [ app_init ] --END-- [ RunTime:0.001000s ]
ERR: 1146:Table 'member.tp_message' doesn't exist
 [ SQLËØ≠Âè• ] : SHOW COLUMNS FROM `tp_message`

[ 2017-04-05T16:01:07+08:00 ] ::1 /index.php
INFO: [ app_init ] --START--
INFO: Run Behavior\BuildLiteBehavior [ RunTime:0.000000s ]
INFO: [ app_init ] --END-- [ RunTime:0.001000s ]
ERR: 1146:Table 'member.tp_message' doesn't exist
 [ SQLËØ≠Âè• ] : SHOW COLUMNS FROM `tp_message`

[ 2017-04-05T16:01:35+08:00 ] ::1 /index.php/Home/Index/Login
INFO: [ app_init ] --START--
INFO: Run Behavior\BuildLiteBehavior [ RunTime:0.000000s ]
INFO: [ app_init ] --END-- [ RunTime:0.001001s ]

[ 2017-04-05T16:01:38+08:00 ] ::1 /index.php/Home/Index/Login
INFO: [ app_init ] --START--
INFO: Run Behavior\BuildLiteBehavior [ RunTime:0.000000s ]
INFO: [ app_init ] --END-- [ RunTime:0.001000s ]

[ 2017-04-05T16:01:43+08:00 ] ::1 /
INFO: [ app_init ] --START--
INFO: Run Behavior\BuildLiteBehavior [ RunTime:0.000000s ]
INFO: [ app_init ] --END-- [ RunTime:0.002000s ]
ERR: 1146:Table 'member.tp_message' doesn't exist
 [ SQLËØ≠Âè• ] : SHOW COLUMNS FROM `tp_message`

[ 2017-04-05T16:01:46+08:00 ] ::1 /
INFO: [ app_init ] --START--
INFO: Run Behavior\BuildLiteBehavior [ RunTime:0.000000s ]
INFO: [ app_init ] --END-- [ RunTime:0.001000s ]
ERR: 1146:Table 'member.tp_message' doesn't exist
 [ SQLËØ≠Âè• ] : SHOW COLUMNS FROM `tp_message`

[ 2017-04-05T16:02:21+08:00 ] ::1 /
INFO: [ app_init ] --START--
INFO: Run Behavior\BuildLiteBehavior [ RunTime:0.000000s ]
INFO: [ app_init ] --END-- [ RunTime:0.001000s ]

[ 2017-04-05T16:02:22+08:00 ] ::1 /
INFO: [ app_init ] --START--
INFO: Run Behavior\BuildLiteBehavior [ RunTime:0.000000s ]
INFO: [ app_init ] --END-- [ RunTime:0.002000s ]

[ 2017-04-05T16:02:24+08:00 ] ::1 /
INFO: [ app_init ] --START--
INFO: Run Behavior\BuildLiteBehavior [ RunTime:0.000000s ]
INFO: [ app_init ] --END-- [ RunTime:0.002001s ]

[ 2017-04-05T16:02:38+08:00 ] ::1 /index.php/home/Index/UserSet
INFO: [ app_init ] --START--
INFO: Run Behavior\BuildLiteBehavior [ RunTime:0.000000s ]
INFO: [ app_init ] --END-- [ RunTime:0.001000s ]

[ 2017-04-05T16:02:39+08:00 ] ::1 /index.php/Home/Index/Login
INFO: [ app_init ] --START--
INFO: Run Behavior\BuildLiteBehavior [ RunTime:0.000000s ]
INFO: [ app_init ] --END-- [ RunTime:0.001000s ]

[ 2017-04-05T16:03:06+08:00 ] ::1 /index.php/Home/Vip/adminlogin
INFO: [ app_init ] --START--
INFO: Run Behavior\BuildLiteBehavior [ RunTime:0.000000s ]
INFO: [ app_init ] --END-- [ RunTime:0.001000s ]

[ 2017-04-05T16:03:07+08:00 ] ::1 /index.php/Home/Index/Login
INFO: [ app_init ] --START--
INFO: Run Behavior\BuildLiteBehavior [ RunTime:0.000000s ]
INFO: [ app_init ] --END-- [ RunTime:0.001000s ]

[ 2017-04-05T16:03:20+08:00 ] ::1 /index.php/home/index/logincheck
INFO: [ app_init ] --START--
INFO: Run Behavior\BuildLiteBehavior [ RunTime:0.000000s ]
INFO: [ app_init ] --END-- [ RunTime:0.001000s ]
ERR: 1054:Unknown column 'action' in 'where clause'
 [ SQLËØ≠Âè• ] : SELECT * FROM `tp_type` WHERE ( action = 'logincheck' ) LIMIT 1  

[ 2017-04-05T16:03:27+08:00 ] ::1 /index.php/Home/Index/Login
INFO: [ app_init ] --START--
INFO: Run Behavior\BuildLiteBehavior [ RunTime:0.000000s ]
INFO: [ app_init ] --END-- [ RunTime:0.001000s ]

[ 2017-04-05T16:03:28+08:00 ] ::1 /index.php/Home/Index/Login
INFO: [ app_init ] --START--
INFO: Run Behavior\BuildLiteBehavior [ RunTime:0.000000s ]
INFO: [ app_init ] --END-- [ RunTime:0.001000s ]

[ 2017-04-05T16:03:41+08:00 ] ::1 /index.php/Home/Index/Login
INFO: [ app_init ] --START--
INFO: Run Behavior\BuildLiteBehavior [ RunTime:0.000000s ]
INFO: [ app_init ] --END-- [ RunTime:0.001000s ]

[ 2017-04-05T16:03:43+08:00 ] ::1 /index.php/Home/Index/Login
INFO: [ app_init ] --START--
INFO: Run Behavior\BuildLiteBehavior [ RunTime:0.001000s ]
INFO: [ app_init ] --END-- [ RunTime:0.001000s ]

[ 2017-04-05T16:03:45+08:00 ] ::1 /index.php/Home/Index/Login
INFO: [ app_init ] --START--
INFO: Run Behavior\BuildLiteBehavior [ RunTime:0.000000s ]
INFO: [ app_init ] --END-- [ RunTime:0.001000s ]

[ 2017-04-05T16:03:47+08:00 ] ::1 /index.php/Home/Index/Login
INFO: [ app_init ] --START--
INFO: Run Behavior\BuildLiteBehavior [ RunTime:0.000000s ]
INFO: [ app_init ] --END-- [ RunTime:0.000000s ]

[ 2017-04-05T16:03:48+08:00 ] ::1 /index.php/Home/Index/Login
INFO: [ app_init ] --START--
INFO: Run Behavior\BuildLiteBehavior [ RunTime:0.000000s ]
INFO: [ app_init ] --END-- [ RunTime:0.000000s ]

[ 2017-04-05T16:03:50+08:00 ] ::1 /index.php/Home/Index/Login
INFO: [ app_init ] --START--
INFO: Run Behavior\BuildLiteBehavior [ RunTime:0.000000s ]
INFO: [ app_init ] --END-- [ RunTime:0.001000s ]

[ 2017-04-05T16:04:03+08:00 ] ::1 /index.php/Home/Index/Login
INFO: [ app_init ] --START--
INFO: Run Behavior\BuildLiteBehavior [ RunTime:0.000000s ]
INFO: [ app_init ] --END-- [ RunTime:0.001000s ]

[ 2017-04-05T16:04:05+08:00 ] ::1 /index.php/Home/Index/Login
INFO: [ app_init ] --START--
INFO: Run Behavior\BuildLiteBehavior [ RunTime:0.000000s ]
INFO: [ app_init ] --END-- [ RunTime:0.001000s ]

[ 2017-04-05T16:04:18+08:00 ] ::1 /index.php/Home/Index/Login
INFO: [ app_init ] --START--
INFO: Run Behavior\BuildLiteBehavior [ RunTime:0.000000s ]
INFO: [ app_init ] --END-- [ RunTime:0.001000s ]

[ 2017-04-05T16:05:14+08:00 ] ::1 /index.php/Home/Vip
INFO: [ app_init ] --START--
INFO: Run Behavior\BuildLiteBehavior [ RunTime:0.000000s ]
INFO: [ app_init ] --END-- [ RunTime:0.001000s ]
ERR: 1054:Unknown column 'action' in 'where clause'
 [ SQLËØ≠Âè• ] : SELECT * FROM `tp_type` WHERE ( action = 'index' ) LIMIT 1  

[ 2017-04-05T16:06:55+08:00 ] ::1 //index.php/home/index/manage
INFO: [ app_init ] --START--
INFO: Run Behavior\BuildLiteBehavior [ RunTime:0.000000s ]
INFO: [ app_init ] --END-- [ RunTime:0.001000s ]
ERR: 1054:Unknown column 'action' in 'where clause'
 [ SQLËØ≠Âè• ] : SELECT * FROM `tp_type` WHERE ( action = 'manage' ) LIMIT 1  

[ 2017-04-05T16:07:06+08:00 ] ::1 //index.php/home/index/manage
INFO: [ app_init ] --START--
INFO: Run Behavior\BuildLiteBehavior [ RunTime:0.000000s ]
INFO: [ app_init ] --END-- [ RunTime:0.001000s ]
ERR: 1054:Unknown column 'action' in 'where clause'
 [ SQLËØ≠Âè• ] : SELECT * FROM `tp_type` WHERE ( action = 'manage' ) LIMIT 1  

[ 2017-04-05T16:08:42+08:00 ] ::1 /index.php/Home/Manage
INFO: [ app_init ] --START--
INFO: Run Behavior\BuildLiteBehavior [ RunTime:0.000000s ]
INFO: [ app_init ] --END-- [ RunTime:0.001000s ]
ERR: 1054:Unknown column 'action' in 'where clause'
 [ SQLËØ≠Âè• ] : SELECT * FROM `tp_type` WHERE ( action = 'index' ) LIMIT 1  

[ 2017-04-05T16:09:00+08:00 ] ::1 /index.php/Home/Manage/MessageList
INFO: [ app_init ] --START--
INFO: Run Behavior\BuildLiteBehavior [ RunTime:0.000000s ]
INFO: [ app_init ] --END-- [ RunTime:0.001000s ]
ERR: 1054:Unknown column 'action' in 'where clause'
 [ SQLËØ≠Âè• ] : SELECT * FROM `tp_type` WHERE ( action = 'MessageList' ) LIMIT 1  

[ 2017-04-05T16:09:06+08:00 ] ::1 /index.php/Home/Manage
INFO: [ app_init ] --START--
INFO: Run Behavior\BuildLiteBehavior [ RunTime:0.000000s ]
INFO: [ app_init ] --END-- [ RunTime:0.001000s ]
ERR: 1054:Unknown column 'action' in 'where clause'
 [ SQLËØ≠Âè• ] : SELECT * FROM `tp_type` WHERE ( action = 'index' ) LIMIT 1  

[ 2017-04-05T16:09:08+08:00 ] ::1 /index.php/Home/Manage
INFO: [ app_init ] --START--
INFO: Run Behavior\BuildLiteBehavior [ RunTime:0.000000s ]
INFO: [ app_init ] --END-- [ RunTime:0.001000s ]
ERR: 1054:Unknown column 'action' in 'where clause'
 [ SQLËØ≠Âè• ] : SELECT * FROM `tp_type` WHERE ( action = 'index' ) LIMIT 1  

[ 2017-04-05T16:15:15+08:00 ] ::1 /index.php/
INFO: [ app_init ] --START--
INFO: Run Behavior\BuildLiteBehavior [ RunTime:0.000000s ]
INFO: [ app_init ] --END-- [ RunTime:0.001000s ]
ERR: 1146:Table 'member.tp_message' doesn't exist
 [ SQLËØ≠Âè• ] : SHOW COLUMNS FROM `tp_message`

[ 2017-04-05T16:15:18+08:00 ] ::1 /
INFO: [ app_init ] --START--
INFO: Run Behavior\BuildLiteBehavior [ RunTime:0.000000s ]
INFO: [ app_init ] --END-- [ RunTime:0.001000s ]
ERR: 1146:Table 'member.tp_message' doesn't exist
 [ SQLËØ≠Âè• ] : SHOW COLUMNS FROM `tp_message`

[ 2017-04-05T16:15:20+08:00 ] ::1 /
INFO: [ app_init ] --START--
INFO: Run Behavior\BuildLiteBehavior [ RunTime:0.000000s ]
INFO: [ app_init ] --END-- [ RunTime:0.001000s ]
ERR: 1146:Table 'member.tp_message' doesn't exist
 [ SQLËØ≠Âè• ] : SHOW COLUMNS FROM `tp_message`

[ 2017-04-05T16:15:22+08:00 ] ::1 /
INFO: [ app_init ] --START--
INFO: Run Behavior\BuildLiteBehavior [ RunTime:0.000000s ]
INFO: [ app_init ] --END-- [ RunTime:0.001000s ]
ERR: 1146:Table 'member.tp_message' doesn't exist
 [ SQLËØ≠Âè• ] : SHOW COLUMNS FROM `tp_message`

[ 2017-04-05T16:15:24+08:00 ] ::1 /
INFO: [ app_init ] --START--
INFO: Run Behavior\BuildLiteBehavior [ RunTime:0.000000s ]
INFO: [ app_init ] --END-- [ RunTime:0.001000s ]
ERR: 1146:Table 'member.tp_message' doesn't exist
 [ SQLËØ≠Âè• ] : SHOW COLUMNS FROM `tp_message`

[ 2017-04-05T16:15:25+08:00 ] ::1 /
INFO: [ app_init ] --START--
INFO: Run Behavior\BuildLiteBehavior [ RunTime:0.000000s ]
INFO: [ app_init ] --END-- [ RunTime:0.001000s ]
ERR: 1146:Table 'member.tp_message' doesn't exist
 [ SQLËØ≠Âè• ] : SHOW COLUMNS FROM `tp_message`

[ 2017-04-05T16:15:26+08:00 ] ::1 /index.php/
INFO: [ app_init ] --START--
INFO: Run Behavior\BuildLiteBehavior [ RunTime:0.000000s ]
INFO: [ app_init ] --END-- [ RunTime:0.001000s ]
ERR: 1146:Table 'member.tp_message' doesn't exist
 [ SQLËØ≠Âè• ] : SHOW COLUMNS FROM `tp_message`

[ 2017-04-05T16:15:45+08:00 ] ::1 /index.php/home/index/logincheck
INFO: [ app_init ] --START--
INFO: Run Behavior\BuildLiteBehavior [ RunTime:0.000000s ]
INFO: [ app_init ] --END-- [ RunTime:0.001000s ]

[ 2017-04-05T16:17:22+08:00 ] ::1 /index.php/Home/Manage/Lists
INFO: [ app_init ] --START--
INFO: Run Behavior\BuildLiteBehavior [ RunTime:0.000000s ]
INFO: [ app_init ] --END-- [ RunTime:0.001000s ]
ERR: 1054:Unknown column 'action' in 'where clause'
 [ SQLËØ≠Âè• ] : SELECT * FROM `tp_type` WHERE ( action = 'Lists' ) LIMIT 1  

[ 2017-04-05T16:17:24+08:00 ] ::1 /index.php/Home/Manage/Lists
INFO: [ app_init ] --START--
INFO: Run Behavior\BuildLiteBehavior [ RunTime:0.000000s ]
INFO: [ app_init ] --END-- [ RunTime:0.001000s ]
ERR: 1054:Unknown column 'action' in 'where clause'
 [ SQLËØ≠Âè• ] : SELECT * FROM `tp_type` WHERE ( action = 'Lists' ) LIMIT 1  

[ 2017-04-05T16:17:33+08:00 ] ::1 /index.php/home/User/returnshow
INFO: [ app_init ] --START--
INFO: Run Behavior\BuildLiteBehavior [ RunTime:0.000000s ]
INFO: [ app_init ] --END-- [ RunTime:0.001000s ]

[ 2017-04-05T16:17:36+08:00 ] ::1 /index.php/home/index/index
INFO: [ app_init ] --START--
INFO: Run Behavior\BuildLiteBehavior [ RunTime:0.000000s ]
INFO: [ app_init ] --END-- [ RunTime:0.002000s ]
ERR: 1146:Table 'member.tp_message' doesn't exist
 [ SQLËØ≠Âè• ] : SHOW COLUMNS FROM `tp_message`

[ 2017-04-05T16:17:53+08:00 ] ::1 /
INFO: [ app_init ] --START--
INFO: Run Behavior\BuildLiteBehavior [ RunTime:0.000000s ]
INFO: [ app_init ] --END-- [ RunTime:0.001000s ]
ERR: 1146:Table 'member.tp_message' doesn't exist
 [ SQLËØ≠Âè• ] : SHOW COLUMNS FROM `tp_message`

[ 2017-04-05T16:18:44+08:00 ] ::1 /index.php/home/vip/adminlogin
INFO: [ app_init ] --START--
INFO: Run Behavior\BuildLiteBehavior [ RunTime:0.000000s ]
INFO: [ app_init ] --END-- [ RunTime:0.001000s ]
ERR: 1054:Unknown column 'action' in 'where clause'
 [ SQLËØ≠Âè• ] : SELECT * FROM `tp_type` WHERE ( action = 'adminlogin' ) LIMIT 1  

[ 2017-04-05T16:18:48+08:00 ] ::1 /index.php/home/vip/adminlogin
INFO: [ app_init ] --START--
INFO: Run Behavior\BuildLiteBehavior [ RunTime:0.000000s ]
INFO: [ app_init ] --END-- [ RunTime:0.001000s ]
ERR: 1054:Unknown column 'action' in 'where clause'
 [ SQLËØ≠Âè• ] : SELECT * FROM `tp_type` WHERE ( action = 'adminlogin' ) LIMIT 1  

[ 2017-04-05T16:19:13+08:00 ] ::1 /index.php/Home/Vip/Adminlogin
INFO: [ app_init ] --START--
INFO: Run Behavior\BuildLiteBehavior [ RunTime:0.000000s ]
INFO: [ app_init ] --END-- [ RunTime:0.001000s ]
ERR: 1054:Unknown column 'action' in 'where clause'
 [ SQLËØ≠Âè• ] : SELECT * FROM `tp_type` WHERE ( action = 'Adminlogin' ) LIMIT 1  

[ 2017-04-05T16:19:14+08:00 ] ::1 /index.php/home/vip/adminlogin
INFO: [ app_init ] --START--
INFO: Run Behavior\BuildLiteBehavior [ RunTime:0.000000s ]
INFO: [ app_init ] --END-- [ RunTime:0.001001s ]
ERR: 1054:Unknown column 'action' in 'where clause'
 [ SQLËØ≠Âè• ] : SELECT * FROM `tp_type` WHERE ( action = 'adminlogin' ) LIMIT 1  

[ 2017-04-05T16:19:17+08:00 ] ::1 /index.php/home/vip/adminlogin
INFO: [ app_init ] --START--
INFO: Run Behavior\BuildLiteBehavior [ RunTime:0.000000s ]
INFO: [ app_init ] --END-- [ RunTime:0.001000s ]
ERR: 1054:Unknown column 'action' in 'where clause'
 [ SQLËØ≠Âè• ] : SELECT * FROM `tp_type` WHERE ( action = 'adminlogin' ) LIMIT 1  

[ 2017-04-05T16:19:20+08:00 ] ::1 /index.php/Home/Index/Login
INFO: [ app_init ] --START--
INFO: Run Behavior\BuildLiteBehavior [ RunTime:0.000000s ]
INFO: [ app_init ] --END-- [ RunTime:0.001000s ]

[ 2017-04-05T16:21:26+08:00 ] ::1 /
INFO: [ app_init ] --START--
INFO: Run Behavior\BuildLiteBehavior [ RunTime:0.000000s ]
INFO: [ app_init ] --END-- [ RunTime:0.001000s ]
ERR: 1146:Table 'member.tp_message' doesn't exist
 [ SQLËØ≠Âè• ] : SHOW COLUMNS FROM `tp_message`

[ 2017-04-05T16:21:30+08:00 ] ::1 /
INFO: [ app_init ] --START--
INFO: Run Behavior\BuildLiteBehavior [ RunTime:0.000000s ]
INFO: [ app_init ] --END-- [ RunTime:0.001000s ]
ERR: 1146:Table 'member.tp_message' doesn't exist
 [ SQLËØ≠Âè• ] : SHOW COLUMNS FROM `tp_message`

[ 2017-04-05T16:36:34+08:00 ] ::1 /index.php/home/index/Login
INFO: [ app_init ] --START--
INFO: Run Behavior\BuildLiteBehavior [ RunTime:0.000000s ]
INFO: [ app_init ] --END-- [ RunTime:0.001000s ]

[ 2017-04-05T16:36:36+08:00 ] ::1 /index.php/home/index/Login
INFO: [ app_init ] --START--
INFO: Run Behavior\BuildLiteBehavior [ RunTime:0.000000s ]
INFO: [ app_init ] --END-- [ RunTime:0.002000s ]

[ 2017-04-05T16:36:39+08:00 ] ::1 /index.php/home/index/login
INFO: [ app_init ] --START--
INFO: Run Behavior\BuildLiteBehavior [ RunTime:0.000000s ]
INFO: [ app_init ] --END-- [ RunTime:0.001000s ]

[ 2017-04-05T16:37:11+08:00 ] ::1 /index.php/home/index/logincheck
INFO: [ app_init ] --START--
INFO: Run Behavior\BuildLiteBehavior [ RunTime:0.000000s ]
INFO: [ app_init ] --END-- [ RunTime:0.001000s ]

[ 2017-04-05T16:37:32+08:00 ] ::1 /index.php/home/index/shopadmin
INFO: [ app_init ] --START--
INFO: Run Behavior\BuildLiteBehavior [ RunTime:0.000000s ]
INFO: [ app_init ] --END-- [ RunTime:0.001000s ]

[ 2017-04-05T16:37:54+08:00 ] ::1 /index.php/home/index/shoplist
INFO: [ app_init ] --START--
INFO: Run Behavior\BuildLiteBehavior [ RunTime:0.000000s ]
INFO: [ app_init ] --END-- [ RunTime:0.001000s ]

[ 2017-04-05T16:38:08+08:00 ] ::1 /index.php/home/index/listeditsave
INFO: [ app_init ] --START--
INFO: Run Behavior\BuildLiteBehavior [ RunTime:0.000000s ]
INFO: [ app_init ] --END-- [ RunTime:0.001000s ]

[ 2017-04-05T16:38:30+08:00 ] ::1 /index.php/home/index/login
INFO: [ app_init ] --START--
INFO: Run Behavior\BuildLiteBehavior [ RunTime:0.001000s ]
INFO: [ app_init ] --END-- [ RunTime:0.001000s ]

[ 2017-04-05T16:38:41+08:00 ] ::1 /index.php/home/index/admin
INFO: [ app_init ] --START--
INFO: Run Behavior\BuildLiteBehavior [ RunTime:0.000000s ]
INFO: [ app_init ] --END-- [ RunTime:0.002000s ]
ERR: Ê®°Êùø‰∏çÂ≠òÂú®:./Application/Home/View/Index/admin.html

[ 2017-04-05T16:38:54+08:00 ] ::1 /index.php/home/index/admin
INFO: [ app_init ] --START--
INFO: Run Behavior\BuildLiteBehavior [ RunTime:0.000000s ]
INFO: [ app_init ] --END-- [ RunTime:0.001000s ]
ERR: Ê®°Êùø‰∏çÂ≠òÂú®:./Application/Home/View/Index/admin.html

[ 2017-04-05T16:39:02+08:00 ] ::1 /index.php/home/index/manage
INFO: [ app_init ] --START--
INFO: Run Behavior\BuildLiteBehavior [ RunTime:0.000000s ]
INFO: [ app_init ] --END-- [ RunTime:0.001000s ]
ERR: 1054:Unknown column 'action' in 'where clause'
 [ SQLËØ≠Âè• ] : SELECT * FROM `tp_type` WHERE ( action = 'manage' ) LIMIT 1  

[ 2017-04-05T16:48:25+08:00 ] ::1 /index.php/home/vip/loglists
INFO: [ app_init ] --START--
INFO: Run Behavior\BuildLiteBehavior [ RunTime:0.000000s ]
INFO: [ app_init ] --END-- [ RunTime:0.002000s ]
ERR: 1054:Unknown column 'action' in 'where clause'
 [ SQLËØ≠Âè• ] : SELECT * FROM `tp_type` WHERE ( action = 'loglists' ) LIMIT 1  

[ 2017-04-05T16:48:52+08:00 ] ::1 /index.php/home/index/manage
INFO: [ app_init ] --START--
INFO: Run Behavior\BuildLiteBehavior [ RunTime:0.000000s ]
INFO: [ app_init ] --END-- [ RunTime:0.001000s ]
ERR: 1054:Unknown column 'action' in 'where clause'
 [ SQLËØ≠Âè• ] : SELECT * FROM `tp_type` WHERE ( action = 'manage' ) LIMIT 1  

[ 2017-04-05T16:48:57+08:00 ] ::1 /index.php/home/
INFO: [ app_init ] --START--
INFO: Run Behavior\BuildLiteBehavior [ RunTime:0.000000s ]
INFO: [ app_init ] --END-- [ RunTime:0.001000s ]
ERR: 1146:Table 'member.tp_message' doesn't exist
 [ SQLËØ≠Âè• ] : SHOW COLUMNS FROM `tp_message`

[ 2017-04-05T17:06:45+08:00 ] ::1 /index.php/home/
INFO: [ app_init ] --START--
INFO: Run Behavior\BuildLiteBehavior [ RunTime:0.000000s ]
INFO: [ app_init ] --END-- [ RunTime:0.001000s ]
ERR: SQLSTATE[HY000] [1049] Unknown database 'member'

[ 2017-04-05T17:06:46+08:00 ] ::1 /index.php/home/
INFO: [ app_init ] --START--
INFO: Run Behavior\BuildLiteBehavior [ RunTime:0.000000s ]
INFO: [ app_init ] --END-- [ RunTime:0.000000s ]
ERR: SQLSTATE[HY000] [1049] Unknown database 'member'

[ 2017-04-05T17:06:47+08:00 ] ::1 /
INFO: [ app_init ] --START--
INFO: Run Behavior\BuildLiteBehavior [ RunTime:0.000000s ]
INFO: [ app_init ] --END-- [ RunTime:0.001000s ]
ERR: SQLSTATE[HY000] [1049] Unknown database 'member'

[ 2017-04-05T17:06:48+08:00 ] ::1 /
INFO: [ app_init ] --START--
INFO: Run Behavior\BuildLiteBehavior [ RunTime:0.000000s ]
INFO: [ app_init ] --END-- [ RunTime:0.001000s ]
ERR: SQLSTATE[HY000] [1049] Unknown database 'member'

[ 2017-04-05T17:06:49+08:00 ] ::1 /
INFO: [ app_init ] --START--
INFO: Run Behavior\BuildLiteBehavior [ RunTime:0.000000s ]
INFO: [ app_init ] --END-- [ RunTime:0.001000s ]
ERR: SQLSTATE[HY000] [1049] Unknown database 'member'

[ 2017-04-05T17:06:49+08:00 ] ::1 /
INFO: [ app_init ] --START--
INFO: Run Behavior\BuildLiteBehavior [ RunTime:0.000000s ]
INFO: [ app_init ] --END-- [ RunTime:0.001000s ]
ERR: SQLSTATE[HY000] [1049] Unknown database 'member'

[ 2017-04-05T17:06:49+08:00 ] ::1 /
INFO: [ app_init ] --START--
INFO: Run Behavior\BuildLiteBehavior [ RunTime:0.000000s ]
INFO: [ app_init ] --END-- [ RunTime:0.001000s ]
ERR: SQLSTATE[HY000] [1049] Unknown database 'member'

[ 2017-04-05T17:06:49+08:00 ] ::1 /
INFO: [ app_init ] --START--
INFO: Run Behavior\BuildLiteBehavior [ RunTime:0.000000s ]
INFO: [ app_init ] --END-- [ RunTime:0.001000s ]
ERR: SQLSTATE[HY000] [1049] Unknown database 'member'

[ 2017-04-05T17:06:50+08:00 ] ::1 /
INFO: [ app_init ] --START--
INFO: Run Behavior\BuildLiteBehavior [ RunTime:0.001000s ]
INFO: [ app_init ] --END-- [ RunTime:0.001000s ]
ERR: SQLSTATE[HY000] [1049] Unknown database 'member'

[ 2017-04-05T17:06:51+08:00 ] ::1 /
INFO: [ app_init ] --START--
INFO: Run Behavior\BuildLiteBehavior [ RunTime:0.000000s ]
INFO: [ app_init ] --END-- [ RunTime:0.001000s ]
ERR: SQLSTATE[HY000] [1049] Unknown database 'member'

[ 2017-04-05T17:06:51+08:00 ] ::1 /
INFO: [ app_init ] --START--
INFO: Run Behavior\BuildLiteBehavior [ RunTime:0.000000s ]
INFO: [ app_init ] --END-- [ RunTime:0.001000s ]
ERR: SQLSTATE[HY000] [1049] Unknown database 'member'

[ 2017-04-05T17:06:54+08:00 ] ::1 /
INFO: [ app_init ] --START--
INFO: Run Behavior\BuildLiteBehavior [ RunTime:0.000000s ]
INFO: [ app_init ] --END-- [ RunTime:0.001000s ]
ERR: SQLSTATE[HY000] [1049] Unknown database 'member'

[ 2017-04-05T17:06:57+08:00 ] ::1 /
INFO: [ app_init ] --START--
INFO: Run Behavior\BuildLiteBehavior [ RunTime:0.000000s ]
INFO: [ app_init ] --END-- [ RunTime:0.001000s ]
ERR: SQLSTATE[HY000] [1049] Unknown database 'member'

[ 2017-04-05T17:07:00+08:00 ] ::1 /
INFO: [ app_init ] --START--
INFO: Run Behavior\BuildLiteBehavior [ RunTime:0.000000s ]
INFO: [ app_init ] --END-- [ RunTime:0.001000s ]
ERR: SQLSTATE[HY000] [1049] Unknown database 'member'

[ 2017-04-05T17:07:03+08:00 ] ::1 /
INFO: [ app_init ] --START--
INFO: Run Behavior\BuildLiteBehavior [ RunTime:0.000000s ]
INFO: [ app_init ] --END-- [ RunTime:0.001000s ]
ERR: SQLSTATE[HY000] [1049] Unknown database 'member'

[ 2017-04-05T17:07:24+08:00 ] ::1 /
INFO: [ app_init ] --START--
INFO: Run Behavior\BuildLiteBehavior [ RunTime:0.000000s ]
INFO: [ app_init ] --END-- [ RunTime:0.001000s ]
ERR: SQLSTATE[HY000] [1049] Unknown database 'member'

[ 2017-04-05T17:07:25+08:00 ] ::1 /
INFO: [ app_init ] --START--
INFO: Run Behavior\BuildLiteBehavior [ RunTime:0.000000s ]
INFO: [ app_init ] --END-- [ RunTime:0.001000s ]
ERR: SQLSTATE[HY000] [1049] Unknown database 'member'

[ 2017-04-05T17:07:33+08:00 ] ::1 /
INFO: [ app_init ] --START--
INFO: Run Behavior\BuildLiteBehavior [ RunTime:0.000000s ]
INFO: [ app_init ] --END-- [ RunTime:0.001000s ]
ERR: SQLSTATE[HY000] [1049] Unknown database 'member'

[ 2017-04-05T17:07:52+08:00 ] ::1 /
INFO: [ app_init ] --START--
INFO: Run Behavior\BuildLiteBehavior [ RunTime:0.000000s ]
INFO: [ app_init ] --END-- [ RunTime:0.001000s ]

[ 2017-04-05T17:07:56+08:00 ] ::1 /index.php/home/Index/UserSet
INFO: [ app_init ] --START--
INFO: Run Behavior\BuildLiteBehavior [ RunTime:0.000000s ]
INFO: [ app_init ] --END-- [ RunTime:0.003000s ]
ERR: SQLSTATE[HY000] [1049] Unknown database 'member'

[ 2017-04-05T17:08:03+08:00 ] ::1 /index.php/home/User/xuzhi
INFO: [ app_init ] --START--
INFO: Run Behavior\BuildLiteBehavior [ RunTime:0.000000s ]
INFO: [ app_init ] --END-- [ RunTime:0.001000s ]
ERR: SQLSTATE[HY000] [1049] Unknown database 'member'

[ 2017-04-05T17:08:07+08:00 ] ::1 /index.php/home/index/UserSet
INFO: [ app_init ] --START--
INFO: Run Behavior\BuildLiteBehavior [ RunTime:0.000000s ]
INFO: [ app_init ] --END-- [ RunTime:0.001000s ]
ERR: SQLSTATE[HY000] [1049] Unknown database 'member'

[ 2017-04-05T17:08:09+08:00 ] ::1 /index.php/home/index/UserSet
INFO: [ app_init ] --START--
INFO: Run Behavior\BuildLiteBehavior [ RunTime:0.000000s ]
INFO: [ app_init ] --END-- [ RunTime:0.001000s ]
ERR: SQLSTATE[HY000] [1049] Unknown database 'member'

[ 2017-04-05T17:08:13+08:00 ] ::1 /index.php/home/index/UserSet
INFO: [ app_init ] --START--
INFO: Run Behavior\BuildLiteBehavior [ RunTime:0.000000s ]
INFO: [ app_init ] --END-- [ RunTime:0.001000s ]
ERR: SQLSTATE[HY000] [1049] Unknown database 'member'

[ 2017-04-05T17:08:15+08:00 ] ::1 /index.php/home/Index/UserSet
INFO: [ app_init ] --START--
INFO: Run Behavior\BuildLiteBehavior [ RunTime:0.000000s ]
INFO: [ app_init ] --END-- [ RunTime:0.001000s ]
ERR: SQLSTATE[HY000] [1049] Unknown database 'member'

[ 2017-04-05T17:08:25+08:00 ] ::1 /index.php/home/index/UserSet
INFO: [ app_init ] --START--
INFO: Run Behavior\BuildLiteBehavior [ RunTime:0.000000s ]
INFO: [ app_init ] --END-- [ RunTime:0.001000s ]
ERR: SQLSTATE[HY000] [1049] Unknown database 'member'

[ 2017-04-05T17:08:32+08:00 ] ::1 /index.php/home/
INFO: [ app_init ] --START--
INFO: Run Behavior\BuildLiteBehavior [ RunTime:0.000000s ]
INFO: [ app_init ] --END-- [ RunTime:0.001000s ]

[ 2017-04-05T17:08:39+08:00 ] ::1 /index.php/home/Index/UserSet
INFO: [ app_init ] --START--
INFO: Run Behavior\BuildLiteBehavior [ RunTime:0.000000s ]
INFO: [ app_init ] --END-- [ RunTime:0.001000s ]
ERR: SQLSTATE[HY000] [1049] Unknown database 'member'

[ 2017-04-05T17:08:43+08:00 ] ::1 /index.php/home/Index/UserSet
INFO: [ app_init ] --START--
INFO: Run Behavior\BuildLiteBehavior [ RunTime:0.000000s ]
INFO: [ app_init ] --END-- [ RunTime:0.001000s ]
ERR: SQLSTATE[HY000] [1049] Unknown database 'member'

[ 2017-04-05T17:08:57+08:00 ] ::1 /index.php/home/Index/UserSet
INFO: [ app_init ] --START--
INFO: Run Behavior\BuildLiteBehavior [ RunTime:0.000000s ]
INFO: [ app_init ] --END-- [ RunTime:0.000000s ]
ERR: SQLSTATE[HY000] [1049] Unknown database 'member'

[ 2017-04-05T17:08:58+08:00 ] ::1 /index.php/home/Index/UserSet
INFO: [ app_init ] --START--
INFO: Run Behavior\BuildLiteBehavior [ RunTime:0.000000s ]
INFO: [ app_init ] --END-- [ RunTime:0.001000s ]
ERR: SQLSTATE[HY000] [1049] Unknown database 'member'

[ 2017-04-05T17:08:58+08:00 ] ::1 /index.php/home/Index/UserSet
INFO: [ app_init ] --START--
INFO: Run Behavior\BuildLiteBehavior [ RunTime:0.000000s ]
INFO: [ app_init ] --END-- [ RunTime:0.001000s ]
ERR: SQLSTATE[HY000] [1049] Unknown database 'member'

[ 2017-04-05T17:09:01+08:00 ] ::1 /index.php/home/
INFO: [ app_init ] --START--
INFO: Run Behavior\BuildLiteBehavior [ RunTime:0.000000s ]
INFO: [ app_init ] --END-- [ RunTime:0.001000s ]

[ 2017-04-05T17:09:16+08:00 ] ::1 /index.php/home/Index/manage
INFO: [ app_init ] --START--
INFO: Run Behavior\BuildLiteBehavior [ RunTime:0.000000s ]
INFO: [ app_init ] --END-- [ RunTime:0.001000s ]
ERR: SQLSTATE[HY000] [1049] Unknown database 'member'

[ 2017-04-05T17:09:20+08:00 ] ::1 /index.php/home/Index/manage
INFO: [ app_init ] --START--
INFO: Run Behavior\BuildLiteBehavior [ RunTime:0.000000s ]
INFO: [ app_init ] --END-- [ RunTime:0.001000s ]
ERR: SQLSTATE[HY000] [1049] Unknown database 'member'

[ 2017-04-05T17:17:35+08:00 ] ::1 /
INFO: [ app_init ] --START--
INFO: Run Behavior\BuildLiteBehavior [ RunTime:0.000000s ]
INFO: [ app_init ] --END-- [ RunTime:0.002000s ]

[ 2017-04-05T17:17:37+08:00 ] ::1 /index.php/home/Index/UserSet
INFO: [ app_init ] --START--
INFO: Run Behavior\BuildLiteBehavior [ RunTime:0.000000s ]
INFO: [ app_init ] --END-- [ RunTime:0.001000s ]
ERR: SQLSTATE[HY000] [1049] Unknown database 'member'

[ 2017-04-05T17:17:57+08:00 ] ::1 /index.php/home/Index/UserSet
INFO: [ app_init ] --START--
INFO: Run Behavior\BuildLiteBehavior [ RunTime:0.000000s ]
INFO: [ app_init ] --END-- [ RunTime:0.002000s ]
ERR: SQLSTATE[HY000] [1049] Unknown database 'member'

[ 2017-04-05T17:18:40+08:00 ] ::1 /index.php/home/Index/UserSet
INFO: [ app_init ] --START--
INFO: Run Behavior\BuildLiteBehavior [ RunTime:0.000000s ]
INFO: [ app_init ] --END-- [ RunTime:0.002000s ]
ERR: SQLSTATE[HY000] [1049] Unknown database 'member'

[ 2017-04-05T17:20:21+08:00 ] ::1 /index.php/home/index/manage
INFO: [ app_init ] --START--
INFO: Run Behavior\BuildLiteBehavior [ RunTime:0.000000s ]
INFO: [ app_init ] --END-- [ RunTime:0.001000s ]
ERR: SQLSTATE[HY000] [1049] Unknown database 'member'

[ 2017-04-05T17:20:24+08:00 ] ::1 /index.php/home/index/manage
INFO: [ app_init ] --START--
INFO: Run Behavior\BuildLiteBehavior [ RunTime:0.000000s ]
INFO: [ app_init ] --END-- [ RunTime:0.001000s ]
ERR: SQLSTATE[HY000] [1049] Unknown database 'member'

[ 2017-04-05T17:22:51+08:00 ] ::1 /
INFO: [ app_init ] --START--
INFO: Run Behavior\BuildLiteBehavior [ RunTime:0.000000s ]
INFO: [ app_init ] --END-- [ RunTime:0.002000s ]

[ 2017-04-05T17:22:52+08:00 ] ::1 /index.php/home/Index/UserSet
INFO: [ app_init ] --START--
INFO: Run Behavior\BuildLiteBehavior [ RunTime:0.000000s ]
INFO: [ app_init ] --END-- [ RunTime:0.002000s ]
ERR: SQLSTATE[HY000] [1049] Unknown database 'member'

[ 2017-04-05T17:22:55+08:00 ] ::1 /index.php/home/index/UserSet
INFO: [ app_init ] --START--
INFO: Run Behavior\BuildLiteBehavior [ RunTime:0.000000s ]
INFO: [ app_init ] --END-- [ RunTime:0.001000s ]
ERR: SQLSTATE[HY000] [1049] Unknown database 'member'

[ 2017-04-05T17:27:18+08:00 ] ::1 /index.php/home/Index/UserSet
INFO: [ app_init ] --START--
INFO: Run Behavior\BuildLiteBehavior [ RunTime:0.000000s ]
INFO: [ app_init ] --END-- [ RunTime:0.001000s ]
ERR: SQLSTATE[HY000] [1049] Unknown database 'member'

[ 2017-04-05T17:27:40+08:00 ] ::1 /index.php/home/Index/UserSet
INFO: [ app_init ] --START--
INFO: Run Behavior\BuildLiteBehavior [ RunTime:0.000000s ]
INFO: [ app_init ] --END-- [ RunTime:0.001000s ]
ERR: SQLSTATE[HY000] [1049] Unknown database 'member'

[ 2017-04-05T17:31:43+08:00 ] ::1 /index.php/home/Index/UserSet
INFO: [ app_init ] --START--
INFO: Run Behavior\BuildLiteBehavior [ RunTime:0.000000s ]
INFO: [ app_init ] --END-- [ RunTime:0.001000s ]
ERR: SQLSTATE[HY000] [1049] Unknown database 'member'

[ 2017-04-05T17:31:48+08:00 ] ::1 /index.php/home/Index/UserSet
INFO: [ app_init ] --START--
INFO: Run Behavior\BuildLiteBehavior [ RunTime:0.000000s ]
INFO: [ app_init ] --END-- [ RunTime:0.001000s ]
ERR: SQLSTATE[HY000] [1049] Unknown database 'member'

[ 2017-04-05T17:32:02+08:00 ] ::1 /index.php/home/Index/UserSet
INFO: [ app_init ] --START--
INFO: Run Behavior\BuildLiteBehavior [ RunTime:0.000000s ]
INFO: [ app_init ] --END-- [ RunTime:0.001000s ]
ERR: SQLSTATE[HY000] [1049] Unknown database 'member'

